2017-09-25 16:26:02.961 [http-nio-8083-exec-1] INFO [org.springframework.web.servlet.FrameworkServlet.initServletBean] - FrameworkServlet 'dispatcherServlet': initialization started
2017-09-25 16:26:03.025 [http-nio-8083-exec-1] INFO [org.springframework.web.servlet.FrameworkServlet.initServletBean] - FrameworkServlet 'dispatcherServlet': initialization completed in 4 ms
2017-09-25 16:29:43.652 [Thread-83] INFO [org.springframework.context.support.AbstractApplicationContext.doClose] - Closing org.springframework.context.annotation.AnnotationConfigApplicationContext@162663a: startup date [Mon Sep 25 15:59:24 CST 2017]; root of context hierarchy
2017-09-25 16:29:43.654 [Thread-83] INFO [org.springframework.context.support.AbstractApplicationContext.doClose] - Closing org.springframework.boot.context.embedded.AnnotationConfigEmbeddedWebApplicationContext@2749b8a6: startup date [Mon Sep 25 15:59:25 CST 2017]; parent: org.springframework.context.annotation.AnnotationConfigApplicationContext@162663a
2017-09-25 16:29:43.655 [Thread-83] INFO [org.springframework.cloud.netflix.eureka.EurekaDiscoveryClientConfiguration.stop] - Unregistering application order with eureka with status DOWN
2017-09-25 16:29:43.662 [Thread-83] INFO [org.springframework.context.support.DefaultLifecycleProcessor$LifecycleGroup.stop] - Stopping beans in phase 0
2017-09-25 16:29:43.664 [Thread-83] INFO [org.springframework.jmx.export.MBeanExporter.destroy] - Unregistering JMX-exposed beans on shutdown
2017-09-25 16:29:43.665 [Thread-83] INFO [org.springframework.jmx.support.MBeanRegistrationSupport.unregisterBeans] - Unregistering JMX-exposed beans
2017-09-25 16:29:43.666 [Thread-83] INFO [org.springframework.jmx.export.MBeanExporter.destroy] - Unregistering JMX-exposed beans on shutdown
2017-09-25 16:29:43.666 [Thread-83] INFO [org.springframework.jmx.support.MBeanRegistrationSupport.unregisterBeans] - Unregistering JMX-exposed beans
2017-09-25 16:29:44.399 [restartedMain] INFO [org.springframework.context.support.AbstractApplicationContext.prepareRefresh] - Refreshing org.springframework.context.annotation.AnnotationConfigApplicationContext@786c76d4: startup date [Mon Sep 25 16:29:44 CST 2017]; root of context hierarchy
2017-09-25 16:29:44.426 [restartedMain] INFO [org.springframework.beans.factory.annotation.AutowiredAnnotationBeanPostProcessor.<init>] - JSR-330 'javax.inject.Inject' annotation found and supported for autowiring
2017-09-25 16:29:44.427 [restartedMain] INFO [org.springframework.context.support.PostProcessorRegistrationDelegate$BeanPostProcessorChecker.postProcessAfterInitialization] - Bean 'configurationPropertiesRebinderAutoConfiguration' of type [class org.springframework.cloud.autoconfigure.ConfigurationPropertiesRebinderAutoConfiguration$$EnhancerBySpringCGLIB$$4a9bc04d] is not eligible for getting processed by all BeanPostProcessors (for example: not eligible for auto-proxying)
2017-09-25 16:29:44.665 [restartedMain] INFO [org.springframework.context.support.AbstractApplicationContext.prepareRefresh] - Refreshing org.springframework.boot.context.embedded.AnnotationConfigEmbeddedWebApplicationContext@5cbca37e: startup date [Mon Sep 25 16:29:44 CST 2017]; parent: org.springframework.context.annotation.AnnotationConfigApplicationContext@786c76d4
2017-09-25 16:29:45.171 [restartedMain] INFO [org.springframework.beans.factory.xml.XmlBeanDefinitionReader.loadBeanDefinitions] - Loading XML bean definitions from class path resource [config/default-conf.xml]
2017-09-25 16:29:45.180 [restartedMain] INFO [org.springframework.beans.factory.xml.XmlBeanDefinitionReader.loadBeanDefinitions] - Loading XML bean definitions from class path resource [config/db_transaction.xml]
2017-09-25 16:29:45.305 [restartedMain] INFO [org.springframework.beans.factory.support.DefaultListableBeanFactory.registerBeanDefinition] - Overriding bean definition for bean 'retryTemplate' with a different definition: replacing [Root bean: class [null]; scope=; abstract=false; lazyInit=false; autowireMode=3; dependencyCheck=0; autowireCandidate=true; primary=false; factoryBeanName=org.springframework.cloud.client.loadbalancer.LoadBalancerAutoConfiguration$RetryAutoConfiguration; factoryMethodName=retryTemplate; initMethodName=null; destroyMethodName=(inferred); defined in class path resource [org/springframework/cloud/client/loadbalancer/LoadBalancerAutoConfiguration$RetryAutoConfiguration.class]] with [Root bean: class [null]; scope=; abstract=false; lazyInit=false; autowireMode=3; dependencyCheck=0; autowireCandidate=true; primary=false; factoryBeanName=org.springframework.cloud.netflix.feign.ribbon.FeignRibbonClientAutoConfiguration; factoryMethodName=retryTemplate; initMethodName=null; destroyMethodName=(inferred); defined in class path resource [org/springframework/cloud/netflix/feign/ribbon/FeignRibbonClientAutoConfiguration.class]]
2017-09-25 16:29:45.316 [restartedMain] WARN [org.springframework.context.annotation.ConfigurationClassPostProcessor.enhanceConfigurationClasses] - Cannot enhance @Configuration bean definition 'refreshScope' since its singleton instance has been created too early. The typical cause is a non-static @Bean method with a BeanDefinitionRegistryPostProcessor return type: Consider declaring such methods as 'static'.
2017-09-25 16:29:45.326 [restartedMain] INFO [org.springframework.cloud.context.scope.GenericScope.setSerializationId] - BeanFactory id=deb6f672-f04e-3316-9f52-6ca11747d1f7
2017-09-25 16:29:45.331 [restartedMain] INFO [org.springframework.beans.factory.annotation.AutowiredAnnotationBeanPostProcessor.<init>] - JSR-330 'javax.inject.Inject' annotation found and supported for autowiring
2017-09-25 16:29:45.334 [restartedMain] INFO [org.springframework.context.support.PostProcessorRegistrationDelegate$BeanPostProcessorChecker.postProcessAfterInitialization] - Bean 'org.springframework.boot.autoconfigure.validation.ValidationAutoConfiguration' of type [class org.springframework.boot.autoconfigure.validation.ValidationAutoConfiguration] is not eligible for getting processed by all BeanPostProcessors (for example: not eligible for auto-proxying)
2017-09-25 16:29:45.342 [restartedMain] INFO [org.springframework.context.support.PostProcessorRegistrationDelegate$BeanPostProcessorChecker.postProcessAfterInitialization] - Bean 'validator' of type [class org.springframework.validation.beanvalidation.LocalValidatorFactoryBean] is not eligible for getting processed by all BeanPostProcessors (for example: not eligible for auto-proxying)
2017-09-25 16:29:45.349 [restartedMain] INFO [org.springframework.context.support.PostProcessorRegistrationDelegate$BeanPostProcessorChecker.postProcessAfterInitialization] - Bean 'org.springframework.transaction.annotation.ProxyTransactionManagementConfiguration' of type [class org.springframework.transaction.annotation.ProxyTransactionManagementConfiguration$$EnhancerBySpringCGLIB$$2e81bd50] is not eligible for getting processed by all BeanPostProcessors (for example: not eligible for auto-proxying)
2017-09-25 16:29:45.351 [restartedMain] INFO [org.springframework.context.support.PostProcessorRegistrationDelegate$BeanPostProcessorChecker.postProcessAfterInitialization] - Bean 'org.springframework.cloud.autoconfigure.ConfigurationPropertiesRebinderAutoConfiguration' of type [class org.springframework.cloud.autoconfigure.ConfigurationPropertiesRebinderAutoConfiguration$$EnhancerBySpringCGLIB$$4a9bc04d] is not eligible for getting processed by all BeanPostProcessors (for example: not eligible for auto-proxying)
2017-09-25 16:29:45.600 [restartedMain] INFO [org.springframework.boot.context.embedded.tomcat.TomcatEmbeddedServletContainer.initialize] - Tomcat initialized with port(s): 8082 (http)
2017-09-25 16:29:45.613 [localhost-startStop-1] INFO [org.springframework.boot.context.embedded.EmbeddedWebApplicationContext.prepareEmbeddedWebApplicationContext] - Root WebApplicationContext: initialization completed in 948 ms
2017-09-25 16:29:45.683 [localhost-startStop-1] INFO [org.springframework.boot.web.servlet.ServletRegistrationBean.onStartup] - Mapping servlet: 'dispatcherServlet' to [/]
2017-09-25 16:29:45.683 [localhost-startStop-1] INFO [org.springframework.boot.web.servlet.AbstractFilterRegistrationBean.configure] - Mapping filter: 'metricsFilter' to: [/*]
2017-09-25 16:29:45.684 [localhost-startStop-1] INFO [org.springframework.boot.web.servlet.AbstractFilterRegistrationBean.configure] - Mapping filter: 'characterEncodingFilter' to: [/*]
2017-09-25 16:29:45.684 [localhost-startStop-1] INFO [org.springframework.boot.web.servlet.AbstractFilterRegistrationBean.configure] - Mapping filter: 'webRequestLoggingFilter' to: [/*]
2017-09-25 16:29:45.684 [localhost-startStop-1] INFO [org.springframework.boot.web.servlet.AbstractFilterRegistrationBean.configure] - Mapping filter: 'applicationContextIdFilter' to: [/*]
2017-09-25 16:29:45.733 [restartedMain] INFO [org.springframework.web.servlet.handler.AbstractHandlerMethodMapping$MappingRegistry.register] - Mapped "{[/orderMgr/getOrder]}" onto public java.lang.Object com.module.order.controller.OrderController.getOrder()
2017-09-25 16:29:45.734 [restartedMain] INFO [org.springframework.web.servlet.handler.AbstractHandlerMethodMapping$MappingRegistry.register] - Mapped "{[/error]}" onto public org.springframework.http.ResponseEntity<java.util.Map<java.lang.String, java.lang.Object>> org.springframework.boot.autoconfigure.web.BasicErrorController.error(javax.servlet.http.HttpServletRequest)
2017-09-25 16:29:45.735 [restartedMain] INFO [org.springframework.web.servlet.handler.AbstractHandlerMethodMapping$MappingRegistry.register] - Mapped "{[/error],produces=[text/html]}" onto public org.springframework.web.servlet.ModelAndView org.springframework.boot.autoconfigure.web.BasicErrorController.errorHtml(javax.servlet.http.HttpServletRequest,javax.servlet.http.HttpServletResponse)
2017-09-25 16:29:45.792 [restartedMain] INFO [org.springframework.web.servlet.mvc.method.annotation.RequestMappingHandlerAdapter.initControllerAdviceCache] - Looking for @ControllerAdvice: org.springframework.boot.context.embedded.AnnotationConfigEmbeddedWebApplicationContext@5cbca37e: startup date [Mon Sep 25 16:29:44 CST 2017]; parent: org.springframework.context.annotation.AnnotationConfigApplicationContext@786c76d4
2017-09-25 16:29:46.298 [restartedMain] INFO [org.springframework.web.servlet.handler.AbstractHandlerMethodMapping$MappingRegistry.register] - Mapped "{[/pause || /pause.json],methods=[POST]}" onto public java.lang.Object org.springframework.cloud.endpoint.GenericPostableMvcEndpoint.invoke()
2017-09-25 16:29:46.298 [restartedMain] INFO [org.springframework.web.servlet.handler.AbstractHandlerMethodMapping$MappingRegistry.register] - Mapped "{[/loggers/{name:.*}],methods=[GET],produces=[application/vnd.spring-boot.actuator.v1+json || application/json]}" onto public java.lang.Object org.springframework.boot.actuate.endpoint.mvc.LoggersMvcEndpoint.get(java.lang.String)
2017-09-25 16:29:46.299 [restartedMain] INFO [org.springframework.web.servlet.handler.AbstractHandlerMethodMapping$MappingRegistry.register] - Mapped "{[/loggers/{name:.*}],methods=[POST],consumes=[application/vnd.spring-boot.actuator.v1+json || application/json],produces=[application/vnd.spring-boot.actuator.v1+json || application/json]}" onto public java.lang.Object org.springframework.boot.actuate.endpoint.mvc.LoggersMvcEndpoint.set(java.lang.String,java.util.Map<java.lang.String, java.lang.String>)
2017-09-25 16:29:46.299 [restartedMain] INFO [org.springframework.web.servlet.handler.AbstractHandlerMethodMapping$MappingRegistry.register] - Mapped "{[/loggers || /loggers.json],methods=[GET],produces=[application/vnd.spring-boot.actuator.v1+json || application/json]}" onto public java.lang.Object org.springframework.boot.actuate.endpoint.mvc.EndpointMvcAdapter.invoke()
2017-09-25 16:29:46.300 [restartedMain] INFO [org.springframework.web.servlet.handler.AbstractHandlerMethodMapping$MappingRegistry.register] - Mapped "{[/health || /health.json],methods=[GET],produces=[application/vnd.spring-boot.actuator.v1+json || application/json]}" onto public java.lang.Object org.springframework.boot.actuate.endpoint.mvc.HealthMvcEndpoint.invoke(javax.servlet.http.HttpServletRequest)
2017-09-25 16:29:46.300 [restartedMain] INFO [org.springframework.web.servlet.handler.AbstractHandlerMethodMapping$MappingRegistry.register] - Mapped "{[/heapdump || /heapdump.json],methods=[GET],produces=[application/octet-stream]}" onto public void org.springframework.boot.actuate.endpoint.mvc.HeapdumpMvcEndpoint.invoke(boolean,javax.servlet.http.HttpServletRequest,javax.servlet.http.HttpServletResponse) throws java.io.IOException,javax.servlet.ServletException
2017-09-25 16:29:46.300 [restartedMain] INFO [org.springframework.web.servlet.handler.AbstractHandlerMethodMapping$MappingRegistry.register] - Mapped "{[/info || /info.json],methods=[GET],produces=[application/vnd.spring-boot.actuator.v1+json || application/json]}" onto public java.lang.Object org.springframework.boot.actuate.endpoint.mvc.EndpointMvcAdapter.invoke()
2017-09-25 16:29:46.301 [restartedMain] INFO [org.springframework.web.servlet.handler.AbstractHandlerMethodMapping$MappingRegistry.register] - Mapped "{[/refresh || /refresh.json],methods=[POST]}" onto public java.lang.Object org.springframework.cloud.endpoint.GenericPostableMvcEndpoint.invoke()
2017-09-25 16:29:46.301 [restartedMain] INFO [org.springframework.web.servlet.handler.AbstractHandlerMethodMapping$MappingRegistry.register] - Mapped "{[/restart || /restart.json],methods=[POST]}" onto public java.lang.Object org.springframework.cloud.context.restart.RestartMvcEndpoint.invoke()
2017-09-25 16:29:46.301 [restartedMain] INFO [org.springframework.web.servlet.handler.AbstractHandlerMethodMapping$MappingRegistry.register] - Mapped "{[/auditevents || /auditevents.json],methods=[GET],produces=[application/vnd.spring-boot.actuator.v1+json || application/json]}" onto public org.springframework.http.ResponseEntity<?> org.springframework.boot.actuate.endpoint.mvc.AuditEventsMvcEndpoint.findByPrincipalAndAfterAndType(java.lang.String,java.util.Date,java.lang.String)
2017-09-25 16:29:46.302 [restartedMain] INFO [org.springframework.web.servlet.handler.AbstractHandlerMethodMapping$MappingRegistry.register] - Mapped "{[/configprops || /configprops.json],methods=[GET],produces=[application/vnd.spring-boot.actuator.v1+json || application/json]}" onto public java.lang.Object org.springframework.boot.actuate.endpoint.mvc.EndpointMvcAdapter.invoke()
2017-09-25 16:29:46.302 [restartedMain] INFO [org.springframework.web.servlet.handler.AbstractHandlerMethodMapping$MappingRegistry.register] - Mapped "{[/dump || /dump.json],methods=[GET],produces=[application/vnd.spring-boot.actuator.v1+json || application/json]}" onto public java.lang.Object org.springframework.boot.actuate.endpoint.mvc.EndpointMvcAdapter.invoke()
2017-09-25 16:29:46.303 [restartedMain] INFO [org.springframework.web.servlet.handler.AbstractHandlerMethodMapping$MappingRegistry.register] - Mapped "{[/env/{name:.*}],methods=[GET],produces=[application/vnd.spring-boot.actuator.v1+json || application/json]}" onto public java.lang.Object org.springframework.boot.actuate.endpoint.mvc.EnvironmentMvcEndpoint.value(java.lang.String)
2017-09-25 16:29:46.303 [restartedMain] INFO [org.springframework.web.servlet.handler.AbstractHandlerMethodMapping$MappingRegistry.register] - Mapped "{[/env || /env.json],methods=[GET],produces=[application/vnd.spring-boot.actuator.v1+json || application/json]}" onto public java.lang.Object org.springframework.boot.actuate.endpoint.mvc.EndpointMvcAdapter.invoke()
2017-09-25 16:29:46.303 [restartedMain] INFO [org.springframework.web.servlet.handler.AbstractHandlerMethodMapping$MappingRegistry.register] - Mapped "{[/mappings || /mappings.json],methods=[GET],produces=[application/vnd.spring-boot.actuator.v1+json || application/json]}" onto public java.lang.Object org.springframework.boot.actuate.endpoint.mvc.EndpointMvcAdapter.invoke()
2017-09-25 16:29:46.303 [restartedMain] INFO [org.springframework.web.servlet.handler.AbstractHandlerMethodMapping$MappingRegistry.register] - Mapped "{[/resume || /resume.json],methods=[POST]}" onto public java.lang.Object org.springframework.cloud.endpoint.GenericPostableMvcEndpoint.invoke()
2017-09-25 16:29:46.303 [restartedMain] INFO [org.springframework.web.servlet.handler.AbstractHandlerMethodMapping$MappingRegistry.register] - Mapped "{[/features || /features.json],methods=[GET],produces=[application/vnd.spring-boot.actuator.v1+json || application/json]}" onto public java.lang.Object org.springframework.boot.actuate.endpoint.mvc.EndpointMvcAdapter.invoke()
2017-09-25 16:29:46.304 [restartedMain] INFO [org.springframework.web.servlet.handler.AbstractHandlerMethodMapping$MappingRegistry.register] - Mapped "{[/autoconfig || /autoconfig.json],methods=[GET],produces=[application/vnd.spring-boot.actuator.v1+json || application/json]}" onto public java.lang.Object org.springframework.boot.actuate.endpoint.mvc.EndpointMvcAdapter.invoke()
2017-09-25 16:29:46.304 [restartedMain] INFO [org.springframework.web.servlet.handler.AbstractHandlerMethodMapping$MappingRegistry.register] - Mapped "{[/env],methods=[POST]}" onto public java.lang.Object org.springframework.cloud.context.environment.EnvironmentManagerMvcEndpoint.value(java.util.Map<java.lang.String, java.lang.String>)
2017-09-25 16:29:46.304 [restartedMain] INFO [org.springframework.web.servlet.handler.AbstractHandlerMethodMapping$MappingRegistry.register] - Mapped "{[/env/reset],methods=[POST]}" onto public java.util.Map<java.lang.String, java.lang.Object> org.springframework.cloud.context.environment.EnvironmentManagerMvcEndpoint.reset()
2017-09-25 16:29:46.305 [restartedMain] INFO [org.springframework.web.servlet.handler.AbstractHandlerMethodMapping$MappingRegistry.register] - Mapped "{[/beans || /beans.json],methods=[GET],produces=[application/vnd.spring-boot.actuator.v1+json || application/json]}" onto public java.lang.Object org.springframework.boot.actuate.endpoint.mvc.EndpointMvcAdapter.invoke()
2017-09-25 16:29:46.306 [restartedMain] INFO [org.springframework.web.servlet.handler.AbstractHandlerMethodMapping$MappingRegistry.register] - Mapped "{[/metrics/{name:.*}],methods=[GET],produces=[application/vnd.spring-boot.actuator.v1+json || application/json]}" onto public java.lang.Object org.springframework.boot.actuate.endpoint.mvc.MetricsMvcEndpoint.value(java.lang.String)
2017-09-25 16:29:46.306 [restartedMain] INFO [org.springframework.web.servlet.handler.AbstractHandlerMethodMapping$MappingRegistry.register] - Mapped "{[/metrics || /metrics.json],methods=[GET],produces=[application/vnd.spring-boot.actuator.v1+json || application/json]}" onto public java.lang.Object org.springframework.boot.actuate.endpoint.mvc.EndpointMvcAdapter.invoke()
2017-09-25 16:29:46.307 [restartedMain] INFO [org.springframework.web.servlet.handler.AbstractHandlerMethodMapping$MappingRegistry.register] - Mapped "{[/archaius || /archaius.json],methods=[GET],produces=[application/vnd.spring-boot.actuator.v1+json || application/json]}" onto public java.lang.Object org.springframework.boot.actuate.endpoint.mvc.EndpointMvcAdapter.invoke()
2017-09-25 16:29:46.307 [restartedMain] INFO [org.springframework.web.servlet.handler.AbstractHandlerMethodMapping$MappingRegistry.register] - Mapped "{[/trace || /trace.json],methods=[GET],produces=[application/vnd.spring-boot.actuator.v1+json || application/json]}" onto public java.lang.Object org.springframework.boot.actuate.endpoint.mvc.EndpointMvcAdapter.invoke()
2017-09-25 16:29:46.332 [restartedMain] INFO [org.springframework.ui.freemarker.SpringTemplateLoader.<init>] - SpringTemplateLoader for FreeMarker: using resource loader [org.springframework.boot.context.embedded.AnnotationConfigEmbeddedWebApplicationContext@5cbca37e: startup date [Mon Sep 25 16:29:44 CST 2017]; parent: org.springframework.context.annotation.AnnotationConfigApplicationContext@786c76d4] and template loader path [classpath:/templates/]
2017-09-25 16:29:46.332 [restartedMain] INFO [org.springframework.web.servlet.view.freemarker.FreeMarkerConfigurer.postProcessTemplateLoaders] - ClassTemplateLoader for Spring macros added to FreeMarker configuration
2017-09-25 16:29:46.362 [restartedMain] WARN [org.springframework.boot.devtools.autoconfigure.OptionalLiveReloadServer.startServer] - Unable to start LiveReload server
2017-09-25 16:29:46.527 [restartedMain] INFO [org.springframework.jmx.export.MBeanExporter.afterSingletonsInstantiated] - Registering beans for JMX exposure on startup
2017-09-25 16:29:46.530 [restartedMain] INFO [org.springframework.jmx.export.MBeanExporter.autodetect] - Bean with name 'dataSource' has been autodetected for JMX exposure
2017-09-25 16:29:46.533 [restartedMain] INFO [org.springframework.jmx.export.MBeanExporter.autodetect] - Bean with name 'refreshScope' has been autodetected for JMX exposure
2017-09-25 16:29:46.534 [restartedMain] INFO [org.springframework.jmx.export.MBeanExporter.autodetect] - Bean with name 'environmentManager' has been autodetected for JMX exposure
2017-09-25 16:29:46.535 [restartedMain] INFO [org.springframework.jmx.export.MBeanExporter.autodetect] - Bean with name 'configurationPropertiesRebinder' has been autodetected for JMX exposure
2017-09-25 16:29:46.536 [restartedMain] INFO [org.springframework.jmx.export.MBeanExporter.autodetect] - Bean with name 'refreshEndpoint' has been autodetected for JMX exposure
2017-09-25 16:29:46.536 [restartedMain] INFO [org.springframework.jmx.export.MBeanExporter.autodetect] - Bean with name 'restartEndpoint' has been autodetected for JMX exposure
2017-09-25 16:29:46.538 [restartedMain] INFO [org.springframework.jmx.export.MBeanExporter.registerBeanInstance] - Located managed bean 'environmentManager': registering with JMX server as MBean [org.springframework.cloud.context.environment:name=environmentManager,type=EnvironmentManager]
2017-09-25 16:29:46.550 [restartedMain] INFO [org.springframework.jmx.export.MBeanExporter.registerBeanInstance] - Located managed bean 'restartEndpoint': registering with JMX server as MBean [org.springframework.cloud.context.restart:name=restartEndpoint,type=RestartEndpoint]
2017-09-25 16:29:46.560 [restartedMain] INFO [org.springframework.jmx.export.MBeanExporter.registerBeanInstance] - Located managed bean 'refreshScope': registering with JMX server as MBean [org.springframework.cloud.context.scope.refresh:name=refreshScope,type=RefreshScope]
2017-09-25 16:29:46.568 [restartedMain] INFO [org.springframework.jmx.export.MBeanExporter.registerBeanInstance] - Located managed bean 'configurationPropertiesRebinder': registering with JMX server as MBean [org.springframework.cloud.context.properties:name=configurationPropertiesRebinder,context=5cbca37e,type=ConfigurationPropertiesRebinder]
2017-09-25 16:29:46.572 [restartedMain] INFO [org.springframework.jmx.export.MBeanExporter.registerBeanInstance] - Located MBean 'dataSource': registering with JMX server as MBean [com.alibaba.druid.pool:name=dataSource,type=DruidDataSource]
2017-09-25 16:29:46.585 [restartedMain] INFO [org.springframework.jmx.export.MBeanExporter.registerBeanInstance] - Located managed bean 'refreshEndpoint': registering with JMX server as MBean [org.springframework.cloud.endpoint:name=refreshEndpoint,type=RefreshEndpoint]
2017-09-25 16:29:46.587 [restartedMain] INFO [org.springframework.jmx.export.MBeanExporter.afterSingletonsInstantiated] - Registering beans for JMX exposure on startup
2017-09-25 16:29:46.871 [restartedMain] INFO [org.springframework.context.support.DefaultLifecycleProcessor$LifecycleGroup.start] - Starting beans in phase 0
2017-09-25 16:29:46.874 [restartedMain] INFO [org.springframework.cloud.netflix.eureka.InstanceInfoFactory.create] - Setting initial instance status as: STARTING
2017-09-25 16:29:46.970 [restartedMain] INFO [org.springframework.cloud.netflix.eureka.EurekaDiscoveryClientConfiguration.start] - Registering application order with eureka with status UP
2017-09-25 16:29:46.974 [restartedMain] INFO [org.springframework.jmx.export.MBeanExporter.registerBeanInstance] - Located managed bean 'auditEventsEndpoint': registering with JMX server as MBean [org.springframework.boot:type=Endpoint,name=auditEventsEndpoint]
2017-09-25 16:29:46.980 [restartedMain] INFO [org.springframework.jmx.export.MBeanExporter.registerBeanInstance] - Located managed bean 'featuresEndpoint': registering with JMX server as MBean [org.springframework.boot:type=Endpoint,name=featuresEndpoint]
2017-09-25 16:29:46.983 [restartedMain] INFO [org.springframework.jmx.export.MBeanExporter.registerBeanInstance] - Located managed bean 'requestMappingEndpoint': registering with JMX server as MBean [org.springframework.boot:type=Endpoint,name=requestMappingEndpoint]
2017-09-25 16:29:46.987 [restartedMain] INFO [org.springframework.jmx.export.MBeanExporter.registerBeanInstance] - Located managed bean 'environmentEndpoint': registering with JMX server as MBean [org.springframework.boot:type=Endpoint,name=environmentEndpoint]
2017-09-25 16:29:46.995 [restartedMain] INFO [org.springframework.jmx.export.MBeanExporter.registerBeanInstance] - Located managed bean 'healthEndpoint': registering with JMX server as MBean [org.springframework.boot:type=Endpoint,name=healthEndpoint]
2017-09-25 16:29:46.997 [restartedMain] INFO [org.springframework.jmx.export.MBeanExporter.registerBeanInstance] - Located managed bean 'beansEndpoint': registering with JMX server as MBean [org.springframework.boot:type=Endpoint,name=beansEndpoint]
2017-09-25 16:29:46.999 [restartedMain] INFO [org.springframework.jmx.export.MBeanExporter.registerBeanInstance] - Located managed bean 'infoEndpoint': registering with JMX server as MBean [org.springframework.boot:type=Endpoint,name=infoEndpoint]
2017-09-25 16:29:47.003 [restartedMain] INFO [org.springframework.jmx.export.MBeanExporter.registerBeanInstance] - Located managed bean 'loggersEndpoint': registering with JMX server as MBean [org.springframework.boot:type=Endpoint,name=loggersEndpoint]
2017-09-25 16:29:47.008 [restartedMain] INFO [org.springframework.jmx.export.MBeanExporter.registerBeanInstance] - Located managed bean 'metricsEndpoint': registering with JMX server as MBean [org.springframework.boot:type=Endpoint,name=metricsEndpoint]
2017-09-25 16:29:47.014 [restartedMain] INFO [org.springframework.jmx.export.MBeanExporter.registerBeanInstance] - Located managed bean 'traceEndpoint': registering with JMX server as MBean [org.springframework.boot:type=Endpoint,name=traceEndpoint]
2017-09-25 16:29:47.016 [restartedMain] INFO [org.springframework.jmx.export.MBeanExporter.registerBeanInstance] - Located managed bean 'dumpEndpoint': registering with JMX server as MBean [org.springframework.boot:type=Endpoint,name=dumpEndpoint]
2017-09-25 16:29:47.020 [restartedMain] INFO [org.springframework.jmx.export.MBeanExporter.registerBeanInstance] - Located managed bean 'autoConfigurationReportEndpoint': registering with JMX server as MBean [org.springframework.boot:type=Endpoint,name=autoConfigurationReportEndpoint]
2017-09-25 16:29:47.025 [restartedMain] INFO [org.springframework.jmx.export.MBeanExporter.registerBeanInstance] - Located managed bean 'configurationPropertiesReportEndpoint': registering with JMX server as MBean [org.springframework.boot:type=Endpoint,name=configurationPropertiesReportEndpoint]
2017-09-25 16:29:47.029 [restartedMain] INFO [org.springframework.jmx.export.MBeanExporter.registerBeanInstance] - Located managed bean 'archaiusEndpoint': registering with JMX server as MBean [org.springframework.boot:type=Endpoint,name=archaiusEndpoint]
2017-09-25 16:29:47.042 [restartedMain] INFO [org.springframework.boot.context.embedded.tomcat.TomcatEmbeddedServletContainer.start] - Tomcat started on port(s): 8082 (http)
2017-09-25 16:29:47.045 [restartedMain] INFO [org.springframework.cloud.netflix.eureka.EurekaDiscoveryClientConfiguration.onApplicationEvent] - Updating port to 8082
2017-09-25 16:34:26.821 [AsyncResolver-bootstrap-0] ERROR [com.netflix.discovery.TimedSupervisorTask.run] - task supervisor rejected the task
java.util.concurrent.RejectedExecutionException: Task java.util.concurrent.FutureTask@3f277ac7 rejected from java.util.concurrent.ThreadPoolExecutor@3b18f9fb[Terminated, pool size = 0, active threads = 0, queued tasks = 0, completed tasks = 6]
	at java.util.concurrent.ThreadPoolExecutor$AbortPolicy.rejectedExecution(ThreadPoolExecutor.java:2047) ~[?:1.8.0_111]
	at java.util.concurrent.ThreadPoolExecutor.reject(ThreadPoolExecutor.java:823) ~[?:1.8.0_111]
	at java.util.concurrent.ThreadPoolExecutor.execute(ThreadPoolExecutor.java:1369) ~[?:1.8.0_111]
	at java.util.concurrent.AbstractExecutorService.submit(AbstractExecutorService.java:112) ~[?:1.8.0_111]
	at com.netflix.discovery.TimedSupervisorTask.run(TimedSupervisorTask.java:62) [eureka-client-1.4.12.jar:1.4.12]
	at java.util.concurrent.Executors$RunnableAdapter.call(Executors.java:511) [?:1.8.0_111]
	at java.util.concurrent.FutureTask.run(FutureTask.java:266) [?:1.8.0_111]
	at java.util.concurrent.ScheduledThreadPoolExecutor$ScheduledFutureTask.access$201(ScheduledThreadPoolExecutor.java:180) [?:1.8.0_111]
	at java.util.concurrent.ScheduledThreadPoolExecutor$ScheduledFutureTask.run(ScheduledThreadPoolExecutor.java:293) [?:1.8.0_111]
	at java.util.concurrent.ThreadPoolExecutor.runWorker(ThreadPoolExecutor.java:1142) [?:1.8.0_111]
	at java.util.concurrent.ThreadPoolExecutor$Worker.run(ThreadPoolExecutor.java:617) [?:1.8.0_111]
	at java.lang.Thread.run(Thread.java:745) [?:1.8.0_111]
