2017-09-26 16:27:32.920 [Thread-11] INFO [org.springframework.context.support.AbstractApplicationContext.doClose] - Closing org.springframework.context.annotation.AnnotationConfigApplicationContext@6e59a538: startup date [Tue Sep 26 15:43:11 CST 2017]; root of context hierarchy
2017-09-26 16:27:32.959 [Thread-11] INFO [org.springframework.context.support.AbstractApplicationContext.doClose] - Closing org.springframework.boot.context.embedded.AnnotationConfigEmbeddedWebApplicationContext@59c7d002: startup date [Tue Sep 26 15:43:11 CST 2017]; parent: org.springframework.context.annotation.AnnotationConfigApplicationContext@6e59a538
2017-09-26 16:27:32.962 [Thread-11] INFO [org.springframework.cloud.netflix.eureka.EurekaDiscoveryClientConfiguration.stop] - Unregistering application order with eureka with status DOWN
2017-09-26 16:27:32.994 [Thread-11] INFO [org.springframework.context.support.DefaultLifecycleProcessor$LifecycleGroup.stop] - Stopping beans in phase 0
2017-09-26 16:27:32.999 [Thread-11] INFO [org.springframework.jmx.export.MBeanExporter.destroy] - Unregistering JMX-exposed beans on shutdown
2017-09-26 16:27:33.001 [Thread-11] INFO [org.springframework.jmx.support.MBeanRegistrationSupport.unregisterBeans] - Unregistering JMX-exposed beans
2017-09-26 16:27:33.003 [Thread-11] INFO [org.springframework.jmx.export.MBeanExporter.destroy] - Unregistering JMX-exposed beans on shutdown
2017-09-26 16:27:33.003 [Thread-11] INFO [org.springframework.jmx.support.MBeanRegistrationSupport.unregisterBeans] - Unregistering JMX-exposed beans
2017-09-26 16:27:33.809 [restartedMain] INFO [org.springframework.context.support.AbstractApplicationContext.prepareRefresh] - Refreshing org.springframework.context.annotation.AnnotationConfigApplicationContext@4f2ebdae: startup date [Tue Sep 26 16:27:33 CST 2017]; root of context hierarchy
2017-09-26 16:27:33.841 [restartedMain] INFO [org.springframework.beans.factory.annotation.AutowiredAnnotationBeanPostProcessor.<init>] - JSR-330 'javax.inject.Inject' annotation found and supported for autowiring
2017-09-26 16:27:33.845 [restartedMain] INFO [org.springframework.context.support.PostProcessorRegistrationDelegate$BeanPostProcessorChecker.postProcessAfterInitialization] - Bean 'configurationPropertiesRebinderAutoConfiguration' of type [class org.springframework.cloud.autoconfigure.ConfigurationPropertiesRebinderAutoConfiguration$$EnhancerBySpringCGLIB$$78cd6f48] is not eligible for getting processed by all BeanPostProcessors (for example: not eligible for auto-proxying)
2017-09-26 16:27:34.195 [restartedMain] INFO [org.springframework.context.support.AbstractApplicationContext.prepareRefresh] - Refreshing org.springframework.boot.context.embedded.AnnotationConfigEmbeddedWebApplicationContext@2558d3b3: startup date [Tue Sep 26 16:27:34 CST 2017]; parent: org.springframework.context.annotation.AnnotationConfigApplicationContext@4f2ebdae
2017-09-26 16:27:35.088 [restartedMain] INFO [org.springframework.beans.factory.xml.XmlBeanDefinitionReader.loadBeanDefinitions] - Loading XML bean definitions from class path resource [config/default-conf.xml]
2017-09-26 16:27:35.102 [restartedMain] INFO [org.springframework.beans.factory.xml.XmlBeanDefinitionReader.loadBeanDefinitions] - Loading XML bean definitions from class path resource [config/db_transaction.xml]
2017-09-26 16:27:35.320 [restartedMain] INFO [org.springframework.beans.factory.support.DefaultListableBeanFactory.registerBeanDefinition] - Overriding bean definition for bean 'retryTemplate' with a different definition: replacing [Root bean: class [null]; scope=; abstract=false; lazyInit=false; autowireMode=3; dependencyCheck=0; autowireCandidate=true; primary=false; factoryBeanName=org.springframework.cloud.client.loadbalancer.LoadBalancerAutoConfiguration$RetryAutoConfiguration; factoryMethodName=retryTemplate; initMethodName=null; destroyMethodName=(inferred); defined in class path resource [org/springframework/cloud/client/loadbalancer/LoadBalancerAutoConfiguration$RetryAutoConfiguration.class]] with [Root bean: class [null]; scope=; abstract=false; lazyInit=false; autowireMode=3; dependencyCheck=0; autowireCandidate=true; primary=false; factoryBeanName=org.springframework.cloud.netflix.feign.ribbon.FeignRibbonClientAutoConfiguration; factoryMethodName=retryTemplate; initMethodName=null; destroyMethodName=(inferred); defined in class path resource [org/springframework/cloud/netflix/feign/ribbon/FeignRibbonClientAutoConfiguration.class]]
2017-09-26 16:27:35.353 [restartedMain] WARN [org.springframework.context.annotation.ConfigurationClassPostProcessor.enhanceConfigurationClasses] - Cannot enhance @Configuration bean definition 'refreshScope' since its singleton instance has been created too early. The typical cause is a non-static @Bean method with a BeanDefinitionRegistryPostProcessor return type: Consider declaring such methods as 'static'.
2017-09-26 16:27:35.374 [restartedMain] INFO [org.springframework.cloud.context.scope.GenericScope.setSerializationId] - BeanFactory id=ac449e4b-f189-338b-851d-0fd9e742703e
2017-09-26 16:27:35.384 [restartedMain] INFO [org.springframework.beans.factory.annotation.AutowiredAnnotationBeanPostProcessor.<init>] - JSR-330 'javax.inject.Inject' annotation found and supported for autowiring
2017-09-26 16:27:35.387 [restartedMain] INFO [org.springframework.context.support.PostProcessorRegistrationDelegate$BeanPostProcessorChecker.postProcessAfterInitialization] - Bean 'org.springframework.boot.autoconfigure.validation.ValidationAutoConfiguration' of type [class org.springframework.boot.autoconfigure.validation.ValidationAutoConfiguration] is not eligible for getting processed by all BeanPostProcessors (for example: not eligible for auto-proxying)
2017-09-26 16:27:35.396 [restartedMain] INFO [org.springframework.context.support.PostProcessorRegistrationDelegate$BeanPostProcessorChecker.postProcessAfterInitialization] - Bean 'validator' of type [class org.springframework.validation.beanvalidation.LocalValidatorFactoryBean] is not eligible for getting processed by all BeanPostProcessors (for example: not eligible for auto-proxying)
2017-09-26 16:27:35.410 [restartedMain] INFO [org.springframework.context.support.PostProcessorRegistrationDelegate$BeanPostProcessorChecker.postProcessAfterInitialization] - Bean 'org.springframework.transaction.annotation.ProxyTransactionManagementConfiguration' of type [class org.springframework.transaction.annotation.ProxyTransactionManagementConfiguration$$EnhancerBySpringCGLIB$$5cb36c4b] is not eligible for getting processed by all BeanPostProcessors (for example: not eligible for auto-proxying)
2017-09-26 16:27:35.414 [restartedMain] INFO [org.springframework.context.support.PostProcessorRegistrationDelegate$BeanPostProcessorChecker.postProcessAfterInitialization] - Bean 'org.springframework.cloud.autoconfigure.ConfigurationPropertiesRebinderAutoConfiguration' of type [class org.springframework.cloud.autoconfigure.ConfigurationPropertiesRebinderAutoConfiguration$$EnhancerBySpringCGLIB$$78cd6f48] is not eligible for getting processed by all BeanPostProcessors (for example: not eligible for auto-proxying)
2017-09-26 16:27:35.706 [restartedMain] INFO [org.springframework.boot.context.embedded.tomcat.TomcatEmbeddedServletContainer.initialize] - Tomcat initialized with port(s): 8082 (http)
2017-09-26 16:27:35.719 [localhost-startStop-1] INFO [org.springframework.boot.context.embedded.EmbeddedWebApplicationContext.prepareEmbeddedWebApplicationContext] - Root WebApplicationContext: initialization completed in 1524 ms
2017-09-26 16:27:35.793 [localhost-startStop-1] INFO [org.springframework.boot.web.servlet.ServletRegistrationBean.onStartup] - Mapping servlet: 'dispatcherServlet' to [/]
2017-09-26 16:27:35.793 [localhost-startStop-1] INFO [org.springframework.boot.web.servlet.AbstractFilterRegistrationBean.configure] - Mapping filter: 'metricsFilter' to: [/*]
2017-09-26 16:27:35.796 [localhost-startStop-1] INFO [org.springframework.boot.web.servlet.AbstractFilterRegistrationBean.configure] - Mapping filter: 'characterEncodingFilter' to: [/*]
2017-09-26 16:27:35.796 [localhost-startStop-1] INFO [org.springframework.boot.web.servlet.AbstractFilterRegistrationBean.configure] - Mapping filter: 'webRequestLoggingFilter' to: [/*]
2017-09-26 16:27:35.797 [localhost-startStop-1] INFO [org.springframework.boot.web.servlet.AbstractFilterRegistrationBean.configure] - Mapping filter: 'applicationContextIdFilter' to: [/*]
2017-09-26 16:27:35.887 [restartedMain] INFO [org.springframework.web.servlet.handler.AbstractHandlerMethodMapping$MappingRegistry.register] - Mapped "{[/orderServer/getOrderInfo]}" onto public com.module.order.entity.Order com.module.order.context.server.OrderServer.getOrderInfo(java.lang.String)
2017-09-26 16:27:35.888 [restartedMain] INFO [org.springframework.web.servlet.handler.AbstractHandlerMethodMapping$MappingRegistry.register] - Mapped "{[/orderMgr/getOrder]}" onto public java.lang.Object com.module.order.controller.OrderController.getOrder()
2017-09-26 16:27:35.893 [restartedMain] INFO [org.springframework.web.servlet.handler.AbstractHandlerMethodMapping$MappingRegistry.register] - Mapped "{[/error]}" onto public org.springframework.http.ResponseEntity<java.util.Map<java.lang.String, java.lang.Object>> org.springframework.boot.autoconfigure.web.BasicErrorController.error(javax.servlet.http.HttpServletRequest)
2017-09-26 16:27:35.895 [restartedMain] INFO [org.springframework.web.servlet.handler.AbstractHandlerMethodMapping$MappingRegistry.register] - Mapped "{[/error],produces=[text/html]}" onto public org.springframework.web.servlet.ModelAndView org.springframework.boot.autoconfigure.web.BasicErrorController.errorHtml(javax.servlet.http.HttpServletRequest,javax.servlet.http.HttpServletResponse)
2017-09-26 16:27:35.957 [restartedMain] INFO [org.springframework.web.servlet.mvc.method.annotation.RequestMappingHandlerAdapter.initControllerAdviceCache] - Looking for @ControllerAdvice: org.springframework.boot.context.embedded.AnnotationConfigEmbeddedWebApplicationContext@2558d3b3: startup date [Tue Sep 26 16:27:34 CST 2017]; parent: org.springframework.context.annotation.AnnotationConfigApplicationContext@4f2ebdae
2017-09-26 16:27:36.737 [restartedMain] INFO [org.springframework.web.servlet.handler.AbstractHandlerMethodMapping$MappingRegistry.register] - Mapped "{[/env],methods=[POST]}" onto public java.lang.Object org.springframework.cloud.context.environment.EnvironmentManagerMvcEndpoint.value(java.util.Map<java.lang.String, java.lang.String>)
2017-09-26 16:27:36.738 [restartedMain] INFO [org.springframework.web.servlet.handler.AbstractHandlerMethodMapping$MappingRegistry.register] - Mapped "{[/env/reset],methods=[POST]}" onto public java.util.Map<java.lang.String, java.lang.Object> org.springframework.cloud.context.environment.EnvironmentManagerMvcEndpoint.reset()
2017-09-26 16:27:36.740 [restartedMain] INFO [org.springframework.web.servlet.handler.AbstractHandlerMethodMapping$MappingRegistry.register] - Mapped "{[/autoconfig || /autoconfig.json],methods=[GET],produces=[application/vnd.spring-boot.actuator.v1+json || application/json]}" onto public java.lang.Object org.springframework.boot.actuate.endpoint.mvc.EndpointMvcAdapter.invoke()
2017-09-26 16:27:36.740 [restartedMain] INFO [org.springframework.web.servlet.handler.AbstractHandlerMethodMapping$MappingRegistry.register] - Mapped "{[/pause || /pause.json],methods=[POST]}" onto public java.lang.Object org.springframework.cloud.endpoint.GenericPostableMvcEndpoint.invoke()
2017-09-26 16:27:36.743 [restartedMain] INFO [org.springframework.web.servlet.handler.AbstractHandlerMethodMapping$MappingRegistry.register] - Mapped "{[/heapdump || /heapdump.json],methods=[GET],produces=[application/octet-stream]}" onto public void org.springframework.boot.actuate.endpoint.mvc.HeapdumpMvcEndpoint.invoke(boolean,javax.servlet.http.HttpServletRequest,javax.servlet.http.HttpServletResponse) throws java.io.IOException,javax.servlet.ServletException
2017-09-26 16:27:36.745 [restartedMain] INFO [org.springframework.web.servlet.handler.AbstractHandlerMethodMapping$MappingRegistry.register] - Mapped "{[/auditevents || /auditevents.json],methods=[GET],produces=[application/vnd.spring-boot.actuator.v1+json || application/json]}" onto public org.springframework.http.ResponseEntity<?> org.springframework.boot.actuate.endpoint.mvc.AuditEventsMvcEndpoint.findByPrincipalAndAfterAndType(java.lang.String,java.util.Date,java.lang.String)
2017-09-26 16:27:36.747 [restartedMain] INFO [org.springframework.web.servlet.handler.AbstractHandlerMethodMapping$MappingRegistry.register] - Mapped "{[/loggers/{name:.*}],methods=[GET],produces=[application/vnd.spring-boot.actuator.v1+json || application/json]}" onto public java.lang.Object org.springframework.boot.actuate.endpoint.mvc.LoggersMvcEndpoint.get(java.lang.String)
2017-09-26 16:27:36.748 [restartedMain] INFO [org.springframework.web.servlet.handler.AbstractHandlerMethodMapping$MappingRegistry.register] - Mapped "{[/loggers/{name:.*}],methods=[POST],consumes=[application/vnd.spring-boot.actuator.v1+json || application/json],produces=[application/vnd.spring-boot.actuator.v1+json || application/json]}" onto public java.lang.Object org.springframework.boot.actuate.endpoint.mvc.LoggersMvcEndpoint.set(java.lang.String,java.util.Map<java.lang.String, java.lang.String>)
2017-09-26 16:27:36.748 [restartedMain] INFO [org.springframework.web.servlet.handler.AbstractHandlerMethodMapping$MappingRegistry.register] - Mapped "{[/loggers || /loggers.json],methods=[GET],produces=[application/vnd.spring-boot.actuator.v1+json || application/json]}" onto public java.lang.Object org.springframework.boot.actuate.endpoint.mvc.EndpointMvcAdapter.invoke()
2017-09-26 16:27:36.749 [restartedMain] INFO [org.springframework.web.servlet.handler.AbstractHandlerMethodMapping$MappingRegistry.register] - Mapped "{[/refresh || /refresh.json],methods=[POST]}" onto public java.lang.Object org.springframework.cloud.endpoint.GenericPostableMvcEndpoint.invoke()
2017-09-26 16:27:36.750 [restartedMain] INFO [org.springframework.web.servlet.handler.AbstractHandlerMethodMapping$MappingRegistry.register] - Mapped "{[/restart || /restart.json],methods=[POST]}" onto public java.lang.Object org.springframework.cloud.context.restart.RestartMvcEndpoint.invoke()
2017-09-26 16:27:36.750 [restartedMain] INFO [org.springframework.web.servlet.handler.AbstractHandlerMethodMapping$MappingRegistry.register] - Mapped "{[/archaius || /archaius.json],methods=[GET],produces=[application/vnd.spring-boot.actuator.v1+json || application/json]}" onto public java.lang.Object org.springframework.boot.actuate.endpoint.mvc.EndpointMvcAdapter.invoke()
2017-09-26 16:27:36.752 [restartedMain] INFO [org.springframework.web.servlet.handler.AbstractHandlerMethodMapping$MappingRegistry.register] - Mapped "{[/env/{name:.*}],methods=[GET],produces=[application/vnd.spring-boot.actuator.v1+json || application/json]}" onto public java.lang.Object org.springframework.boot.actuate.endpoint.mvc.EnvironmentMvcEndpoint.value(java.lang.String)
2017-09-26 16:27:36.752 [restartedMain] INFO [org.springframework.web.servlet.handler.AbstractHandlerMethodMapping$MappingRegistry.register] - Mapped "{[/env || /env.json],methods=[GET],produces=[application/vnd.spring-boot.actuator.v1+json || application/json]}" onto public java.lang.Object org.springframework.boot.actuate.endpoint.mvc.EndpointMvcAdapter.invoke()
2017-09-26 16:27:36.753 [restartedMain] INFO [org.springframework.web.servlet.handler.AbstractHandlerMethodMapping$MappingRegistry.register] - Mapped "{[/dump || /dump.json],methods=[GET],produces=[application/vnd.spring-boot.actuator.v1+json || application/json]}" onto public java.lang.Object org.springframework.boot.actuate.endpoint.mvc.EndpointMvcAdapter.invoke()
2017-09-26 16:27:36.754 [restartedMain] INFO [org.springframework.web.servlet.handler.AbstractHandlerMethodMapping$MappingRegistry.register] - Mapped "{[/resume || /resume.json],methods=[POST]}" onto public java.lang.Object org.springframework.cloud.endpoint.GenericPostableMvcEndpoint.invoke()
2017-09-26 16:27:36.755 [restartedMain] INFO [org.springframework.web.servlet.handler.AbstractHandlerMethodMapping$MappingRegistry.register] - Mapped "{[/metrics/{name:.*}],methods=[GET],produces=[application/vnd.spring-boot.actuator.v1+json || application/json]}" onto public java.lang.Object org.springframework.boot.actuate.endpoint.mvc.MetricsMvcEndpoint.value(java.lang.String)
2017-09-26 16:27:36.755 [restartedMain] INFO [org.springframework.web.servlet.handler.AbstractHandlerMethodMapping$MappingRegistry.register] - Mapped "{[/metrics || /metrics.json],methods=[GET],produces=[application/vnd.spring-boot.actuator.v1+json || application/json]}" onto public java.lang.Object org.springframework.boot.actuate.endpoint.mvc.EndpointMvcAdapter.invoke()
2017-09-26 16:27:36.756 [restartedMain] INFO [org.springframework.web.servlet.handler.AbstractHandlerMethodMapping$MappingRegistry.register] - Mapped "{[/health || /health.json],methods=[GET],produces=[application/vnd.spring-boot.actuator.v1+json || application/json]}" onto public java.lang.Object org.springframework.boot.actuate.endpoint.mvc.HealthMvcEndpoint.invoke(javax.servlet.http.HttpServletRequest)
2017-09-26 16:27:36.756 [restartedMain] INFO [org.springframework.web.servlet.handler.AbstractHandlerMethodMapping$MappingRegistry.register] - Mapped "{[/trace || /trace.json],methods=[GET],produces=[application/vnd.spring-boot.actuator.v1+json || application/json]}" onto public java.lang.Object org.springframework.boot.actuate.endpoint.mvc.EndpointMvcAdapter.invoke()
2017-09-26 16:27:36.757 [restartedMain] INFO [org.springframework.web.servlet.handler.AbstractHandlerMethodMapping$MappingRegistry.register] - Mapped "{[/configprops || /configprops.json],methods=[GET],produces=[application/vnd.spring-boot.actuator.v1+json || application/json]}" onto public java.lang.Object org.springframework.boot.actuate.endpoint.mvc.EndpointMvcAdapter.invoke()
2017-09-26 16:27:36.757 [restartedMain] INFO [org.springframework.web.servlet.handler.AbstractHandlerMethodMapping$MappingRegistry.register] - Mapped "{[/beans || /beans.json],methods=[GET],produces=[application/vnd.spring-boot.actuator.v1+json || application/json]}" onto public java.lang.Object org.springframework.boot.actuate.endpoint.mvc.EndpointMvcAdapter.invoke()
2017-09-26 16:27:36.759 [restartedMain] INFO [org.springframework.web.servlet.handler.AbstractHandlerMethodMapping$MappingRegistry.register] - Mapped "{[/features || /features.json],methods=[GET],produces=[application/vnd.spring-boot.actuator.v1+json || application/json]}" onto public java.lang.Object org.springframework.boot.actuate.endpoint.mvc.EndpointMvcAdapter.invoke()
2017-09-26 16:27:36.759 [restartedMain] INFO [org.springframework.web.servlet.handler.AbstractHandlerMethodMapping$MappingRegistry.register] - Mapped "{[/info || /info.json],methods=[GET],produces=[application/vnd.spring-boot.actuator.v1+json || application/json]}" onto public java.lang.Object org.springframework.boot.actuate.endpoint.mvc.EndpointMvcAdapter.invoke()
2017-09-26 16:27:36.760 [restartedMain] INFO [org.springframework.web.servlet.handler.AbstractHandlerMethodMapping$MappingRegistry.register] - Mapped "{[/mappings || /mappings.json],methods=[GET],produces=[application/vnd.spring-boot.actuator.v1+json || application/json]}" onto public java.lang.Object org.springframework.boot.actuate.endpoint.mvc.EndpointMvcAdapter.invoke()
2017-09-26 16:27:36.817 [restartedMain] INFO [org.springframework.ui.freemarker.SpringTemplateLoader.<init>] - SpringTemplateLoader for FreeMarker: using resource loader [org.springframework.boot.context.embedded.AnnotationConfigEmbeddedWebApplicationContext@2558d3b3: startup date [Tue Sep 26 16:27:34 CST 2017]; parent: org.springframework.context.annotation.AnnotationConfigApplicationContext@4f2ebdae] and template loader path [classpath:/templates/]
2017-09-26 16:27:36.817 [restartedMain] INFO [org.springframework.web.servlet.view.freemarker.FreeMarkerConfigurer.postProcessTemplateLoaders] - ClassTemplateLoader for Spring macros added to FreeMarker configuration
2017-09-26 16:27:36.863 [restartedMain] WARN [org.springframework.boot.devtools.autoconfigure.OptionalLiveReloadServer.startServer] - Unable to start LiveReload server
2017-09-26 16:27:37.043 [restartedMain] INFO [org.springframework.jmx.export.MBeanExporter.afterSingletonsInstantiated] - Registering beans for JMX exposure on startup
2017-09-26 16:27:37.048 [restartedMain] INFO [org.springframework.jmx.export.MBeanExporter.autodetect] - Bean with name 'dataSource' has been autodetected for JMX exposure
2017-09-26 16:27:37.052 [restartedMain] INFO [org.springframework.jmx.export.MBeanExporter.autodetect] - Bean with name 'refreshScope' has been autodetected for JMX exposure
2017-09-26 16:27:37.053 [restartedMain] INFO [org.springframework.jmx.export.MBeanExporter.autodetect] - Bean with name 'environmentManager' has been autodetected for JMX exposure
2017-09-26 16:27:37.055 [restartedMain] INFO [org.springframework.jmx.export.MBeanExporter.autodetect] - Bean with name 'configurationPropertiesRebinder' has been autodetected for JMX exposure
2017-09-26 16:27:37.055 [restartedMain] INFO [org.springframework.jmx.export.MBeanExporter.autodetect] - Bean with name 'refreshEndpoint' has been autodetected for JMX exposure
2017-09-26 16:27:37.056 [restartedMain] INFO [org.springframework.jmx.export.MBeanExporter.autodetect] - Bean with name 'restartEndpoint' has been autodetected for JMX exposure
2017-09-26 16:27:37.058 [restartedMain] INFO [org.springframework.jmx.export.MBeanExporter.registerBeanInstance] - Located managed bean 'environmentManager': registering with JMX server as MBean [org.springframework.cloud.context.environment:name=environmentManager,type=EnvironmentManager]
2017-09-26 16:27:37.077 [restartedMain] INFO [org.springframework.jmx.export.MBeanExporter.registerBeanInstance] - Located managed bean 'restartEndpoint': registering with JMX server as MBean [org.springframework.cloud.context.restart:name=restartEndpoint,type=RestartEndpoint]
2017-09-26 16:27:37.097 [restartedMain] INFO [org.springframework.jmx.export.MBeanExporter.registerBeanInstance] - Located managed bean 'refreshScope': registering with JMX server as MBean [org.springframework.cloud.context.scope.refresh:name=refreshScope,type=RefreshScope]
2017-09-26 16:27:37.101 [restartedMain] INFO [org.springframework.jmx.export.MBeanExporter.registerBeanInstance] - Located managed bean 'configurationPropertiesRebinder': registering with JMX server as MBean [org.springframework.cloud.context.properties:name=configurationPropertiesRebinder,context=2558d3b3,type=ConfigurationPropertiesRebinder]
2017-09-26 16:27:37.109 [restartedMain] INFO [org.springframework.jmx.export.MBeanExporter.registerBeanInstance] - Located MBean 'dataSource': registering with JMX server as MBean [com.alibaba.druid.pool:name=dataSource,type=DruidDataSource]
2017-09-26 16:27:37.111 [restartedMain] INFO [org.springframework.jmx.export.MBeanExporter.registerBeanInstance] - Located managed bean 'refreshEndpoint': registering with JMX server as MBean [org.springframework.cloud.endpoint:name=refreshEndpoint,type=RefreshEndpoint]
2017-09-26 16:27:37.113 [restartedMain] INFO [org.springframework.jmx.export.MBeanExporter.afterSingletonsInstantiated] - Registering beans for JMX exposure on startup
2017-09-26 16:27:37.381 [restartedMain] INFO [org.springframework.context.support.DefaultLifecycleProcessor$LifecycleGroup.start] - Starting beans in phase 0
2017-09-26 16:27:37.383 [restartedMain] INFO [org.springframework.cloud.netflix.eureka.InstanceInfoFactory.create] - Setting initial instance status as: STARTING
2017-09-26 16:27:37.472 [restartedMain] INFO [org.springframework.cloud.netflix.eureka.EurekaDiscoveryClientConfiguration.start] - Registering application order with eureka with status UP
2017-09-26 16:27:37.475 [restartedMain] INFO [org.springframework.jmx.export.MBeanExporter.registerBeanInstance] - Located managed bean 'auditEventsEndpoint': registering with JMX server as MBean [org.springframework.boot:type=Endpoint,name=auditEventsEndpoint]
2017-09-26 16:27:37.481 [restartedMain] INFO [org.springframework.jmx.export.MBeanExporter.registerBeanInstance] - Located managed bean 'featuresEndpoint': registering with JMX server as MBean [org.springframework.boot:type=Endpoint,name=featuresEndpoint]
2017-09-26 16:27:37.483 [restartedMain] INFO [org.springframework.jmx.export.MBeanExporter.registerBeanInstance] - Located managed bean 'requestMappingEndpoint': registering with JMX server as MBean [org.springframework.boot:type=Endpoint,name=requestMappingEndpoint]
2017-09-26 16:27:37.485 [restartedMain] INFO [org.springframework.jmx.export.MBeanExporter.registerBeanInstance] - Located managed bean 'environmentEndpoint': registering with JMX server as MBean [org.springframework.boot:type=Endpoint,name=environmentEndpoint]
2017-09-26 16:27:37.487 [restartedMain] INFO [org.springframework.jmx.export.MBeanExporter.registerBeanInstance] - Located managed bean 'healthEndpoint': registering with JMX server as MBean [org.springframework.boot:type=Endpoint,name=healthEndpoint]
2017-09-26 16:27:37.489 [restartedMain] INFO [org.springframework.jmx.export.MBeanExporter.registerBeanInstance] - Located managed bean 'beansEndpoint': registering with JMX server as MBean [org.springframework.boot:type=Endpoint,name=beansEndpoint]
2017-09-26 16:27:37.490 [restartedMain] INFO [org.springframework.jmx.export.MBeanExporter.registerBeanInstance] - Located managed bean 'infoEndpoint': registering with JMX server as MBean [org.springframework.boot:type=Endpoint,name=infoEndpoint]
2017-09-26 16:27:37.491 [restartedMain] INFO [org.springframework.jmx.export.MBeanExporter.registerBeanInstance] - Located managed bean 'loggersEndpoint': registering with JMX server as MBean [org.springframework.boot:type=Endpoint,name=loggersEndpoint]
2017-09-26 16:27:37.493 [restartedMain] INFO [org.springframework.jmx.export.MBeanExporter.registerBeanInstance] - Located managed bean 'metricsEndpoint': registering with JMX server as MBean [org.springframework.boot:type=Endpoint,name=metricsEndpoint]
2017-09-26 16:27:37.496 [restartedMain] INFO [org.springframework.jmx.export.MBeanExporter.registerBeanInstance] - Located managed bean 'traceEndpoint': registering with JMX server as MBean [org.springframework.boot:type=Endpoint,name=traceEndpoint]
2017-09-26 16:27:37.498 [restartedMain] INFO [org.springframework.jmx.export.MBeanExporter.registerBeanInstance] - Located managed bean 'dumpEndpoint': registering with JMX server as MBean [org.springframework.boot:type=Endpoint,name=dumpEndpoint]
2017-09-26 16:27:37.500 [restartedMain] INFO [org.springframework.jmx.export.MBeanExporter.registerBeanInstance] - Located managed bean 'autoConfigurationReportEndpoint': registering with JMX server as MBean [org.springframework.boot:type=Endpoint,name=autoConfigurationReportEndpoint]
2017-09-26 16:27:37.502 [restartedMain] INFO [org.springframework.jmx.export.MBeanExporter.registerBeanInstance] - Located managed bean 'configurationPropertiesReportEndpoint': registering with JMX server as MBean [org.springframework.boot:type=Endpoint,name=configurationPropertiesReportEndpoint]
2017-09-26 16:27:37.503 [restartedMain] INFO [org.springframework.jmx.export.MBeanExporter.registerBeanInstance] - Located managed bean 'archaiusEndpoint': registering with JMX server as MBean [org.springframework.boot:type=Endpoint,name=archaiusEndpoint]
2017-09-26 16:27:37.519 [restartedMain] INFO [org.springframework.boot.context.embedded.tomcat.TomcatEmbeddedServletContainer.start] - Tomcat started on port(s): 8082 (http)
2017-09-26 16:27:37.519 [restartedMain] INFO [org.springframework.cloud.netflix.eureka.EurekaDiscoveryClientConfiguration.onApplicationEvent] - Updating port to 8082
2017-09-26 16:28:13.878 [AsyncResolver-bootstrap-0] ERROR [com.netflix.discovery.TimedSupervisorTask.run] - task supervisor rejected the task
java.util.concurrent.RejectedExecutionException: Task java.util.concurrent.FutureTask@624cad39 rejected from java.util.concurrent.ThreadPoolExecutor@667325a8[Terminated, pool size = 0, active threads = 0, queued tasks = 0, completed tasks = 8]
	at java.util.concurrent.ThreadPoolExecutor$AbortPolicy.rejectedExecution(ThreadPoolExecutor.java:2047) ~[?:1.8.0_111]
	at java.util.concurrent.ThreadPoolExecutor.reject(ThreadPoolExecutor.java:823) ~[?:1.8.0_111]
	at java.util.concurrent.ThreadPoolExecutor.execute(ThreadPoolExecutor.java:1369) ~[?:1.8.0_111]
	at java.util.concurrent.AbstractExecutorService.submit(AbstractExecutorService.java:112) ~[?:1.8.0_111]
	at com.netflix.discovery.TimedSupervisorTask.run(TimedSupervisorTask.java:62) [eureka-client-1.4.12.jar:1.4.12]
	at java.util.concurrent.Executors$RunnableAdapter.call(Executors.java:511) [?:1.8.0_111]
	at java.util.concurrent.FutureTask.run(FutureTask.java:266) [?:1.8.0_111]
	at java.util.concurrent.ScheduledThreadPoolExecutor$ScheduledFutureTask.access$201(ScheduledThreadPoolExecutor.java:180) [?:1.8.0_111]
	at java.util.concurrent.ScheduledThreadPoolExecutor$ScheduledFutureTask.run(ScheduledThreadPoolExecutor.java:293) [?:1.8.0_111]
	at java.util.concurrent.ThreadPoolExecutor.runWorker(ThreadPoolExecutor.java:1142) [?:1.8.0_111]
	at java.util.concurrent.ThreadPoolExecutor$Worker.run(ThreadPoolExecutor.java:617) [?:1.8.0_111]
	at java.lang.Thread.run(Thread.java:745) [?:1.8.0_111]
2017-09-26 16:28:34.816 [Thread-20] INFO [org.springframework.context.support.AbstractApplicationContext.doClose] - Closing org.springframework.context.annotation.AnnotationConfigApplicationContext@4f2ebdae: startup date [Tue Sep 26 16:27:33 CST 2017]; root of context hierarchy
2017-09-26 16:28:34.819 [Thread-20] INFO [org.springframework.context.support.AbstractApplicationContext.doClose] - Closing org.springframework.boot.context.embedded.AnnotationConfigEmbeddedWebApplicationContext@2558d3b3: startup date [Tue Sep 26 16:27:34 CST 2017]; parent: org.springframework.context.annotation.AnnotationConfigApplicationContext@4f2ebdae
2017-09-26 16:28:34.821 [Thread-20] INFO [org.springframework.cloud.netflix.eureka.EurekaDiscoveryClientConfiguration.stop] - Unregistering application order with eureka with status DOWN
2017-09-26 16:28:34.842 [Thread-20] INFO [org.springframework.context.support.DefaultLifecycleProcessor$LifecycleGroup.stop] - Stopping beans in phase 0
2017-09-26 16:28:34.844 [Thread-20] INFO [org.springframework.jmx.export.MBeanExporter.destroy] - Unregistering JMX-exposed beans on shutdown
2017-09-26 16:28:34.844 [Thread-20] INFO [org.springframework.jmx.support.MBeanRegistrationSupport.unregisterBeans] - Unregistering JMX-exposed beans
2017-09-26 16:28:34.845 [Thread-20] INFO [org.springframework.jmx.export.MBeanExporter.destroy] - Unregistering JMX-exposed beans on shutdown
2017-09-26 16:28:34.846 [Thread-20] INFO [org.springframework.jmx.support.MBeanRegistrationSupport.unregisterBeans] - Unregistering JMX-exposed beans
2017-09-26 16:28:35.606 [restartedMain] INFO [org.springframework.context.support.AbstractApplicationContext.prepareRefresh] - Refreshing org.springframework.context.annotation.AnnotationConfigApplicationContext@30c6add7: startup date [Tue Sep 26 16:28:35 CST 2017]; root of context hierarchy
2017-09-26 16:28:35.626 [restartedMain] INFO [org.springframework.beans.factory.annotation.AutowiredAnnotationBeanPostProcessor.<init>] - JSR-330 'javax.inject.Inject' annotation found and supported for autowiring
2017-09-26 16:28:35.627 [restartedMain] INFO [org.springframework.context.support.PostProcessorRegistrationDelegate$BeanPostProcessorChecker.postProcessAfterInitialization] - Bean 'configurationPropertiesRebinderAutoConfiguration' of type [class org.springframework.cloud.autoconfigure.ConfigurationPropertiesRebinderAutoConfiguration$$EnhancerBySpringCGLIB$$78cd6f48] is not eligible for getting processed by all BeanPostProcessors (for example: not eligible for auto-proxying)
2017-09-26 16:28:35.942 [restartedMain] INFO [org.springframework.context.support.AbstractApplicationContext.prepareRefresh] - Refreshing org.springframework.boot.context.embedded.AnnotationConfigEmbeddedWebApplicationContext@1f1a2f4c: startup date [Tue Sep 26 16:28:35 CST 2017]; parent: org.springframework.context.annotation.AnnotationConfigApplicationContext@30c6add7
2017-09-26 16:28:36.701 [restartedMain] INFO [org.springframework.beans.factory.xml.XmlBeanDefinitionReader.loadBeanDefinitions] - Loading XML bean definitions from class path resource [config/default-conf.xml]
2017-09-26 16:28:36.736 [restartedMain] INFO [org.springframework.beans.factory.xml.XmlBeanDefinitionReader.loadBeanDefinitions] - Loading XML bean definitions from class path resource [config/db_transaction.xml]
2017-09-26 16:28:36.997 [restartedMain] INFO [org.springframework.beans.factory.support.DefaultListableBeanFactory.registerBeanDefinition] - Overriding bean definition for bean 'retryTemplate' with a different definition: replacing [Root bean: class [null]; scope=; abstract=false; lazyInit=false; autowireMode=3; dependencyCheck=0; autowireCandidate=true; primary=false; factoryBeanName=org.springframework.cloud.client.loadbalancer.LoadBalancerAutoConfiguration$RetryAutoConfiguration; factoryMethodName=retryTemplate; initMethodName=null; destroyMethodName=(inferred); defined in class path resource [org/springframework/cloud/client/loadbalancer/LoadBalancerAutoConfiguration$RetryAutoConfiguration.class]] with [Root bean: class [null]; scope=; abstract=false; lazyInit=false; autowireMode=3; dependencyCheck=0; autowireCandidate=true; primary=false; factoryBeanName=org.springframework.cloud.netflix.feign.ribbon.FeignRibbonClientAutoConfiguration; factoryMethodName=retryTemplate; initMethodName=null; destroyMethodName=(inferred); defined in class path resource [org/springframework/cloud/netflix/feign/ribbon/FeignRibbonClientAutoConfiguration.class]]
2017-09-26 16:28:37.013 [restartedMain] WARN [org.springframework.context.annotation.ConfigurationClassPostProcessor.enhanceConfigurationClasses] - Cannot enhance @Configuration bean definition 'refreshScope' since its singleton instance has been created too early. The typical cause is a non-static @Bean method with a BeanDefinitionRegistryPostProcessor return type: Consider declaring such methods as 'static'.
2017-09-26 16:28:37.038 [restartedMain] INFO [org.springframework.cloud.context.scope.GenericScope.setSerializationId] - BeanFactory id=ac449e4b-f189-338b-851d-0fd9e742703e
2017-09-26 16:28:37.051 [restartedMain] INFO [org.springframework.beans.factory.annotation.AutowiredAnnotationBeanPostProcessor.<init>] - JSR-330 'javax.inject.Inject' annotation found and supported for autowiring
2017-09-26 16:28:37.059 [restartedMain] INFO [org.springframework.context.support.PostProcessorRegistrationDelegate$BeanPostProcessorChecker.postProcessAfterInitialization] - Bean 'org.springframework.boot.autoconfigure.validation.ValidationAutoConfiguration' of type [class org.springframework.boot.autoconfigure.validation.ValidationAutoConfiguration] is not eligible for getting processed by all BeanPostProcessors (for example: not eligible for auto-proxying)
2017-09-26 16:28:37.068 [restartedMain] INFO [org.springframework.context.support.PostProcessorRegistrationDelegate$BeanPostProcessorChecker.postProcessAfterInitialization] - Bean 'validator' of type [class org.springframework.validation.beanvalidation.LocalValidatorFactoryBean] is not eligible for getting processed by all BeanPostProcessors (for example: not eligible for auto-proxying)
2017-09-26 16:28:37.082 [restartedMain] INFO [org.springframework.context.support.PostProcessorRegistrationDelegate$BeanPostProcessorChecker.postProcessAfterInitialization] - Bean 'org.springframework.transaction.annotation.ProxyTransactionManagementConfiguration' of type [class org.springframework.transaction.annotation.ProxyTransactionManagementConfiguration$$EnhancerBySpringCGLIB$$5cb36c4b] is not eligible for getting processed by all BeanPostProcessors (for example: not eligible for auto-proxying)
2017-09-26 16:28:37.084 [restartedMain] INFO [org.springframework.context.support.PostProcessorRegistrationDelegate$BeanPostProcessorChecker.postProcessAfterInitialization] - Bean 'org.springframework.cloud.autoconfigure.ConfigurationPropertiesRebinderAutoConfiguration' of type [class org.springframework.cloud.autoconfigure.ConfigurationPropertiesRebinderAutoConfiguration$$EnhancerBySpringCGLIB$$78cd6f48] is not eligible for getting processed by all BeanPostProcessors (for example: not eligible for auto-proxying)
2017-09-26 16:28:37.317 [restartedMain] INFO [org.springframework.boot.context.embedded.tomcat.TomcatEmbeddedServletContainer.initialize] - Tomcat initialized with port(s): 8082 (http)
2017-09-26 16:28:37.329 [localhost-startStop-1] INFO [org.springframework.boot.context.embedded.EmbeddedWebApplicationContext.prepareEmbeddedWebApplicationContext] - Root WebApplicationContext: initialization completed in 1387 ms
2017-09-26 16:28:37.442 [localhost-startStop-1] INFO [org.springframework.boot.web.servlet.ServletRegistrationBean.onStartup] - Mapping servlet: 'dispatcherServlet' to [/]
2017-09-26 16:28:37.444 [localhost-startStop-1] INFO [org.springframework.boot.web.servlet.AbstractFilterRegistrationBean.configure] - Mapping filter: 'metricsFilter' to: [/*]
2017-09-26 16:28:37.444 [localhost-startStop-1] INFO [org.springframework.boot.web.servlet.AbstractFilterRegistrationBean.configure] - Mapping filter: 'characterEncodingFilter' to: [/*]
2017-09-26 16:28:37.444 [localhost-startStop-1] INFO [org.springframework.boot.web.servlet.AbstractFilterRegistrationBean.configure] - Mapping filter: 'webRequestLoggingFilter' to: [/*]
2017-09-26 16:28:37.444 [localhost-startStop-1] INFO [org.springframework.boot.web.servlet.AbstractFilterRegistrationBean.configure] - Mapping filter: 'applicationContextIdFilter' to: [/*]
2017-09-26 16:28:37.507 [restartedMain] INFO [org.springframework.web.servlet.handler.AbstractHandlerMethodMapping$MappingRegistry.register] - Mapped "{[/orderServer/getOrderInfo]}" onto public com.module.order.entity.Order com.module.order.context.server.OrderServer.getOrderInfo(java.lang.String)
2017-09-26 16:28:37.508 [restartedMain] INFO [org.springframework.web.servlet.handler.AbstractHandlerMethodMapping$MappingRegistry.register] - Mapped "{[/orderMgr/getOrder]}" onto public java.lang.Object com.module.order.controller.OrderController.getOrder()
2017-09-26 16:28:37.509 [restartedMain] INFO [org.springframework.web.servlet.handler.AbstractHandlerMethodMapping$MappingRegistry.register] - Mapped "{[/error]}" onto public org.springframework.http.ResponseEntity<java.util.Map<java.lang.String, java.lang.Object>> org.springframework.boot.autoconfigure.web.BasicErrorController.error(javax.servlet.http.HttpServletRequest)
2017-09-26 16:28:37.510 [restartedMain] INFO [org.springframework.web.servlet.handler.AbstractHandlerMethodMapping$MappingRegistry.register] - Mapped "{[/error],produces=[text/html]}" onto public org.springframework.web.servlet.ModelAndView org.springframework.boot.autoconfigure.web.BasicErrorController.errorHtml(javax.servlet.http.HttpServletRequest,javax.servlet.http.HttpServletResponse)
2017-09-26 16:28:37.536 [restartedMain] INFO [org.springframework.web.servlet.mvc.method.annotation.RequestMappingHandlerAdapter.initControllerAdviceCache] - Looking for @ControllerAdvice: org.springframework.boot.context.embedded.AnnotationConfigEmbeddedWebApplicationContext@1f1a2f4c: startup date [Tue Sep 26 16:28:35 CST 2017]; parent: org.springframework.context.annotation.AnnotationConfigApplicationContext@30c6add7
2017-09-26 16:28:38.066 [restartedMain] INFO [org.springframework.web.servlet.handler.AbstractHandlerMethodMapping$MappingRegistry.register] - Mapped "{[/health || /health.json],methods=[GET],produces=[application/vnd.spring-boot.actuator.v1+json || application/json]}" onto public java.lang.Object org.springframework.boot.actuate.endpoint.mvc.HealthMvcEndpoint.invoke(javax.servlet.http.HttpServletRequest)
2017-09-26 16:28:38.067 [restartedMain] INFO [org.springframework.web.servlet.handler.AbstractHandlerMethodMapping$MappingRegistry.register] - Mapped "{[/pause || /pause.json],methods=[POST]}" onto public java.lang.Object org.springframework.cloud.endpoint.GenericPostableMvcEndpoint.invoke()
2017-09-26 16:28:38.068 [restartedMain] INFO [org.springframework.web.servlet.handler.AbstractHandlerMethodMapping$MappingRegistry.register] - Mapped "{[/info || /info.json],methods=[GET],produces=[application/vnd.spring-boot.actuator.v1+json || application/json]}" onto public java.lang.Object org.springframework.boot.actuate.endpoint.mvc.EndpointMvcAdapter.invoke()
2017-09-26 16:28:38.068 [restartedMain] INFO [org.springframework.web.servlet.handler.AbstractHandlerMethodMapping$MappingRegistry.register] - Mapped "{[/mappings || /mappings.json],methods=[GET],produces=[application/vnd.spring-boot.actuator.v1+json || application/json]}" onto public java.lang.Object org.springframework.boot.actuate.endpoint.mvc.EndpointMvcAdapter.invoke()
2017-09-26 16:28:38.069 [restartedMain] INFO [org.springframework.web.servlet.handler.AbstractHandlerMethodMapping$MappingRegistry.register] - Mapped "{[/metrics/{name:.*}],methods=[GET],produces=[application/vnd.spring-boot.actuator.v1+json || application/json]}" onto public java.lang.Object org.springframework.boot.actuate.endpoint.mvc.MetricsMvcEndpoint.value(java.lang.String)
2017-09-26 16:28:38.069 [restartedMain] INFO [org.springframework.web.servlet.handler.AbstractHandlerMethodMapping$MappingRegistry.register] - Mapped "{[/metrics || /metrics.json],methods=[GET],produces=[application/vnd.spring-boot.actuator.v1+json || application/json]}" onto public java.lang.Object org.springframework.boot.actuate.endpoint.mvc.EndpointMvcAdapter.invoke()
2017-09-26 16:28:38.070 [restartedMain] INFO [org.springframework.web.servlet.handler.AbstractHandlerMethodMapping$MappingRegistry.register] - Mapped "{[/restart || /restart.json],methods=[POST]}" onto public java.lang.Object org.springframework.cloud.context.restart.RestartMvcEndpoint.invoke()
2017-09-26 16:28:38.070 [restartedMain] INFO [org.springframework.web.servlet.handler.AbstractHandlerMethodMapping$MappingRegistry.register] - Mapped "{[/env/{name:.*}],methods=[GET],produces=[application/vnd.spring-boot.actuator.v1+json || application/json]}" onto public java.lang.Object org.springframework.boot.actuate.endpoint.mvc.EnvironmentMvcEndpoint.value(java.lang.String)
2017-09-26 16:28:38.071 [restartedMain] INFO [org.springframework.web.servlet.handler.AbstractHandlerMethodMapping$MappingRegistry.register] - Mapped "{[/env || /env.json],methods=[GET],produces=[application/vnd.spring-boot.actuator.v1+json || application/json]}" onto public java.lang.Object org.springframework.boot.actuate.endpoint.mvc.EndpointMvcAdapter.invoke()
2017-09-26 16:28:38.072 [restartedMain] INFO [org.springframework.web.servlet.handler.AbstractHandlerMethodMapping$MappingRegistry.register] - Mapped "{[/autoconfig || /autoconfig.json],methods=[GET],produces=[application/vnd.spring-boot.actuator.v1+json || application/json]}" onto public java.lang.Object org.springframework.boot.actuate.endpoint.mvc.EndpointMvcAdapter.invoke()
2017-09-26 16:28:38.072 [restartedMain] INFO [org.springframework.web.servlet.handler.AbstractHandlerMethodMapping$MappingRegistry.register] - Mapped "{[/env],methods=[POST]}" onto public java.lang.Object org.springframework.cloud.context.environment.EnvironmentManagerMvcEndpoint.value(java.util.Map<java.lang.String, java.lang.String>)
2017-09-26 16:28:38.073 [restartedMain] INFO [org.springframework.web.servlet.handler.AbstractHandlerMethodMapping$MappingRegistry.register] - Mapped "{[/env/reset],methods=[POST]}" onto public java.util.Map<java.lang.String, java.lang.Object> org.springframework.cloud.context.environment.EnvironmentManagerMvcEndpoint.reset()
2017-09-26 16:28:38.076 [restartedMain] INFO [org.springframework.web.servlet.handler.AbstractHandlerMethodMapping$MappingRegistry.register] - Mapped "{[/auditevents || /auditevents.json],methods=[GET],produces=[application/vnd.spring-boot.actuator.v1+json || application/json]}" onto public org.springframework.http.ResponseEntity<?> org.springframework.boot.actuate.endpoint.mvc.AuditEventsMvcEndpoint.findByPrincipalAndAfterAndType(java.lang.String,java.util.Date,java.lang.String)
2017-09-26 16:28:38.078 [restartedMain] INFO [org.springframework.web.servlet.handler.AbstractHandlerMethodMapping$MappingRegistry.register] - Mapped "{[/resume || /resume.json],methods=[POST]}" onto public java.lang.Object org.springframework.cloud.endpoint.GenericPostableMvcEndpoint.invoke()
2017-09-26 16:28:38.078 [restartedMain] INFO [org.springframework.web.servlet.handler.AbstractHandlerMethodMapping$MappingRegistry.register] - Mapped "{[/refresh || /refresh.json],methods=[POST]}" onto public java.lang.Object org.springframework.cloud.endpoint.GenericPostableMvcEndpoint.invoke()
2017-09-26 16:28:38.079 [restartedMain] INFO [org.springframework.web.servlet.handler.AbstractHandlerMethodMapping$MappingRegistry.register] - Mapped "{[/heapdump || /heapdump.json],methods=[GET],produces=[application/octet-stream]}" onto public void org.springframework.boot.actuate.endpoint.mvc.HeapdumpMvcEndpoint.invoke(boolean,javax.servlet.http.HttpServletRequest,javax.servlet.http.HttpServletResponse) throws java.io.IOException,javax.servlet.ServletException
2017-09-26 16:28:38.080 [restartedMain] INFO [org.springframework.web.servlet.handler.AbstractHandlerMethodMapping$MappingRegistry.register] - Mapped "{[/beans || /beans.json],methods=[GET],produces=[application/vnd.spring-boot.actuator.v1+json || application/json]}" onto public java.lang.Object org.springframework.boot.actuate.endpoint.mvc.EndpointMvcAdapter.invoke()
2017-09-26 16:28:38.081 [restartedMain] INFO [org.springframework.web.servlet.handler.AbstractHandlerMethodMapping$MappingRegistry.register] - Mapped "{[/loggers/{name:.*}],methods=[GET],produces=[application/vnd.spring-boot.actuator.v1+json || application/json]}" onto public java.lang.Object org.springframework.boot.actuate.endpoint.mvc.LoggersMvcEndpoint.get(java.lang.String)
2017-09-26 16:28:38.081 [restartedMain] INFO [org.springframework.web.servlet.handler.AbstractHandlerMethodMapping$MappingRegistry.register] - Mapped "{[/loggers/{name:.*}],methods=[POST],consumes=[application/vnd.spring-boot.actuator.v1+json || application/json],produces=[application/vnd.spring-boot.actuator.v1+json || application/json]}" onto public java.lang.Object org.springframework.boot.actuate.endpoint.mvc.LoggersMvcEndpoint.set(java.lang.String,java.util.Map<java.lang.String, java.lang.String>)
2017-09-26 16:28:38.082 [restartedMain] INFO [org.springframework.web.servlet.handler.AbstractHandlerMethodMapping$MappingRegistry.register] - Mapped "{[/loggers || /loggers.json],methods=[GET],produces=[application/vnd.spring-boot.actuator.v1+json || application/json]}" onto public java.lang.Object org.springframework.boot.actuate.endpoint.mvc.EndpointMvcAdapter.invoke()
2017-09-26 16:28:38.082 [restartedMain] INFO [org.springframework.web.servlet.handler.AbstractHandlerMethodMapping$MappingRegistry.register] - Mapped "{[/trace || /trace.json],methods=[GET],produces=[application/vnd.spring-boot.actuator.v1+json || application/json]}" onto public java.lang.Object org.springframework.boot.actuate.endpoint.mvc.EndpointMvcAdapter.invoke()
2017-09-26 16:28:38.083 [restartedMain] INFO [org.springframework.web.servlet.handler.AbstractHandlerMethodMapping$MappingRegistry.register] - Mapped "{[/archaius || /archaius.json],methods=[GET],produces=[application/vnd.spring-boot.actuator.v1+json || application/json]}" onto public java.lang.Object org.springframework.boot.actuate.endpoint.mvc.EndpointMvcAdapter.invoke()
2017-09-26 16:28:38.083 [restartedMain] INFO [org.springframework.web.servlet.handler.AbstractHandlerMethodMapping$MappingRegistry.register] - Mapped "{[/features || /features.json],methods=[GET],produces=[application/vnd.spring-boot.actuator.v1+json || application/json]}" onto public java.lang.Object org.springframework.boot.actuate.endpoint.mvc.EndpointMvcAdapter.invoke()
2017-09-26 16:28:38.084 [restartedMain] INFO [org.springframework.web.servlet.handler.AbstractHandlerMethodMapping$MappingRegistry.register] - Mapped "{[/dump || /dump.json],methods=[GET],produces=[application/vnd.spring-boot.actuator.v1+json || application/json]}" onto public java.lang.Object org.springframework.boot.actuate.endpoint.mvc.EndpointMvcAdapter.invoke()
2017-09-26 16:28:38.084 [restartedMain] INFO [org.springframework.web.servlet.handler.AbstractHandlerMethodMapping$MappingRegistry.register] - Mapped "{[/configprops || /configprops.json],methods=[GET],produces=[application/vnd.spring-boot.actuator.v1+json || application/json]}" onto public java.lang.Object org.springframework.boot.actuate.endpoint.mvc.EndpointMvcAdapter.invoke()
2017-09-26 16:28:38.140 [restartedMain] INFO [org.springframework.ui.freemarker.SpringTemplateLoader.<init>] - SpringTemplateLoader for FreeMarker: using resource loader [org.springframework.boot.context.embedded.AnnotationConfigEmbeddedWebApplicationContext@1f1a2f4c: startup date [Tue Sep 26 16:28:35 CST 2017]; parent: org.springframework.context.annotation.AnnotationConfigApplicationContext@30c6add7] and template loader path [classpath:/templates/]
2017-09-26 16:28:38.141 [restartedMain] INFO [org.springframework.web.servlet.view.freemarker.FreeMarkerConfigurer.postProcessTemplateLoaders] - ClassTemplateLoader for Spring macros added to FreeMarker configuration
2017-09-26 16:28:38.164 [restartedMain] WARN [org.springframework.boot.devtools.autoconfigure.OptionalLiveReloadServer.startServer] - Unable to start LiveReload server
2017-09-26 16:28:38.285 [restartedMain] INFO [org.springframework.jmx.export.MBeanExporter.afterSingletonsInstantiated] - Registering beans for JMX exposure on startup
2017-09-26 16:28:38.286 [restartedMain] INFO [org.springframework.jmx.export.MBeanExporter.autodetect] - Bean with name 'dataSource' has been autodetected for JMX exposure
2017-09-26 16:28:38.287 [restartedMain] INFO [org.springframework.jmx.export.MBeanExporter.autodetect] - Bean with name 'refreshScope' has been autodetected for JMX exposure
2017-09-26 16:28:38.288 [restartedMain] INFO [org.springframework.jmx.export.MBeanExporter.autodetect] - Bean with name 'environmentManager' has been autodetected for JMX exposure
2017-09-26 16:28:38.288 [restartedMain] INFO [org.springframework.jmx.export.MBeanExporter.autodetect] - Bean with name 'configurationPropertiesRebinder' has been autodetected for JMX exposure
2017-09-26 16:28:38.289 [restartedMain] INFO [org.springframework.jmx.export.MBeanExporter.autodetect] - Bean with name 'refreshEndpoint' has been autodetected for JMX exposure
2017-09-26 16:28:38.289 [restartedMain] INFO [org.springframework.jmx.export.MBeanExporter.autodetect] - Bean with name 'restartEndpoint' has been autodetected for JMX exposure
2017-09-26 16:28:38.292 [restartedMain] INFO [org.springframework.jmx.export.MBeanExporter.registerBeanInstance] - Located managed bean 'environmentManager': registering with JMX server as MBean [org.springframework.cloud.context.environment:name=environmentManager,type=EnvironmentManager]
2017-09-26 16:28:38.294 [restartedMain] INFO [org.springframework.jmx.export.MBeanExporter.registerBeanInstance] - Located managed bean 'restartEndpoint': registering with JMX server as MBean [org.springframework.cloud.context.restart:name=restartEndpoint,type=RestartEndpoint]
2017-09-26 16:28:38.297 [restartedMain] INFO [org.springframework.jmx.export.MBeanExporter.registerBeanInstance] - Located managed bean 'refreshScope': registering with JMX server as MBean [org.springframework.cloud.context.scope.refresh:name=refreshScope,type=RefreshScope]
2017-09-26 16:28:38.298 [restartedMain] INFO [org.springframework.jmx.export.MBeanExporter.registerBeanInstance] - Located managed bean 'configurationPropertiesRebinder': registering with JMX server as MBean [org.springframework.cloud.context.properties:name=configurationPropertiesRebinder,context=1f1a2f4c,type=ConfigurationPropertiesRebinder]
2017-09-26 16:28:38.300 [restartedMain] INFO [org.springframework.jmx.export.MBeanExporter.registerBeanInstance] - Located MBean 'dataSource': registering with JMX server as MBean [com.alibaba.druid.pool:name=dataSource,type=DruidDataSource]
2017-09-26 16:28:38.302 [restartedMain] INFO [org.springframework.jmx.export.MBeanExporter.registerBeanInstance] - Located managed bean 'refreshEndpoint': registering with JMX server as MBean [org.springframework.cloud.endpoint:name=refreshEndpoint,type=RefreshEndpoint]
2017-09-26 16:28:38.303 [restartedMain] INFO [org.springframework.jmx.export.MBeanExporter.afterSingletonsInstantiated] - Registering beans for JMX exposure on startup
2017-09-26 16:28:38.475 [restartedMain] INFO [org.springframework.context.support.DefaultLifecycleProcessor$LifecycleGroup.start] - Starting beans in phase 0
2017-09-26 16:28:38.477 [restartedMain] INFO [org.springframework.cloud.netflix.eureka.InstanceInfoFactory.create] - Setting initial instance status as: STARTING
2017-09-26 16:28:38.565 [restartedMain] INFO [org.springframework.cloud.netflix.eureka.EurekaDiscoveryClientConfiguration.start] - Registering application order with eureka with status UP
2017-09-26 16:28:38.568 [restartedMain] INFO [org.springframework.jmx.export.MBeanExporter.registerBeanInstance] - Located managed bean 'auditEventsEndpoint': registering with JMX server as MBean [org.springframework.boot:type=Endpoint,name=auditEventsEndpoint]
2017-09-26 16:28:38.572 [restartedMain] INFO [org.springframework.jmx.export.MBeanExporter.registerBeanInstance] - Located managed bean 'featuresEndpoint': registering with JMX server as MBean [org.springframework.boot:type=Endpoint,name=featuresEndpoint]
2017-09-26 16:28:38.583 [restartedMain] INFO [org.springframework.jmx.export.MBeanExporter.registerBeanInstance] - Located managed bean 'requestMappingEndpoint': registering with JMX server as MBean [org.springframework.boot:type=Endpoint,name=requestMappingEndpoint]
2017-09-26 16:28:38.585 [restartedMain] INFO [org.springframework.jmx.export.MBeanExporter.registerBeanInstance] - Located managed bean 'environmentEndpoint': registering with JMX server as MBean [org.springframework.boot:type=Endpoint,name=environmentEndpoint]
2017-09-26 16:28:38.597 [restartedMain] INFO [org.springframework.jmx.export.MBeanExporter.registerBeanInstance] - Located managed bean 'healthEndpoint': registering with JMX server as MBean [org.springframework.boot:type=Endpoint,name=healthEndpoint]
2017-09-26 16:28:38.601 [restartedMain] INFO [org.springframework.jmx.export.MBeanExporter.registerBeanInstance] - Located managed bean 'beansEndpoint': registering with JMX server as MBean [org.springframework.boot:type=Endpoint,name=beansEndpoint]
2017-09-26 16:28:38.604 [restartedMain] INFO [org.springframework.jmx.export.MBeanExporter.registerBeanInstance] - Located managed bean 'infoEndpoint': registering with JMX server as MBean [org.springframework.boot:type=Endpoint,name=infoEndpoint]
2017-09-26 16:28:38.606 [restartedMain] INFO [org.springframework.jmx.export.MBeanExporter.registerBeanInstance] - Located managed bean 'loggersEndpoint': registering with JMX server as MBean [org.springframework.boot:type=Endpoint,name=loggersEndpoint]
2017-09-26 16:28:38.611 [restartedMain] INFO [org.springframework.jmx.export.MBeanExporter.registerBeanInstance] - Located managed bean 'metricsEndpoint': registering with JMX server as MBean [org.springframework.boot:type=Endpoint,name=metricsEndpoint]
2017-09-26 16:28:38.612 [restartedMain] INFO [org.springframework.jmx.export.MBeanExporter.registerBeanInstance] - Located managed bean 'traceEndpoint': registering with JMX server as MBean [org.springframework.boot:type=Endpoint,name=traceEndpoint]
2017-09-26 16:28:38.614 [restartedMain] INFO [org.springframework.jmx.export.MBeanExporter.registerBeanInstance] - Located managed bean 'dumpEndpoint': registering with JMX server as MBean [org.springframework.boot:type=Endpoint,name=dumpEndpoint]
2017-09-26 16:28:38.615 [restartedMain] INFO [org.springframework.jmx.export.MBeanExporter.registerBeanInstance] - Located managed bean 'autoConfigurationReportEndpoint': registering with JMX server as MBean [org.springframework.boot:type=Endpoint,name=autoConfigurationReportEndpoint]
2017-09-26 16:28:38.617 [restartedMain] INFO [org.springframework.jmx.export.MBeanExporter.registerBeanInstance] - Located managed bean 'configurationPropertiesReportEndpoint': registering with JMX server as MBean [org.springframework.boot:type=Endpoint,name=configurationPropertiesReportEndpoint]
2017-09-26 16:28:38.619 [restartedMain] INFO [org.springframework.jmx.export.MBeanExporter.registerBeanInstance] - Located managed bean 'archaiusEndpoint': registering with JMX server as MBean [org.springframework.boot:type=Endpoint,name=archaiusEndpoint]
2017-09-26 16:28:38.630 [restartedMain] INFO [org.springframework.boot.context.embedded.tomcat.TomcatEmbeddedServletContainer.start] - Tomcat started on port(s): 8082 (http)
2017-09-26 16:28:38.631 [restartedMain] INFO [org.springframework.cloud.netflix.eureka.EurekaDiscoveryClientConfiguration.onApplicationEvent] - Updating port to 8082
2017-09-26 16:28:49.824 [http-nio-8082-exec-1] INFO [org.springframework.web.servlet.FrameworkServlet.initServletBean] - FrameworkServlet 'dispatcherServlet': initialization started
2017-09-26 16:28:49.828 [http-nio-8082-exec-1] INFO [org.springframework.web.servlet.FrameworkServlet.initServletBean] - FrameworkServlet 'dispatcherServlet': initialization completed in 4 ms
2017-09-26 16:32:37.474 [AsyncResolver-bootstrap-0] ERROR [com.netflix.discovery.TimedSupervisorTask.run] - task supervisor rejected the task
java.util.concurrent.RejectedExecutionException: Task java.util.concurrent.FutureTask@744f53a2 rejected from java.util.concurrent.ThreadPoolExecutor@7a88a35b[Terminated, pool size = 0, active threads = 0, queued tasks = 0, completed tasks = 0]
	at java.util.concurrent.ThreadPoolExecutor$AbortPolicy.rejectedExecution(ThreadPoolExecutor.java:2047) ~[?:1.8.0_111]
	at java.util.concurrent.ThreadPoolExecutor.reject(ThreadPoolExecutor.java:823) ~[?:1.8.0_111]
	at java.util.concurrent.ThreadPoolExecutor.execute(ThreadPoolExecutor.java:1369) ~[?:1.8.0_111]
	at java.util.concurrent.AbstractExecutorService.submit(AbstractExecutorService.java:112) ~[?:1.8.0_111]
	at com.netflix.discovery.TimedSupervisorTask.run(TimedSupervisorTask.java:62) [eureka-client-1.4.12.jar:1.4.12]
	at java.util.concurrent.Executors$RunnableAdapter.call(Executors.java:511) [?:1.8.0_111]
	at java.util.concurrent.FutureTask.run(FutureTask.java:266) [?:1.8.0_111]
	at java.util.concurrent.ScheduledThreadPoolExecutor$ScheduledFutureTask.access$201(ScheduledThreadPoolExecutor.java:180) [?:1.8.0_111]
	at java.util.concurrent.ScheduledThreadPoolExecutor$ScheduledFutureTask.run(ScheduledThreadPoolExecutor.java:293) [?:1.8.0_111]
	at java.util.concurrent.ThreadPoolExecutor.runWorker(ThreadPoolExecutor.java:1142) [?:1.8.0_111]
	at java.util.concurrent.ThreadPoolExecutor$Worker.run(ThreadPoolExecutor.java:617) [?:1.8.0_111]
	at java.lang.Thread.run(Thread.java:745) [?:1.8.0_111]
