2017-09-25 16:34:26.821 [AsyncResolver-bootstrap-0] ERROR [com.netflix.discovery.TimedSupervisorTask.run:76] - task supervisor rejected the task java.util.concurrent.RejectedExecutionException: Task java.util.concurrent.FutureTask@3f277ac7 rejected from java.util.concurrent.ThreadPoolExecutor@3b18f9fb[Terminated, pool size = 0, active threads = 0, queued tasks = 0, completed tasks = 6]
	at java.util.concurrent.ThreadPoolExecutor$AbortPolicy.rejectedExecution(ThreadPoolExecutor.java:2047) ~[?:1.8.0_111]
	at java.util.concurrent.ThreadPoolExecutor.reject(ThreadPoolExecutor.java:823) ~[?:1.8.0_111]
	at java.util.concurrent.ThreadPoolExecutor.execute(ThreadPoolExecutor.java:1369) ~[?:1.8.0_111]
	at java.util.concurrent.AbstractExecutorService.submit(AbstractExecutorService.java:112) ~[?:1.8.0_111]
	at com.netflix.discovery.TimedSupervisorTask.run(TimedSupervisorTask.java:62) [eureka-client-1.4.12.jar:1.4.12]
	at java.util.concurrent.Executors$RunnableAdapter.call(Executors.java:511) [?:1.8.0_111]
	at java.util.concurrent.FutureTask.run(FutureTask.java:266) [?:1.8.0_111]
	at java.util.concurrent.ScheduledThreadPoolExecutor$ScheduledFutureTask.access$201(ScheduledThreadPoolExecutor.java:180) [?:1.8.0_111]
	at java.util.concurrent.ScheduledThreadPoolExecutor$ScheduledFutureTask.run(ScheduledThreadPoolExecutor.java:293) [?:1.8.0_111]
	at java.util.concurrent.ThreadPoolExecutor.runWorker(ThreadPoolExecutor.java:1142) [?:1.8.0_111]
	at java.util.concurrent.ThreadPoolExecutor$Worker.run(ThreadPoolExecutor.java:617) [?:1.8.0_111]
	at java.lang.Thread.run(Thread.java:745) [?:1.8.0_111]

2017-09-25 17:58:45.510 [AsyncResolver-bootstrap-0] ERROR [com.netflix.discovery.TimedSupervisorTask.run:76] - task supervisor rejected the task java.util.concurrent.RejectedExecutionException: Task java.util.concurrent.FutureTask@75cdc0d7 rejected from java.util.concurrent.ThreadPoolExecutor@71f25ab6[Terminated, pool size = 0, active threads = 0, queued tasks = 0, completed tasks = 8]
	at java.util.concurrent.ThreadPoolExecutor$AbortPolicy.rejectedExecution(ThreadPoolExecutor.java:2047) ~[?:1.8.0_111]
	at java.util.concurrent.ThreadPoolExecutor.reject(ThreadPoolExecutor.java:823) ~[?:1.8.0_111]
	at java.util.concurrent.ThreadPoolExecutor.execute(ThreadPoolExecutor.java:1369) ~[?:1.8.0_111]
	at java.util.concurrent.AbstractExecutorService.submit(AbstractExecutorService.java:112) ~[?:1.8.0_111]
	at com.netflix.discovery.TimedSupervisorTask.run(TimedSupervisorTask.java:62) [eureka-client-1.4.12.jar:1.4.12]
	at java.util.concurrent.Executors$RunnableAdapter.call(Executors.java:511) [?:1.8.0_111]
	at java.util.concurrent.FutureTask.run(FutureTask.java:266) [?:1.8.0_111]
	at java.util.concurrent.ScheduledThreadPoolExecutor$ScheduledFutureTask.access$201(ScheduledThreadPoolExecutor.java:180) [?:1.8.0_111]
	at java.util.concurrent.ScheduledThreadPoolExecutor$ScheduledFutureTask.run(ScheduledThreadPoolExecutor.java:293) [?:1.8.0_111]
	at java.util.concurrent.ThreadPoolExecutor.runWorker(ThreadPoolExecutor.java:1142) [?:1.8.0_111]
	at java.util.concurrent.ThreadPoolExecutor$Worker.run(ThreadPoolExecutor.java:617) [?:1.8.0_111]
	at java.lang.Thread.run(Thread.java:745) [?:1.8.0_111]

