2017-09-25 17:11:26.248 [restartedMain] INFO [org.springframework.context.support.AbstractApplicationContext.prepareRefresh] - Refreshing org.springframework.context.annotation.AnnotationConfigApplicationContext@9efae9b: startup date [Mon Sep 25 17:11:26 CST 2017]; root of context hierarchy
2017-09-25 17:11:26.644 [restartedMain] INFO [org.springframework.beans.factory.annotation.AutowiredAnnotationBeanPostProcessor.<init>] - JSR-330 'javax.inject.Inject' annotation found and supported for autowiring
2017-09-25 17:11:26.707 [restartedMain] INFO [org.springframework.context.support.PostProcessorRegistrationDelegate$BeanPostProcessorChecker.postProcessAfterInitialization] - Bean 'configurationPropertiesRebinderAutoConfiguration' of type [class org.springframework.cloud.autoconfigure.ConfigurationPropertiesRebinderAutoConfiguration$$EnhancerBySpringCGLIB$$44e1f8e0] is not eligible for getting processed by all BeanPostProcessors (for example: not eligible for auto-proxying)
2017-09-25 17:11:27.598 [restartedMain] INFO [org.springframework.context.support.AbstractApplicationContext.prepareRefresh] - Refreshing org.springframework.boot.context.embedded.AnnotationConfigEmbeddedWebApplicationContext@3162ca54: startup date [Mon Sep 25 17:11:27 CST 2017]; parent: org.springframework.context.annotation.AnnotationConfigApplicationContext@9efae9b
2017-09-25 17:11:28.568 [restartedMain] INFO [org.springframework.beans.factory.xml.XmlBeanDefinitionReader.loadBeanDefinitions] - Loading XML bean definitions from class path resource [config/default-conf.xml]
2017-09-25 17:11:28.660 [restartedMain] INFO [org.springframework.beans.factory.xml.XmlBeanDefinitionReader.loadBeanDefinitions] - Loading XML bean definitions from class path resource [config/db_transaction.xml]
2017-09-25 17:11:29.262 [restartedMain] INFO [org.springframework.beans.factory.support.DefaultListableBeanFactory.registerBeanDefinition] - Overriding bean definition for bean 'retryTemplate' with a different definition: replacing [Root bean: class [null]; scope=; abstract=false; lazyInit=false; autowireMode=3; dependencyCheck=0; autowireCandidate=true; primary=false; factoryBeanName=org.springframework.cloud.client.loadbalancer.LoadBalancerAutoConfiguration$RetryAutoConfiguration; factoryMethodName=retryTemplate; initMethodName=null; destroyMethodName=(inferred); defined in class path resource [org/springframework/cloud/client/loadbalancer/LoadBalancerAutoConfiguration$RetryAutoConfiguration.class]] with [Root bean: class [null]; scope=; abstract=false; lazyInit=false; autowireMode=3; dependencyCheck=0; autowireCandidate=true; primary=false; factoryBeanName=org.springframework.cloud.netflix.feign.ribbon.FeignRibbonClientAutoConfiguration; factoryMethodName=retryTemplate; initMethodName=null; destroyMethodName=(inferred); defined in class path resource [org/springframework/cloud/netflix/feign/ribbon/FeignRibbonClientAutoConfiguration.class]]
2017-09-25 17:11:29.322 [restartedMain] WARN [org.springframework.context.annotation.ConfigurationClassPostProcessor.enhanceConfigurationClasses] - Cannot enhance @Configuration bean definition 'refreshScope' since its singleton instance has been created too early. The typical cause is a non-static @Bean method with a BeanDefinitionRegistryPostProcessor return type: Consider declaring such methods as 'static'.
2017-09-25 17:11:29.717 [restartedMain] INFO [org.springframework.cloud.context.scope.GenericScope.setSerializationId] - BeanFactory id=03f73256-b97b-30d3-99dc-17d88a0822fb
2017-09-25 17:11:29.742 [restartedMain] INFO [org.springframework.beans.factory.annotation.AutowiredAnnotationBeanPostProcessor.<init>] - JSR-330 'javax.inject.Inject' annotation found and supported for autowiring
2017-09-25 17:11:29.755 [restartedMain] INFO [org.springframework.context.support.PostProcessorRegistrationDelegate$BeanPostProcessorChecker.postProcessAfterInitialization] - Bean 'org.springframework.boot.autoconfigure.validation.ValidationAutoConfiguration' of type [class org.springframework.boot.autoconfigure.validation.ValidationAutoConfiguration] is not eligible for getting processed by all BeanPostProcessors (for example: not eligible for auto-proxying)
2017-09-25 17:11:29.775 [restartedMain] INFO [org.springframework.context.support.PostProcessorRegistrationDelegate$BeanPostProcessorChecker.postProcessAfterInitialization] - Bean 'validator' of type [class org.springframework.validation.beanvalidation.LocalValidatorFactoryBean] is not eligible for getting processed by all BeanPostProcessors (for example: not eligible for auto-proxying)
2017-09-25 17:11:29.913 [restartedMain] INFO [org.springframework.context.support.PostProcessorRegistrationDelegate$BeanPostProcessorChecker.postProcessAfterInitialization] - Bean 'org.springframework.transaction.annotation.ProxyTransactionManagementConfiguration' of type [class org.springframework.transaction.annotation.ProxyTransactionManagementConfiguration$$EnhancerBySpringCGLIB$$28c7f5e3] is not eligible for getting processed by all BeanPostProcessors (for example: not eligible for auto-proxying)
2017-09-25 17:11:30.006 [restartedMain] INFO [org.springframework.context.support.PostProcessorRegistrationDelegate$BeanPostProcessorChecker.postProcessAfterInitialization] - Bean 'org.springframework.cloud.autoconfigure.ConfigurationPropertiesRebinderAutoConfiguration' of type [class org.springframework.cloud.autoconfigure.ConfigurationPropertiesRebinderAutoConfiguration$$EnhancerBySpringCGLIB$$44e1f8e0] is not eligible for getting processed by all BeanPostProcessors (for example: not eligible for auto-proxying)
2017-09-25 17:11:30.900 [restartedMain] INFO [org.springframework.boot.context.embedded.tomcat.TomcatEmbeddedServletContainer.initialize] - Tomcat initialized with port(s): 8888 (http)
2017-09-25 17:11:31.168 [localhost-startStop-1] INFO [org.springframework.boot.context.embedded.EmbeddedWebApplicationContext.prepareEmbeddedWebApplicationContext] - Root WebApplicationContext: initialization completed in 3570 ms
2017-09-25 17:11:32.203 [localhost-startStop-1] INFO [org.springframework.boot.web.servlet.AbstractFilterRegistrationBean.configure] - Mapping filter: 'metricsFilter' to: [/*]
2017-09-25 17:11:32.204 [localhost-startStop-1] INFO [org.springframework.boot.web.servlet.AbstractFilterRegistrationBean.configure] - Mapping filter: 'characterEncodingFilter' to: [/*]
2017-09-25 17:11:32.205 [localhost-startStop-1] INFO [org.springframework.boot.web.servlet.AbstractFilterRegistrationBean.configure] - Mapping filter: 'hiddenHttpMethodFilter' to: [/*]
2017-09-25 17:11:32.205 [localhost-startStop-1] INFO [org.springframework.boot.web.servlet.AbstractFilterRegistrationBean.configure] - Mapping filter: 'httpPutFormContentFilter' to: [/*]
2017-09-25 17:11:32.205 [localhost-startStop-1] INFO [org.springframework.boot.web.servlet.AbstractFilterRegistrationBean.configure] - Mapping filter: 'requestContextFilter' to: [/*]
2017-09-25 17:11:32.205 [localhost-startStop-1] INFO [org.springframework.boot.web.servlet.AbstractFilterRegistrationBean.configure] - Mapping filter: 'webRequestTraceFilter' to: [/*]
2017-09-25 17:11:32.206 [localhost-startStop-1] INFO [org.springframework.boot.web.servlet.AbstractFilterRegistrationBean.configure] - Mapping filter: 'servletContainer' to urls: [/eureka/*]
2017-09-25 17:11:32.206 [localhost-startStop-1] INFO [org.springframework.boot.web.servlet.AbstractFilterRegistrationBean.configure] - Mapping filter: 'corsFilter' to: [/*]
2017-09-25 17:11:32.206 [localhost-startStop-1] INFO [org.springframework.boot.web.servlet.AbstractFilterRegistrationBean.configure] - Mapping filter: 'applicationContextIdFilter' to: [/*]
2017-09-25 17:11:32.207 [localhost-startStop-1] INFO [org.springframework.boot.web.servlet.ServletRegistrationBean.onStartup] - Mapping servlet: 'dispatcherServlet' to [/]
2017-09-25 17:11:33.627 [restartedMain] INFO [org.springframework.cloud.netflix.eureka.InstanceInfoFactory.create] - Setting initial instance status as: STARTING
2017-09-25 17:11:35.380 [restartedMain] INFO [org.springframework.web.servlet.mvc.method.annotation.RequestMappingHandlerAdapter.initControllerAdviceCache] - Looking for @ControllerAdvice: org.springframework.boot.context.embedded.AnnotationConfigEmbeddedWebApplicationContext@3162ca54: startup date [Mon Sep 25 17:11:27 CST 2017]; parent: org.springframework.context.annotation.AnnotationConfigApplicationContext@9efae9b
2017-09-25 17:11:35.655 [restartedMain] INFO [org.springframework.web.servlet.handler.AbstractHandlerMethodMapping$MappingRegistry.register] - Mapped "{[/],methods=[GET]}" onto public java.lang.String org.springframework.cloud.netflix.eureka.server.EurekaController.status(javax.servlet.http.HttpServletRequest,java.util.Map<java.lang.String, java.lang.Object>)
2017-09-25 17:11:35.657 [restartedMain] INFO [org.springframework.web.servlet.handler.AbstractHandlerMethodMapping$MappingRegistry.register] - Mapped "{[/lastn],methods=[GET]}" onto public java.lang.String org.springframework.cloud.netflix.eureka.server.EurekaController.lastn(javax.servlet.http.HttpServletRequest,java.util.Map<java.lang.String, java.lang.Object>)
2017-09-25 17:11:35.659 [restartedMain] INFO [org.springframework.web.servlet.handler.AbstractHandlerMethodMapping$MappingRegistry.register] - Mapped "{[/error]}" onto public org.springframework.http.ResponseEntity<java.util.Map<java.lang.String, java.lang.Object>> org.springframework.boot.autoconfigure.web.BasicErrorController.error(javax.servlet.http.HttpServletRequest)
2017-09-25 17:11:35.660 [restartedMain] INFO [org.springframework.web.servlet.handler.AbstractHandlerMethodMapping$MappingRegistry.register] - Mapped "{[/error],produces=[text/html]}" onto public org.springframework.web.servlet.ModelAndView org.springframework.boot.autoconfigure.web.BasicErrorController.errorHtml(javax.servlet.http.HttpServletRequest,javax.servlet.http.HttpServletResponse)
2017-09-25 17:11:35.836 [restartedMain] INFO [org.springframework.web.servlet.handler.AbstractUrlHandlerMapping.registerHandler] - Mapped URL path [/webjars/**] onto handler of type [class org.springframework.web.servlet.resource.ResourceHttpRequestHandler]
2017-09-25 17:11:35.836 [restartedMain] INFO [org.springframework.web.servlet.handler.AbstractUrlHandlerMapping.registerHandler] - Mapped URL path [/**] onto handler of type [class org.springframework.web.servlet.resource.ResourceHttpRequestHandler]
2017-09-25 17:11:35.955 [restartedMain] INFO [org.springframework.web.servlet.handler.AbstractUrlHandlerMapping.registerHandler] - Mapped URL path [/**/favicon.ico] onto handler of type [class org.springframework.web.servlet.resource.ResourceHttpRequestHandler]
2017-09-25 17:11:37.294 [restartedMain] INFO [org.springframework.web.servlet.handler.AbstractHandlerMethodMapping$MappingRegistry.register] - Mapped "{[/autoconfig || /autoconfig.json],methods=[GET],produces=[application/vnd.spring-boot.actuator.v1+json || application/json]}" onto public java.lang.Object org.springframework.boot.actuate.endpoint.mvc.EndpointMvcAdapter.invoke()
2017-09-25 17:11:37.295 [restartedMain] INFO [org.springframework.web.servlet.handler.AbstractHandlerMethodMapping$MappingRegistry.register] - Mapped "{[/info || /info.json],methods=[GET],produces=[application/vnd.spring-boot.actuator.v1+json || application/json]}" onto public java.lang.Object org.springframework.boot.actuate.endpoint.mvc.EndpointMvcAdapter.invoke()
2017-09-25 17:11:37.296 [restartedMain] INFO [org.springframework.web.servlet.handler.AbstractHandlerMethodMapping$MappingRegistry.register] - Mapped "{[/dump || /dump.json],methods=[GET],produces=[application/vnd.spring-boot.actuator.v1+json || application/json]}" onto public java.lang.Object org.springframework.boot.actuate.endpoint.mvc.EndpointMvcAdapter.invoke()
2017-09-25 17:11:37.298 [restartedMain] INFO [org.springframework.web.servlet.handler.AbstractHandlerMethodMapping$MappingRegistry.register] - Mapped "{[/env/{name:.*}],methods=[GET],produces=[application/vnd.spring-boot.actuator.v1+json || application/json]}" onto public java.lang.Object org.springframework.boot.actuate.endpoint.mvc.EnvironmentMvcEndpoint.value(java.lang.String)
2017-09-25 17:11:37.299 [restartedMain] INFO [org.springframework.web.servlet.handler.AbstractHandlerMethodMapping$MappingRegistry.register] - Mapped "{[/env || /env.json],methods=[GET],produces=[application/vnd.spring-boot.actuator.v1+json || application/json]}" onto public java.lang.Object org.springframework.boot.actuate.endpoint.mvc.EndpointMvcAdapter.invoke()
2017-09-25 17:11:37.300 [restartedMain] INFO [org.springframework.web.servlet.handler.AbstractHandlerMethodMapping$MappingRegistry.register] - Mapped "{[/archaius || /archaius.json],methods=[GET],produces=[application/vnd.spring-boot.actuator.v1+json || application/json]}" onto public java.lang.Object org.springframework.boot.actuate.endpoint.mvc.EndpointMvcAdapter.invoke()
2017-09-25 17:11:37.301 [restartedMain] INFO [org.springframework.web.servlet.handler.AbstractHandlerMethodMapping$MappingRegistry.register] - Mapped "{[/resume || /resume.json],methods=[POST]}" onto public java.lang.Object org.springframework.cloud.endpoint.GenericPostableMvcEndpoint.invoke()
2017-09-25 17:11:37.303 [restartedMain] INFO [org.springframework.web.servlet.handler.AbstractHandlerMethodMapping$MappingRegistry.register] - Mapped "{[/mappings || /mappings.json],methods=[GET],produces=[application/vnd.spring-boot.actuator.v1+json || application/json]}" onto public java.lang.Object org.springframework.boot.actuate.endpoint.mvc.EndpointMvcAdapter.invoke()
2017-09-25 17:11:37.304 [restartedMain] INFO [org.springframework.web.servlet.handler.AbstractHandlerMethodMapping$MappingRegistry.register] - Mapped "{[/restart || /restart.json],methods=[POST]}" onto public java.lang.Object org.springframework.cloud.context.restart.RestartMvcEndpoint.invoke()
2017-09-25 17:11:37.305 [restartedMain] INFO [org.springframework.web.servlet.handler.AbstractHandlerMethodMapping$MappingRegistry.register] - Mapped "{[/heapdump || /heapdump.json],methods=[GET],produces=[application/octet-stream]}" onto public void org.springframework.boot.actuate.endpoint.mvc.HeapdumpMvcEndpoint.invoke(boolean,javax.servlet.http.HttpServletRequest,javax.servlet.http.HttpServletResponse) throws java.io.IOException,javax.servlet.ServletException
2017-09-25 17:11:37.307 [restartedMain] INFO [org.springframework.web.servlet.handler.AbstractHandlerMethodMapping$MappingRegistry.register] - Mapped "{[/trace || /trace.json],methods=[GET],produces=[application/vnd.spring-boot.actuator.v1+json || application/json]}" onto public java.lang.Object org.springframework.boot.actuate.endpoint.mvc.EndpointMvcAdapter.invoke()
2017-09-25 17:11:37.308 [restartedMain] INFO [org.springframework.web.servlet.handler.AbstractHandlerMethodMapping$MappingRegistry.register] - Mapped "{[/pause || /pause.json],methods=[POST]}" onto public java.lang.Object org.springframework.cloud.endpoint.GenericPostableMvcEndpoint.invoke()
2017-09-25 17:11:37.309 [restartedMain] INFO [org.springframework.web.servlet.handler.AbstractHandlerMethodMapping$MappingRegistry.register] - Mapped "{[/configprops || /configprops.json],methods=[GET],produces=[application/vnd.spring-boot.actuator.v1+json || application/json]}" onto public java.lang.Object org.springframework.boot.actuate.endpoint.mvc.EndpointMvcAdapter.invoke()
2017-09-25 17:11:37.312 [restartedMain] INFO [org.springframework.web.servlet.handler.AbstractHandlerMethodMapping$MappingRegistry.register] - Mapped "{[/auditevents || /auditevents.json],methods=[GET],produces=[application/vnd.spring-boot.actuator.v1+json || application/json]}" onto public org.springframework.http.ResponseEntity<?> org.springframework.boot.actuate.endpoint.mvc.AuditEventsMvcEndpoint.findByPrincipalAndAfterAndType(java.lang.String,java.util.Date,java.lang.String)
2017-09-25 17:11:37.314 [restartedMain] INFO [org.springframework.web.servlet.handler.AbstractHandlerMethodMapping$MappingRegistry.register] - Mapped "{[/health || /health.json],methods=[GET],produces=[application/vnd.spring-boot.actuator.v1+json || application/json]}" onto public java.lang.Object org.springframework.boot.actuate.endpoint.mvc.HealthMvcEndpoint.invoke(javax.servlet.http.HttpServletRequest)
2017-09-25 17:11:37.316 [restartedMain] INFO [org.springframework.web.servlet.handler.AbstractHandlerMethodMapping$MappingRegistry.register] - Mapped "{[/refresh || /refresh.json],methods=[POST]}" onto public java.lang.Object org.springframework.cloud.endpoint.GenericPostableMvcEndpoint.invoke()
2017-09-25 17:11:37.317 [restartedMain] INFO [org.springframework.web.servlet.handler.AbstractHandlerMethodMapping$MappingRegistry.register] - Mapped "{[/env],methods=[POST]}" onto public java.lang.Object org.springframework.cloud.context.environment.EnvironmentManagerMvcEndpoint.value(java.util.Map<java.lang.String, java.lang.String>)
2017-09-25 17:11:37.318 [restartedMain] INFO [org.springframework.web.servlet.handler.AbstractHandlerMethodMapping$MappingRegistry.register] - Mapped "{[/env/reset],methods=[POST]}" onto public java.util.Map<java.lang.String, java.lang.Object> org.springframework.cloud.context.environment.EnvironmentManagerMvcEndpoint.reset()
2017-09-25 17:11:37.318 [restartedMain] INFO [org.springframework.web.servlet.handler.AbstractHandlerMethodMapping$MappingRegistry.register] - Mapped "{[/features || /features.json],methods=[GET],produces=[application/vnd.spring-boot.actuator.v1+json || application/json]}" onto public java.lang.Object org.springframework.boot.actuate.endpoint.mvc.EndpointMvcAdapter.invoke()
2017-09-25 17:11:37.324 [restartedMain] INFO [org.springframework.web.servlet.handler.AbstractHandlerMethodMapping$MappingRegistry.register] - Mapped "{[/beans || /beans.json],methods=[GET],produces=[application/vnd.spring-boot.actuator.v1+json || application/json]}" onto public java.lang.Object org.springframework.boot.actuate.endpoint.mvc.EndpointMvcAdapter.invoke()
2017-09-25 17:11:37.331 [restartedMain] INFO [org.springframework.web.servlet.handler.AbstractHandlerMethodMapping$MappingRegistry.register] - Mapped "{[/loggers/{name:.*}],methods=[GET],produces=[application/vnd.spring-boot.actuator.v1+json || application/json]}" onto public java.lang.Object org.springframework.boot.actuate.endpoint.mvc.LoggersMvcEndpoint.get(java.lang.String)
2017-09-25 17:11:37.332 [restartedMain] INFO [org.springframework.web.servlet.handler.AbstractHandlerMethodMapping$MappingRegistry.register] - Mapped "{[/loggers/{name:.*}],methods=[POST],consumes=[application/vnd.spring-boot.actuator.v1+json || application/json],produces=[application/vnd.spring-boot.actuator.v1+json || application/json]}" onto public java.lang.Object org.springframework.boot.actuate.endpoint.mvc.LoggersMvcEndpoint.set(java.lang.String,java.util.Map<java.lang.String, java.lang.String>)
2017-09-25 17:11:37.332 [restartedMain] INFO [org.springframework.web.servlet.handler.AbstractHandlerMethodMapping$MappingRegistry.register] - Mapped "{[/loggers || /loggers.json],methods=[GET],produces=[application/vnd.spring-boot.actuator.v1+json || application/json]}" onto public java.lang.Object org.springframework.boot.actuate.endpoint.mvc.EndpointMvcAdapter.invoke()
2017-09-25 17:11:37.333 [restartedMain] INFO [org.springframework.web.servlet.handler.AbstractHandlerMethodMapping$MappingRegistry.register] - Mapped "{[/metrics/{name:.*}],methods=[GET],produces=[application/vnd.spring-boot.actuator.v1+json || application/json]}" onto public java.lang.Object org.springframework.boot.actuate.endpoint.mvc.MetricsMvcEndpoint.value(java.lang.String)
2017-09-25 17:11:37.334 [restartedMain] INFO [org.springframework.web.servlet.handler.AbstractHandlerMethodMapping$MappingRegistry.register] - Mapped "{[/metrics || /metrics.json],methods=[GET],produces=[application/vnd.spring-boot.actuator.v1+json || application/json]}" onto public java.lang.Object org.springframework.boot.actuate.endpoint.mvc.EndpointMvcAdapter.invoke()
2017-09-25 17:11:37.597 [restartedMain] INFO [org.springframework.ui.freemarker.SpringTemplateLoader.<init>] - SpringTemplateLoader for FreeMarker: using resource loader [org.springframework.boot.context.embedded.AnnotationConfigEmbeddedWebApplicationContext@3162ca54: startup date [Mon Sep 25 17:11:27 CST 2017]; parent: org.springframework.context.annotation.AnnotationConfigApplicationContext@9efae9b] and template loader path [classpath:/templates/]
2017-09-25 17:11:37.598 [restartedMain] INFO [org.springframework.web.servlet.view.freemarker.FreeMarkerConfigurer.postProcessTemplateLoaders] - ClassTemplateLoader for Spring macros added to FreeMarker configuration
2017-09-25 17:11:37.760 [restartedMain] INFO [org.springframework.boot.devtools.autoconfigure.OptionalLiveReloadServer.startServer] - LiveReload server is running on port 35729
2017-09-25 17:11:38.097 [restartedMain] INFO [org.springframework.jmx.export.MBeanExporter.afterSingletonsInstantiated] - Registering beans for JMX exposure on startup
2017-09-25 17:11:38.099 [restartedMain] INFO [org.springframework.jmx.export.MBeanExporter.autodetect] - Bean with name 'dataSource' has been autodetected for JMX exposure
2017-09-25 17:11:38.114 [restartedMain] INFO [org.springframework.jmx.export.MBeanExporter.autodetect] - Bean with name 'refreshScope' has been autodetected for JMX exposure
2017-09-25 17:11:38.117 [restartedMain] INFO [org.springframework.jmx.export.MBeanExporter.autodetect] - Bean with name 'environmentManager' has been autodetected for JMX exposure
2017-09-25 17:11:38.124 [restartedMain] INFO [org.springframework.jmx.export.MBeanExporter.autodetect] - Bean with name 'configurationPropertiesRebinder' has been autodetected for JMX exposure
2017-09-25 17:11:38.128 [restartedMain] INFO [org.springframework.jmx.export.MBeanExporter.autodetect] - Bean with name 'refreshEndpoint' has been autodetected for JMX exposure
2017-09-25 17:11:38.133 [restartedMain] INFO [org.springframework.jmx.export.MBeanExporter.autodetect] - Bean with name 'restartEndpoint' has been autodetected for JMX exposure
2017-09-25 17:11:38.140 [restartedMain] INFO [org.springframework.jmx.export.MBeanExporter.registerBeanInstance] - Located managed bean 'environmentManager': registering with JMX server as MBean [org.springframework.cloud.context.environment:name=environmentManager,type=EnvironmentManager]
2017-09-25 17:11:38.175 [restartedMain] INFO [org.springframework.jmx.export.MBeanExporter.registerBeanInstance] - Located managed bean 'restartEndpoint': registering with JMX server as MBean [org.springframework.cloud.context.restart:name=restartEndpoint,type=RestartEndpoint]
2017-09-25 17:11:38.209 [restartedMain] INFO [org.springframework.jmx.export.MBeanExporter.registerBeanInstance] - Located managed bean 'refreshScope': registering with JMX server as MBean [org.springframework.cloud.context.scope.refresh:name=refreshScope,type=RefreshScope]
2017-09-25 17:11:38.237 [restartedMain] INFO [org.springframework.jmx.export.MBeanExporter.registerBeanInstance] - Located managed bean 'configurationPropertiesRebinder': registering with JMX server as MBean [org.springframework.cloud.context.properties:name=configurationPropertiesRebinder,context=3162ca54,type=ConfigurationPropertiesRebinder]
2017-09-25 17:11:38.291 [restartedMain] INFO [org.springframework.jmx.export.MBeanExporter.registerBeanInstance] - Located MBean 'dataSource': registering with JMX server as MBean [com.alibaba.druid.pool:name=dataSource,type=DruidDataSource]
2017-09-25 17:11:38.301 [restartedMain] INFO [org.springframework.jmx.export.MBeanExporter.registerBeanInstance] - Located managed bean 'refreshEndpoint': registering with JMX server as MBean [org.springframework.cloud.endpoint:name=refreshEndpoint,type=RefreshEndpoint]
2017-09-25 17:11:38.305 [restartedMain] INFO [org.springframework.jmx.export.MBeanExporter.afterSingletonsInstantiated] - Registering beans for JMX exposure on startup
2017-09-25 17:11:39.018 [restartedMain] INFO [org.springframework.context.support.DefaultLifecycleProcessor$LifecycleGroup.start] - Starting beans in phase 0
2017-09-25 17:11:39.020 [restartedMain] INFO [org.springframework.cloud.netflix.eureka.EurekaDiscoveryClientConfiguration.start] - Registering application registry with eureka with status UP
2017-09-25 17:11:39.027 [restartedMain] INFO [org.springframework.jmx.export.MBeanExporter.registerBeanInstance] - Located managed bean 'auditEventsEndpoint': registering with JMX server as MBean [org.springframework.boot:type=Endpoint,name=auditEventsEndpoint]
2017-09-25 17:11:39.045 [Thread-17] INFO [org.springframework.cloud.netflix.eureka.server.EurekaServerBootstrap.initEurekaEnvironment] - Setting the eureka configuration..
2017-09-25 17:11:39.046 [Thread-17] INFO [org.springframework.cloud.netflix.eureka.server.EurekaServerBootstrap.initEurekaEnvironment] - Eureka data center value eureka.datacenter is not set, defaulting to default
2017-09-25 17:11:39.047 [Thread-17] INFO [org.springframework.cloud.netflix.eureka.server.EurekaServerBootstrap.initEurekaEnvironment] - Eureka environment value eureka.environment is not set, defaulting to test
2017-09-25 17:11:39.064 [restartedMain] INFO [org.springframework.jmx.export.MBeanExporter.registerBeanInstance] - Located managed bean 'featuresEndpoint': registering with JMX server as MBean [org.springframework.boot:type=Endpoint,name=featuresEndpoint]
2017-09-25 17:11:39.111 [Thread-17] INFO [org.springframework.cloud.netflix.eureka.server.EurekaServerBootstrap.isAws] - isAws returned false
2017-09-25 17:11:39.114 [Thread-17] INFO [org.springframework.cloud.netflix.eureka.server.EurekaServerBootstrap.initEurekaServerContext] - Initialized server context
2017-09-25 17:11:39.145 [restartedMain] INFO [org.springframework.jmx.export.MBeanExporter.registerBeanInstance] - Located managed bean 'requestMappingEndpoint': registering with JMX server as MBean [org.springframework.boot:type=Endpoint,name=requestMappingEndpoint]
2017-09-25 17:11:39.149 [restartedMain] INFO [org.springframework.jmx.export.MBeanExporter.registerBeanInstance] - Located managed bean 'environmentEndpoint': registering with JMX server as MBean [org.springframework.boot:type=Endpoint,name=environmentEndpoint]
2017-09-25 17:11:39.153 [restartedMain] INFO [org.springframework.jmx.export.MBeanExporter.registerBeanInstance] - Located managed bean 'healthEndpoint': registering with JMX server as MBean [org.springframework.boot:type=Endpoint,name=healthEndpoint]
2017-09-25 17:11:39.157 [restartedMain] INFO [org.springframework.jmx.export.MBeanExporter.registerBeanInstance] - Located managed bean 'beansEndpoint': registering with JMX server as MBean [org.springframework.boot:type=Endpoint,name=beansEndpoint]
2017-09-25 17:11:39.162 [restartedMain] INFO [org.springframework.jmx.export.MBeanExporter.registerBeanInstance] - Located managed bean 'infoEndpoint': registering with JMX server as MBean [org.springframework.boot:type=Endpoint,name=infoEndpoint]
2017-09-25 17:11:39.164 [restartedMain] INFO [org.springframework.jmx.export.MBeanExporter.registerBeanInstance] - Located managed bean 'loggersEndpoint': registering with JMX server as MBean [org.springframework.boot:type=Endpoint,name=loggersEndpoint]
2017-09-25 17:11:39.173 [restartedMain] INFO [org.springframework.jmx.export.MBeanExporter.registerBeanInstance] - Located managed bean 'metricsEndpoint': registering with JMX server as MBean [org.springframework.boot:type=Endpoint,name=metricsEndpoint]
2017-09-25 17:11:39.176 [restartedMain] INFO [org.springframework.jmx.export.MBeanExporter.registerBeanInstance] - Located managed bean 'traceEndpoint': registering with JMX server as MBean [org.springframework.boot:type=Endpoint,name=traceEndpoint]
2017-09-25 17:11:39.179 [restartedMain] INFO [org.springframework.jmx.export.MBeanExporter.registerBeanInstance] - Located managed bean 'dumpEndpoint': registering with JMX server as MBean [org.springframework.boot:type=Endpoint,name=dumpEndpoint]
2017-09-25 17:11:39.337 [restartedMain] INFO [org.springframework.jmx.export.MBeanExporter.registerBeanInstance] - Located managed bean 'autoConfigurationReportEndpoint': registering with JMX server as MBean [org.springframework.boot:type=Endpoint,name=autoConfigurationReportEndpoint]
2017-09-25 17:11:39.359 [restartedMain] INFO [org.springframework.jmx.export.MBeanExporter.registerBeanInstance] - Located managed bean 'configurationPropertiesReportEndpoint': registering with JMX server as MBean [org.springframework.boot:type=Endpoint,name=configurationPropertiesReportEndpoint]
2017-09-25 17:11:39.362 [restartedMain] INFO [org.springframework.jmx.export.MBeanExporter.registerBeanInstance] - Located managed bean 'archaiusEndpoint': registering with JMX server as MBean [org.springframework.boot:type=Endpoint,name=archaiusEndpoint]
2017-09-25 17:11:39.721 [restartedMain] INFO [org.springframework.boot.context.embedded.tomcat.TomcatEmbeddedServletContainer.start] - Tomcat started on port(s): 8888 (http)
2017-09-25 17:11:39.722 [restartedMain] INFO [org.springframework.cloud.netflix.eureka.EurekaDiscoveryClientConfiguration.onApplicationEvent] - Updating port to 8888
2017-09-25 17:11:39.850 [http-nio-8888-exec-1] INFO [org.springframework.web.servlet.FrameworkServlet.initServletBean] - FrameworkServlet 'dispatcherServlet': initialization started
2017-09-25 17:11:39.883 [http-nio-8888-exec-1] INFO [org.springframework.web.servlet.FrameworkServlet.initServletBean] - FrameworkServlet 'dispatcherServlet': initialization completed in 33 ms
2017-09-25 17:13:39.122 [Thread-17] INFO [org.springframework.cloud.netflix.eureka.server.EurekaServerInitializerConfiguration$1.run] - Started Eureka Server
