2017-09-26 15:12:30.730 [restartedMain] INFO [org.springframework.context.support.AbstractApplicationContext.prepareRefresh] - Refreshing org.springframework.context.annotation.AnnotationConfigApplicationContext@ff62176: startup date [Tue Sep 26 15:12:30 CST 2017]; root of context hierarchy
2017-09-26 15:12:31.283 [restartedMain] INFO [org.springframework.beans.factory.annotation.AutowiredAnnotationBeanPostProcessor.<init>] - JSR-330 'javax.inject.Inject' annotation found and supported for autowiring
2017-09-26 15:12:31.347 [restartedMain] INFO [org.springframework.context.support.PostProcessorRegistrationDelegate$BeanPostProcessorChecker.postProcessAfterInitialization] - Bean 'configurationPropertiesRebinderAutoConfiguration' of type [class org.springframework.cloud.autoconfigure.ConfigurationPropertiesRebinderAutoConfiguration$$EnhancerBySpringCGLIB$$b47de4eb] is not eligible for getting processed by all BeanPostProcessors (for example: not eligible for auto-proxying)
2017-09-26 15:12:32.146 [restartedMain] INFO [org.springframework.context.support.AbstractApplicationContext.prepareRefresh] - Refreshing org.springframework.boot.context.embedded.AnnotationConfigEmbeddedWebApplicationContext@7728f4f8: startup date [Tue Sep 26 15:12:32 CST 2017]; parent: org.springframework.context.annotation.AnnotationConfigApplicationContext@ff62176
2017-09-26 15:12:33.024 [restartedMain] INFO [org.springframework.beans.factory.xml.XmlBeanDefinitionReader.loadBeanDefinitions] - Loading XML bean definitions from class path resource [config/default-conf.xml]
2017-09-26 15:12:33.098 [restartedMain] INFO [org.springframework.beans.factory.xml.XmlBeanDefinitionReader.loadBeanDefinitions] - Loading XML bean definitions from class path resource [config/db_transaction.xml]
2017-09-26 15:12:33.201 [restartedMain] INFO [org.springframework.beans.factory.support.DefaultListableBeanFactory.registerBeanDefinition] - Overriding bean definition for bean 'hystrixFeature' with a different definition: replacing [Root bean: class [null]; scope=; abstract=false; lazyInit=false; autowireMode=3; dependencyCheck=0; autowireCandidate=true; primary=false; factoryBeanName=org.springframework.cloud.netflix.hystrix.HystrixCircuitBreakerConfiguration$HystrixWebConfiguration; factoryMethodName=hystrixFeature; initMethodName=null; destroyMethodName=(inferred); defined in class path resource [org/springframework/cloud/netflix/hystrix/HystrixCircuitBreakerConfiguration$HystrixWebConfiguration.class]] with [Root bean: class [null]; scope=; abstract=false; lazyInit=false; autowireMode=3; dependencyCheck=0; autowireCandidate=true; primary=false; factoryBeanName=org.springframework.cloud.netflix.hystrix.HystrixCircuitBreakerConfiguration; factoryMethodName=hystrixFeature; initMethodName=null; destroyMethodName=(inferred); defined in class path resource [org/springframework/cloud/netflix/hystrix/HystrixCircuitBreakerConfiguration.class]]
2017-09-26 15:12:33.568 [restartedMain] INFO [org.springframework.beans.factory.support.DefaultListableBeanFactory.registerBeanDefinition] - Overriding bean definition for bean 'retryTemplate' with a different definition: replacing [Root bean: class [null]; scope=; abstract=false; lazyInit=false; autowireMode=3; dependencyCheck=0; autowireCandidate=true; primary=false; factoryBeanName=org.springframework.cloud.client.loadbalancer.LoadBalancerAutoConfiguration$RetryAutoConfiguration; factoryMethodName=retryTemplate; initMethodName=null; destroyMethodName=(inferred); defined in class path resource [org/springframework/cloud/client/loadbalancer/LoadBalancerAutoConfiguration$RetryAutoConfiguration.class]] with [Root bean: class [null]; scope=; abstract=false; lazyInit=false; autowireMode=3; dependencyCheck=0; autowireCandidate=true; primary=false; factoryBeanName=org.springframework.cloud.netflix.feign.ribbon.FeignRibbonClientAutoConfiguration; factoryMethodName=retryTemplate; initMethodName=null; destroyMethodName=(inferred); defined in class path resource [org/springframework/cloud/netflix/feign/ribbon/FeignRibbonClientAutoConfiguration.class]]
2017-09-26 15:12:33.620 [restartedMain] WARN [org.springframework.context.annotation.ConfigurationClassPostProcessor.enhanceConfigurationClasses] - Cannot enhance @Configuration bean definition 'refreshScope' since its singleton instance has been created too early. The typical cause is a non-static @Bean method with a BeanDefinitionRegistryPostProcessor return type: Consider declaring such methods as 'static'.
2017-09-26 15:12:33.878 [restartedMain] INFO [org.springframework.cloud.context.scope.GenericScope.setSerializationId] - BeanFactory id=6a285c1c-02fe-384d-8e23-54029967c14f
2017-09-26 15:12:33.896 [restartedMain] INFO [org.springframework.beans.factory.annotation.AutowiredAnnotationBeanPostProcessor.<init>] - JSR-330 'javax.inject.Inject' annotation found and supported for autowiring
2017-09-26 15:12:33.909 [restartedMain] INFO [org.springframework.context.support.PostProcessorRegistrationDelegate$BeanPostProcessorChecker.postProcessAfterInitialization] - Bean 'org.springframework.boot.autoconfigure.validation.ValidationAutoConfiguration' of type [class org.springframework.boot.autoconfigure.validation.ValidationAutoConfiguration] is not eligible for getting processed by all BeanPostProcessors (for example: not eligible for auto-proxying)
2017-09-26 15:12:33.926 [restartedMain] INFO [org.springframework.context.support.PostProcessorRegistrationDelegate$BeanPostProcessorChecker.postProcessAfterInitialization] - Bean 'validator' of type [class org.springframework.validation.beanvalidation.LocalValidatorFactoryBean] is not eligible for getting processed by all BeanPostProcessors (for example: not eligible for auto-proxying)
2017-09-26 15:12:34.161 [restartedMain] INFO [org.springframework.context.support.PostProcessorRegistrationDelegate$BeanPostProcessorChecker.postProcessAfterInitialization] - Bean 'org.springframework.transaction.annotation.ProxyTransactionManagementConfiguration' of type [class org.springframework.transaction.annotation.ProxyTransactionManagementConfiguration$$EnhancerBySpringCGLIB$$9863e1ee] is not eligible for getting processed by all BeanPostProcessors (for example: not eligible for auto-proxying)
2017-09-26 15:12:34.454 [restartedMain] INFO [org.springframework.context.support.PostProcessorRegistrationDelegate$BeanPostProcessorChecker.postProcessAfterInitialization] - Bean 'org.springframework.cloud.autoconfigure.ConfigurationPropertiesRebinderAutoConfiguration' of type [class org.springframework.cloud.autoconfigure.ConfigurationPropertiesRebinderAutoConfiguration$$EnhancerBySpringCGLIB$$b47de4eb] is not eligible for getting processed by all BeanPostProcessors (for example: not eligible for auto-proxying)
2017-09-26 15:12:35.186 [restartedMain] INFO [org.springframework.boot.context.embedded.tomcat.TomcatEmbeddedServletContainer.initialize] - Tomcat initialized with port(s): 8080 (http)
2017-09-26 15:12:35.316 [localhost-startStop-1] INFO [org.springframework.boot.context.embedded.EmbeddedWebApplicationContext.prepareEmbeddedWebApplicationContext] - Root WebApplicationContext: initialization completed in 3170 ms
2017-09-26 15:12:36.779 [localhost-startStop-1] INFO [org.springframework.boot.web.servlet.ServletRegistrationBean.onStartup] - Mapping servlet: 'zuulServlet' to [/zuul/*]
2017-09-26 15:12:36.781 [localhost-startStop-1] INFO [org.springframework.boot.web.servlet.ServletRegistrationBean.onStartup] - Mapping servlet: 'dispatcherServlet' to [/]
2017-09-26 15:12:36.788 [localhost-startStop-1] INFO [org.springframework.boot.web.servlet.AbstractFilterRegistrationBean.configure] - Mapping filter: 'metricsFilter' to: [/*]
2017-09-26 15:12:36.791 [localhost-startStop-1] INFO [org.springframework.boot.web.servlet.AbstractFilterRegistrationBean.configure] - Mapping filter: 'characterEncodingFilter' to: [/*]
2017-09-26 15:12:36.791 [localhost-startStop-1] INFO [org.springframework.boot.web.servlet.AbstractFilterRegistrationBean.configure] - Mapping filter: 'hiddenHttpMethodFilter' to: [/*]
2017-09-26 15:12:36.791 [localhost-startStop-1] INFO [org.springframework.boot.web.servlet.AbstractFilterRegistrationBean.configure] - Mapping filter: 'httpPutFormContentFilter' to: [/*]
2017-09-26 15:12:36.792 [localhost-startStop-1] INFO [org.springframework.boot.web.servlet.AbstractFilterRegistrationBean.configure] - Mapping filter: 'requestContextFilter' to: [/*]
2017-09-26 15:12:36.792 [localhost-startStop-1] INFO [org.springframework.boot.web.servlet.AbstractFilterRegistrationBean.configure] - Mapping filter: 'webRequestLoggingFilter' to: [/*]
2017-09-26 15:12:36.792 [localhost-startStop-1] INFO [org.springframework.boot.web.servlet.AbstractFilterRegistrationBean.configure] - Mapping filter: 'corsFilter' to: [/*]
2017-09-26 15:12:36.792 [localhost-startStop-1] INFO [org.springframework.boot.web.servlet.AbstractFilterRegistrationBean.configure] - Mapping filter: 'applicationContextIdFilter' to: [/*]
2017-09-26 15:12:36.814 [localhost-startStop-1] INFO [org.springframework.cloud.netflix.zuul.ZuulFilterInitializer.contextInitialized] - Starting filter initializer context listener
2017-09-26 15:12:38.477 [restartedMain] INFO [org.springframework.web.servlet.mvc.method.annotation.RequestMappingHandlerAdapter.initControllerAdviceCache] - Looking for @ControllerAdvice: org.springframework.boot.context.embedded.AnnotationConfigEmbeddedWebApplicationContext@7728f4f8: startup date [Tue Sep 26 15:12:32 CST 2017]; parent: org.springframework.context.annotation.AnnotationConfigApplicationContext@ff62176
2017-09-26 15:12:38.684 [restartedMain] INFO [org.springframework.web.servlet.handler.AbstractHandlerMethodMapping$MappingRegistry.register] - Mapped "{[/error]}" onto public java.lang.Object com.module.gateway.GlobalErrorController.error(javax.servlet.http.HttpServletRequest)
2017-09-26 15:12:38.791 [restartedMain] INFO [org.springframework.web.servlet.handler.AbstractUrlHandlerMapping.registerHandler] - Mapped URL path [/webjars/**] onto handler of type [class org.springframework.web.servlet.resource.ResourceHttpRequestHandler]
2017-09-26 15:12:38.792 [restartedMain] INFO [org.springframework.web.servlet.handler.AbstractUrlHandlerMapping.registerHandler] - Mapped URL path [/**] onto handler of type [class org.springframework.web.servlet.resource.ResourceHttpRequestHandler]
2017-09-26 15:12:38.876 [restartedMain] INFO [org.springframework.web.servlet.handler.AbstractUrlHandlerMapping.registerHandler] - Mapped URL path [/**/favicon.ico] onto handler of type [class org.springframework.web.servlet.resource.ResourceHttpRequestHandler]
2017-09-26 15:12:39.887 [restartedMain] INFO [org.springframework.web.servlet.handler.AbstractHandlerMethodMapping$MappingRegistry.register] - Mapped "{[/dump || /dump.json],methods=[GET],produces=[application/vnd.spring-boot.actuator.v1+json || application/json]}" onto public java.lang.Object org.springframework.boot.actuate.endpoint.mvc.EndpointMvcAdapter.invoke()
2017-09-26 15:12:39.888 [restartedMain] INFO [org.springframework.web.servlet.handler.AbstractHandlerMethodMapping$MappingRegistry.register] - Mapped "{[/configprops || /configprops.json],methods=[GET],produces=[application/vnd.spring-boot.actuator.v1+json || application/json]}" onto public java.lang.Object org.springframework.boot.actuate.endpoint.mvc.EndpointMvcAdapter.invoke()
2017-09-26 15:12:39.888 [restartedMain] INFO [org.springframework.web.servlet.handler.AbstractHandlerMethodMapping$MappingRegistry.register] - Mapped "{[/info || /info.json],methods=[GET],produces=[application/vnd.spring-boot.actuator.v1+json || application/json]}" onto public java.lang.Object org.springframework.boot.actuate.endpoint.mvc.EndpointMvcAdapter.invoke()
2017-09-26 15:12:39.890 [restartedMain] INFO [org.springframework.web.servlet.handler.AbstractHandlerMethodMapping$MappingRegistry.register] - Mapped "{[/archaius || /archaius.json],methods=[GET],produces=[application/vnd.spring-boot.actuator.v1+json || application/json]}" onto public java.lang.Object org.springframework.boot.actuate.endpoint.mvc.EndpointMvcAdapter.invoke()
2017-09-26 15:12:39.891 [restartedMain] INFO [org.springframework.web.servlet.handler.AbstractHandlerMethodMapping$MappingRegistry.register] - Mapped "{[/health || /health.json],methods=[GET],produces=[application/vnd.spring-boot.actuator.v1+json || application/json]}" onto public java.lang.Object org.springframework.boot.actuate.endpoint.mvc.HealthMvcEndpoint.invoke(javax.servlet.http.HttpServletRequest)
2017-09-26 15:12:39.891 [restartedMain] INFO [org.springframework.web.servlet.handler.AbstractHandlerMethodMapping$MappingRegistry.register] - Mapped "{[/env/{name:.*}],methods=[GET],produces=[application/vnd.spring-boot.actuator.v1+json || application/json]}" onto public java.lang.Object org.springframework.boot.actuate.endpoint.mvc.EnvironmentMvcEndpoint.value(java.lang.String)
2017-09-26 15:12:39.892 [restartedMain] INFO [org.springframework.web.servlet.handler.AbstractHandlerMethodMapping$MappingRegistry.register] - Mapped "{[/env || /env.json],methods=[GET],produces=[application/vnd.spring-boot.actuator.v1+json || application/json]}" onto public java.lang.Object org.springframework.boot.actuate.endpoint.mvc.EndpointMvcAdapter.invoke()
2017-09-26 15:12:39.892 [restartedMain] INFO [org.springframework.web.servlet.handler.AbstractHandlerMethodMapping$MappingRegistry.register] - Mapped "{[/auditevents || /auditevents.json],methods=[GET],produces=[application/vnd.spring-boot.actuator.v1+json || application/json]}" onto public org.springframework.http.ResponseEntity<?> org.springframework.boot.actuate.endpoint.mvc.AuditEventsMvcEndpoint.findByPrincipalAndAfterAndType(java.lang.String,java.util.Date,java.lang.String)
2017-09-26 15:12:39.895 [restartedMain] INFO [org.springframework.web.servlet.handler.AbstractHandlerMethodMapping$MappingRegistry.register] - Mapped "{[/metrics/{name:.*}],methods=[GET],produces=[application/vnd.spring-boot.actuator.v1+json || application/json]}" onto public java.lang.Object org.springframework.boot.actuate.endpoint.mvc.MetricsMvcEndpoint.value(java.lang.String)
2017-09-26 15:12:39.895 [restartedMain] INFO [org.springframework.web.servlet.handler.AbstractHandlerMethodMapping$MappingRegistry.register] - Mapped "{[/metrics || /metrics.json],methods=[GET],produces=[application/vnd.spring-boot.actuator.v1+json || application/json]}" onto public java.lang.Object org.springframework.boot.actuate.endpoint.mvc.EndpointMvcAdapter.invoke()
2017-09-26 15:12:39.896 [restartedMain] INFO [org.springframework.web.servlet.handler.AbstractHandlerMethodMapping$MappingRegistry.register] - Mapped "{[/features || /features.json],methods=[GET],produces=[application/vnd.spring-boot.actuator.v1+json || application/json]}" onto public java.lang.Object org.springframework.boot.actuate.endpoint.mvc.EndpointMvcAdapter.invoke()
2017-09-26 15:12:39.897 [restartedMain] INFO [org.springframework.web.servlet.handler.AbstractHandlerMethodMapping$MappingRegistry.register] - Mapped "{[/routes || /routes.json],methods=[POST]}" onto public java.util.Map<java.lang.String, java.lang.String> org.springframework.cloud.netflix.zuul.RoutesEndpoint.reset()
2017-09-26 15:12:39.897 [restartedMain] INFO [org.springframework.web.servlet.handler.AbstractHandlerMethodMapping$MappingRegistry.register] - Mapped "{[/routes || /routes.json],methods=[GET]}" onto public java.util.Map<java.lang.String, java.lang.String> org.springframework.cloud.netflix.zuul.RoutesEndpoint.getRoutes()
2017-09-26 15:12:39.898 [restartedMain] INFO [org.springframework.web.servlet.handler.AbstractHandlerMethodMapping$MappingRegistry.register] - Mapped "{[/resume || /resume.json],methods=[POST]}" onto public java.lang.Object org.springframework.cloud.endpoint.GenericPostableMvcEndpoint.invoke()
2017-09-26 15:12:39.899 [restartedMain] INFO [org.springframework.web.servlet.handler.AbstractHandlerMethodMapping$MappingRegistry.register] - Mapped "{[/hystrix.stream/**]}" onto public org.springframework.web.servlet.ModelAndView org.springframework.cloud.netflix.endpoint.ServletWrappingEndpoint.handle(javax.servlet.http.HttpServletRequest,javax.servlet.http.HttpServletResponse) throws java.lang.Exception
2017-09-26 15:12:39.901 [restartedMain] INFO [org.springframework.web.servlet.handler.AbstractHandlerMethodMapping$MappingRegistry.register] - Mapped "{[/beans || /beans.json],methods=[GET],produces=[application/vnd.spring-boot.actuator.v1+json || application/json]}" onto public java.lang.Object org.springframework.boot.actuate.endpoint.mvc.EndpointMvcAdapter.invoke()
2017-09-26 15:12:39.906 [restartedMain] INFO [org.springframework.web.servlet.handler.AbstractHandlerMethodMapping$MappingRegistry.register] - Mapped "{[/autoconfig || /autoconfig.json],methods=[GET],produces=[application/vnd.spring-boot.actuator.v1+json || application/json]}" onto public java.lang.Object org.springframework.boot.actuate.endpoint.mvc.EndpointMvcAdapter.invoke()
2017-09-26 15:12:39.908 [restartedMain] INFO [org.springframework.web.servlet.handler.AbstractHandlerMethodMapping$MappingRegistry.register] - Mapped "{[/restart || /restart.json],methods=[POST]}" onto public java.lang.Object org.springframework.cloud.context.restart.RestartMvcEndpoint.invoke()
2017-09-26 15:12:39.909 [restartedMain] INFO [org.springframework.web.servlet.handler.AbstractHandlerMethodMapping$MappingRegistry.register] - Mapped "{[/pause || /pause.json],methods=[POST]}" onto public java.lang.Object org.springframework.cloud.endpoint.GenericPostableMvcEndpoint.invoke()
2017-09-26 15:12:39.912 [restartedMain] INFO [org.springframework.web.servlet.handler.AbstractHandlerMethodMapping$MappingRegistry.register] - Mapped "{[/mappings || /mappings.json],methods=[GET],produces=[application/vnd.spring-boot.actuator.v1+json || application/json]}" onto public java.lang.Object org.springframework.boot.actuate.endpoint.mvc.EndpointMvcAdapter.invoke()
2017-09-26 15:12:39.915 [restartedMain] INFO [org.springframework.web.servlet.handler.AbstractHandlerMethodMapping$MappingRegistry.register] - Mapped "{[/trace || /trace.json],methods=[GET],produces=[application/vnd.spring-boot.actuator.v1+json || application/json]}" onto public java.lang.Object org.springframework.boot.actuate.endpoint.mvc.EndpointMvcAdapter.invoke()
2017-09-26 15:12:39.916 [restartedMain] INFO [org.springframework.web.servlet.handler.AbstractHandlerMethodMapping$MappingRegistry.register] - Mapped "{[/heapdump || /heapdump.json],methods=[GET],produces=[application/octet-stream]}" onto public void org.springframework.boot.actuate.endpoint.mvc.HeapdumpMvcEndpoint.invoke(boolean,javax.servlet.http.HttpServletRequest,javax.servlet.http.HttpServletResponse) throws java.io.IOException,javax.servlet.ServletException
2017-09-26 15:12:39.919 [restartedMain] INFO [org.springframework.web.servlet.handler.AbstractHandlerMethodMapping$MappingRegistry.register] - Mapped "{[/refresh || /refresh.json],methods=[POST]}" onto public java.lang.Object org.springframework.cloud.endpoint.GenericPostableMvcEndpoint.invoke()
2017-09-26 15:12:39.920 [restartedMain] INFO [org.springframework.web.servlet.handler.AbstractHandlerMethodMapping$MappingRegistry.register] - Mapped "{[/env],methods=[POST]}" onto public java.lang.Object org.springframework.cloud.context.environment.EnvironmentManagerMvcEndpoint.value(java.util.Map<java.lang.String, java.lang.String>)
2017-09-26 15:12:39.920 [restartedMain] INFO [org.springframework.web.servlet.handler.AbstractHandlerMethodMapping$MappingRegistry.register] - Mapped "{[/env/reset],methods=[POST]}" onto public java.util.Map<java.lang.String, java.lang.Object> org.springframework.cloud.context.environment.EnvironmentManagerMvcEndpoint.reset()
2017-09-26 15:12:39.923 [restartedMain] INFO [org.springframework.web.servlet.handler.AbstractHandlerMethodMapping$MappingRegistry.register] - Mapped "{[/loggers/{name:.*}],methods=[GET],produces=[application/vnd.spring-boot.actuator.v1+json || application/json]}" onto public java.lang.Object org.springframework.boot.actuate.endpoint.mvc.LoggersMvcEndpoint.get(java.lang.String)
2017-09-26 15:12:39.924 [restartedMain] INFO [org.springframework.web.servlet.handler.AbstractHandlerMethodMapping$MappingRegistry.register] - Mapped "{[/loggers/{name:.*}],methods=[POST],consumes=[application/vnd.spring-boot.actuator.v1+json || application/json],produces=[application/vnd.spring-boot.actuator.v1+json || application/json]}" onto public java.lang.Object org.springframework.boot.actuate.endpoint.mvc.LoggersMvcEndpoint.set(java.lang.String,java.util.Map<java.lang.String, java.lang.String>)
2017-09-26 15:12:39.924 [restartedMain] INFO [org.springframework.web.servlet.handler.AbstractHandlerMethodMapping$MappingRegistry.register] - Mapped "{[/loggers || /loggers.json],methods=[GET],produces=[application/vnd.spring-boot.actuator.v1+json || application/json]}" onto public java.lang.Object org.springframework.boot.actuate.endpoint.mvc.EndpointMvcAdapter.invoke()
2017-09-26 15:12:40.284 [restartedMain] INFO [org.springframework.ui.freemarker.SpringTemplateLoader.<init>] - SpringTemplateLoader for FreeMarker: using resource loader [org.springframework.boot.context.embedded.AnnotationConfigEmbeddedWebApplicationContext@7728f4f8: startup date [Tue Sep 26 15:12:32 CST 2017]; parent: org.springframework.context.annotation.AnnotationConfigApplicationContext@ff62176] and template loader path [classpath:/templates/]
2017-09-26 15:12:40.286 [restartedMain] INFO [org.springframework.web.servlet.view.freemarker.FreeMarkerConfigurer.postProcessTemplateLoaders] - ClassTemplateLoader for Spring macros added to FreeMarker configuration
2017-09-26 15:12:40.833 [restartedMain] WARN [org.springframework.boot.devtools.autoconfigure.OptionalLiveReloadServer.startServer] - Unable to start LiveReload server
2017-09-26 15:12:41.192 [restartedMain] INFO [org.springframework.jmx.export.MBeanExporter.afterSingletonsInstantiated] - Registering beans for JMX exposure on startup
2017-09-26 15:12:41.194 [restartedMain] INFO [org.springframework.jmx.export.MBeanExporter.autodetect] - Bean with name 'dataSource' has been autodetected for JMX exposure
2017-09-26 15:12:41.205 [restartedMain] INFO [org.springframework.jmx.export.MBeanExporter.autodetect] - Bean with name 'zuulEndpoint' has been autodetected for JMX exposure
2017-09-26 15:12:41.206 [restartedMain] INFO [org.springframework.jmx.export.MBeanExporter.autodetect] - Bean with name 'refreshScope' has been autodetected for JMX exposure
2017-09-26 15:12:41.207 [restartedMain] INFO [org.springframework.jmx.export.MBeanExporter.autodetect] - Bean with name 'environmentManager' has been autodetected for JMX exposure
2017-09-26 15:12:41.209 [restartedMain] INFO [org.springframework.jmx.export.MBeanExporter.autodetect] - Bean with name 'configurationPropertiesRebinder' has been autodetected for JMX exposure
2017-09-26 15:12:41.210 [restartedMain] INFO [org.springframework.jmx.export.MBeanExporter.autodetect] - Bean with name 'refreshEndpoint' has been autodetected for JMX exposure
2017-09-26 15:12:41.212 [restartedMain] INFO [org.springframework.jmx.export.MBeanExporter.autodetect] - Bean with name 'restartEndpoint' has been autodetected for JMX exposure
2017-09-26 15:12:41.216 [restartedMain] INFO [org.springframework.jmx.export.MBeanExporter.registerBeanInstance] - Located managed bean 'environmentManager': registering with JMX server as MBean [org.springframework.cloud.context.environment:name=environmentManager,type=EnvironmentManager]
2017-09-26 15:12:41.233 [restartedMain] INFO [org.springframework.jmx.export.MBeanExporter.registerBeanInstance] - Located managed bean 'restartEndpoint': registering with JMX server as MBean [org.springframework.cloud.context.restart:name=restartEndpoint,type=RestartEndpoint]
2017-09-26 15:12:41.249 [restartedMain] INFO [org.springframework.jmx.export.MBeanExporter.registerBeanInstance] - Located managed bean 'refreshScope': registering with JMX server as MBean [org.springframework.cloud.context.scope.refresh:name=refreshScope,type=RefreshScope]
2017-09-26 15:12:41.264 [restartedMain] INFO [org.springframework.jmx.export.MBeanExporter.registerBeanInstance] - Located managed bean 'zuulEndpoint': registering with JMX server as MBean [org.springframework.cloud.netflix.zuul:name=zuulEndpoint,type=RoutesEndpoint]
2017-09-26 15:12:41.268 [restartedMain] INFO [org.springframework.jmx.export.MBeanExporter.registerBeanInstance] - Located managed bean 'configurationPropertiesRebinder': registering with JMX server as MBean [org.springframework.cloud.context.properties:name=configurationPropertiesRebinder,context=7728f4f8,type=ConfigurationPropertiesRebinder]
2017-09-26 15:12:41.274 [restartedMain] INFO [org.springframework.jmx.export.MBeanExporter.registerBeanInstance] - Located MBean 'dataSource': registering with JMX server as MBean [com.alibaba.druid.pool:name=dataSource,type=DruidDataSource]
2017-09-26 15:12:41.276 [restartedMain] INFO [org.springframework.jmx.export.MBeanExporter.registerBeanInstance] - Located managed bean 'refreshEndpoint': registering with JMX server as MBean [org.springframework.cloud.endpoint:name=refreshEndpoint,type=RefreshEndpoint]
2017-09-26 15:12:41.277 [restartedMain] INFO [org.springframework.jmx.export.MBeanExporter.afterSingletonsInstantiated] - Registering beans for JMX exposure on startup
2017-09-26 15:12:41.546 [restartedMain] INFO [org.springframework.context.support.DefaultLifecycleProcessor$LifecycleGroup.start] - Starting beans in phase 0
2017-09-26 15:12:41.553 [restartedMain] INFO [org.springframework.cloud.netflix.eureka.InstanceInfoFactory.create] - Setting initial instance status as: STARTING
2017-09-26 15:12:42.752 [restartedMain] INFO [org.springframework.cloud.netflix.eureka.EurekaDiscoveryClientConfiguration.start] - Registering application gateway with eureka with status UP
2017-09-26 15:12:42.759 [restartedMain] INFO [org.springframework.jmx.export.MBeanExporter.registerBeanInstance] - Located managed bean 'auditEventsEndpoint': registering with JMX server as MBean [org.springframework.boot:type=Endpoint,name=auditEventsEndpoint]
2017-09-26 15:12:42.784 [restartedMain] INFO [org.springframework.jmx.export.MBeanExporter.registerBeanInstance] - Located managed bean 'featuresEndpoint': registering with JMX server as MBean [org.springframework.boot:type=Endpoint,name=featuresEndpoint]
2017-09-26 15:12:42.814 [restartedMain] INFO [org.springframework.jmx.export.MBeanExporter.registerBeanInstance] - Located managed bean 'requestMappingEndpoint': registering with JMX server as MBean [org.springframework.boot:type=Endpoint,name=requestMappingEndpoint]
2017-09-26 15:12:42.819 [restartedMain] INFO [org.springframework.jmx.export.MBeanExporter.registerBeanInstance] - Located managed bean 'environmentEndpoint': registering with JMX server as MBean [org.springframework.boot:type=Endpoint,name=environmentEndpoint]
2017-09-26 15:12:42.830 [restartedMain] INFO [org.springframework.jmx.export.MBeanExporter.registerBeanInstance] - Located managed bean 'healthEndpoint': registering with JMX server as MBean [org.springframework.boot:type=Endpoint,name=healthEndpoint]
2017-09-26 15:12:42.834 [restartedMain] INFO [org.springframework.jmx.export.MBeanExporter.registerBeanInstance] - Located managed bean 'beansEndpoint': registering with JMX server as MBean [org.springframework.boot:type=Endpoint,name=beansEndpoint]
2017-09-26 15:12:42.837 [restartedMain] INFO [org.springframework.jmx.export.MBeanExporter.registerBeanInstance] - Located managed bean 'infoEndpoint': registering with JMX server as MBean [org.springframework.boot:type=Endpoint,name=infoEndpoint]
2017-09-26 15:12:42.846 [restartedMain] INFO [org.springframework.jmx.export.MBeanExporter.registerBeanInstance] - Located managed bean 'loggersEndpoint': registering with JMX server as MBean [org.springframework.boot:type=Endpoint,name=loggersEndpoint]
2017-09-26 15:12:42.871 [restartedMain] INFO [org.springframework.jmx.export.MBeanExporter.registerBeanInstance] - Located managed bean 'metricsEndpoint': registering with JMX server as MBean [org.springframework.boot:type=Endpoint,name=metricsEndpoint]
2017-09-26 15:12:42.880 [restartedMain] INFO [org.springframework.jmx.export.MBeanExporter.registerBeanInstance] - Located managed bean 'traceEndpoint': registering with JMX server as MBean [org.springframework.boot:type=Endpoint,name=traceEndpoint]
2017-09-26 15:12:42.890 [restartedMain] INFO [org.springframework.jmx.export.MBeanExporter.registerBeanInstance] - Located managed bean 'dumpEndpoint': registering with JMX server as MBean [org.springframework.boot:type=Endpoint,name=dumpEndpoint]
2017-09-26 15:12:42.897 [restartedMain] INFO [org.springframework.jmx.export.MBeanExporter.registerBeanInstance] - Located managed bean 'autoConfigurationReportEndpoint': registering with JMX server as MBean [org.springframework.boot:type=Endpoint,name=autoConfigurationReportEndpoint]
2017-09-26 15:12:42.921 [restartedMain] INFO [org.springframework.jmx.export.MBeanExporter.registerBeanInstance] - Located managed bean 'configurationPropertiesReportEndpoint': registering with JMX server as MBean [org.springframework.boot:type=Endpoint,name=configurationPropertiesReportEndpoint]
2017-09-26 15:12:42.928 [restartedMain] INFO [org.springframework.jmx.export.MBeanExporter.registerBeanInstance] - Located managed bean 'archaiusEndpoint': registering with JMX server as MBean [org.springframework.boot:type=Endpoint,name=archaiusEndpoint]
2017-09-26 15:12:42.933 [restartedMain] INFO [org.springframework.context.support.DefaultLifecycleProcessor$LifecycleGroup.start] - Starting beans in phase 2147483647
2017-09-26 15:12:42.945 [restartedMain] INFO [org.springframework.cloud.netflix.hystrix.HystrixCircuitBreakerConfiguration$HystrixMetricsPollerConfiguration.start] - Starting poller
2017-09-26 15:12:43.397 [restartedMain] INFO [org.springframework.boot.context.embedded.tomcat.TomcatEmbeddedServletContainer.start] - Tomcat started on port(s): 8080 (http)
2017-09-26 15:12:43.398 [restartedMain] INFO [org.springframework.cloud.netflix.eureka.EurekaDiscoveryClientConfiguration.onApplicationEvent] - Updating port to 8080
2017-09-26 15:14:08.649 [http-nio-8080-exec-1] INFO [org.springframework.web.servlet.FrameworkServlet.initServletBean] - FrameworkServlet 'dispatcherServlet': initialization started
2017-09-26 15:14:08.695 [http-nio-8080-exec-1] INFO [org.springframework.web.servlet.FrameworkServlet.initServletBean] - FrameworkServlet 'dispatcherServlet': initialization completed in 46 ms
2017-09-26 15:14:08.740 [http-nio-8080-exec-1] INFO [org.springframework.web.servlet.handler.AbstractUrlHandlerMapping.registerHandler] - Mapped URL path [/orderMgr/**] onto handler of type [class org.springframework.cloud.netflix.zuul.web.ZuulController]
2017-09-26 15:14:08.740 [http-nio-8080-exec-1] INFO [org.springframework.web.servlet.handler.AbstractUrlHandlerMapping.registerHandler] - Mapped URL path [/userMgr/**] onto handler of type [class org.springframework.cloud.netflix.zuul.web.ZuulController]
2017-09-26 15:14:08.740 [http-nio-8080-exec-1] INFO [org.springframework.web.servlet.handler.AbstractUrlHandlerMapping.registerHandler] - Mapped URL path [/registry/**] onto handler of type [class org.springframework.cloud.netflix.zuul.web.ZuulController]
2017-09-26 15:14:08.741 [http-nio-8080-exec-1] INFO [org.springframework.web.servlet.handler.AbstractUrlHandlerMapping.registerHandler] - Mapped URL path [/order/**] onto handler of type [class org.springframework.cloud.netflix.zuul.web.ZuulController]
2017-09-26 15:14:08.741 [http-nio-8080-exec-1] INFO [org.springframework.web.servlet.handler.AbstractUrlHandlerMapping.registerHandler] - Mapped URL path [/user/**] onto handler of type [class org.springframework.cloud.netflix.zuul.web.ZuulController]
