2017-09-29 15:32:19.903 [Thread-2] INFO [org.springframework.context.support.AbstractApplicationContext.doClose] - Closing org.springframework.context.annotation.AnnotationConfigApplicationContext@4ee45ee8: startup date [Thu Sep 28 10:51:51 CST 2017]; root of context hierarchy
2017-09-29 15:32:19.995 [Thread-2] INFO [org.springframework.context.support.AbstractApplicationContext.doClose] - Closing org.springframework.boot.context.embedded.AnnotationConfigEmbeddedWebApplicationContext@3c2bad67: startup date [Thu Sep 28 10:51:52 CST 2017]; parent: org.springframework.context.annotation.AnnotationConfigApplicationContext@4ee45ee8
2017-09-29 15:32:20.000 [Thread-2] INFO [org.springframework.cloud.netflix.eureka.EurekaDiscoveryClientConfiguration.stop] - Unregistering application gateway with eureka with status DOWN
2017-09-29 15:32:20.024 [DiscoveryClient-InstanceInfoReplicator-0] ERROR [com.netflix.discovery.shared.transport.decorator.RedirectingEurekaHttpClient.execute] - Request execution error
com.sun.jersey.api.client.ClientHandlerException: org.apache.http.NoHttpResponseException: localhost:8888 failed to respond
	at com.sun.jersey.client.apache4.ApacheHttpClient4Handler.handle(ApacheHttpClient4Handler.java:187) ~[jersey-apache-client4-1.19.1.jar:1.19.1]
	at com.sun.jersey.api.client.filter.GZIPContentEncodingFilter.handle(GZIPContentEncodingFilter.java:123) ~[jersey-client-1.19.1.jar:1.19.1]
	at com.netflix.discovery.EurekaIdentityHeaderFilter.handle(EurekaIdentityHeaderFilter.java:27) ~[eureka-client-1.4.12.jar:1.4.12]
	at com.sun.jersey.api.client.Client.handle(Client.java:652) ~[jersey-client-1.19.1.jar:1.19.1]
	at com.sun.jersey.api.client.WebResource.handle(WebResource.java:682) ~[jersey-client-1.19.1.jar:1.19.1]
	at com.sun.jersey.api.client.WebResource.access$200(WebResource.java:74) ~[jersey-client-1.19.1.jar:1.19.1]
	at com.sun.jersey.api.client.WebResource$Builder.post(WebResource.java:570) ~[jersey-client-1.19.1.jar:1.19.1]
	at com.netflix.discovery.shared.transport.jersey.AbstractJerseyEurekaHttpClient.register(AbstractJerseyEurekaHttpClient.java:56) ~[eureka-client-1.4.12.jar:1.4.12]
	at com.netflix.discovery.shared.transport.decorator.EurekaHttpClientDecorator$1.execute(EurekaHttpClientDecorator.java:59) ~[eureka-client-1.4.12.jar:1.4.12]
	at com.netflix.discovery.shared.transport.decorator.MetricsCollectingEurekaHttpClient.execute(MetricsCollectingEurekaHttpClient.java:73) ~[eureka-client-1.4.12.jar:1.4.12]
	at com.netflix.discovery.shared.transport.decorator.EurekaHttpClientDecorator.register(EurekaHttpClientDecorator.java:56) ~[eureka-client-1.4.12.jar:1.4.12]
	at com.netflix.discovery.shared.transport.decorator.EurekaHttpClientDecorator$1.execute(EurekaHttpClientDecorator.java:59) ~[eureka-client-1.4.12.jar:1.4.12]
	at com.netflix.discovery.shared.transport.decorator.RedirectingEurekaHttpClient.execute(RedirectingEurekaHttpClient.java:89) [eureka-client-1.4.12.jar:1.4.12]
	at com.netflix.discovery.shared.transport.decorator.EurekaHttpClientDecorator.register(EurekaHttpClientDecorator.java:56) [eureka-client-1.4.12.jar:1.4.12]
	at com.netflix.discovery.shared.transport.decorator.EurekaHttpClientDecorator$1.execute(EurekaHttpClientDecorator.java:59) [eureka-client-1.4.12.jar:1.4.12]
	at com.netflix.discovery.shared.transport.decorator.RetryableEurekaHttpClient.execute(RetryableEurekaHttpClient.java:119) [eureka-client-1.4.12.jar:1.4.12]
	at com.netflix.discovery.shared.transport.decorator.EurekaHttpClientDecorator.register(EurekaHttpClientDecorator.java:56) [eureka-client-1.4.12.jar:1.4.12]
	at com.netflix.discovery.shared.transport.decorator.EurekaHttpClientDecorator$1.execute(EurekaHttpClientDecorator.java:59) [eureka-client-1.4.12.jar:1.4.12]
	at com.netflix.discovery.shared.transport.decorator.SessionedEurekaHttpClient.execute(SessionedEurekaHttpClient.java:77) [eureka-client-1.4.12.jar:1.4.12]
	at com.netflix.discovery.shared.transport.decorator.EurekaHttpClientDecorator.register(EurekaHttpClientDecorator.java:56) [eureka-client-1.4.12.jar:1.4.12]
	at com.netflix.discovery.DiscoveryClient.register(DiscoveryClient.java:815) [eureka-client-1.4.12.jar:1.4.12]
	at com.netflix.discovery.InstanceInfoReplicator.run(InstanceInfoReplicator.java:104) [eureka-client-1.4.12.jar:1.4.12]
	at com.netflix.discovery.InstanceInfoReplicator$1.run(InstanceInfoReplicator.java:88) [eureka-client-1.4.12.jar:1.4.12]
	at java.util.concurrent.Executors$RunnableAdapter.call(Executors.java:511) [?:1.8.0_111]
	at java.util.concurrent.FutureTask.run(FutureTask.java:266) [?:1.8.0_111]
	at java.util.concurrent.ScheduledThreadPoolExecutor$ScheduledFutureTask.access$201(ScheduledThreadPoolExecutor.java:180) [?:1.8.0_111]
	at java.util.concurrent.ScheduledThreadPoolExecutor$ScheduledFutureTask.run(ScheduledThreadPoolExecutor.java:293) [?:1.8.0_111]
	at java.util.concurrent.ThreadPoolExecutor.runWorker(ThreadPoolExecutor.java:1142) [?:1.8.0_111]
	at java.util.concurrent.ThreadPoolExecutor$Worker.run(ThreadPoolExecutor.java:617) [?:1.8.0_111]
	at java.lang.Thread.run(Thread.java:745) [?:1.8.0_111]
Caused by: org.apache.http.NoHttpResponseException: localhost:8888 failed to respond
	at org.apache.http.impl.conn.DefaultHttpResponseParser.parseHead(DefaultHttpResponseParser.java:143) ~[httpclient-4.5.2.jar:4.5.2]
	at org.apache.http.impl.conn.DefaultHttpResponseParser.parseHead(DefaultHttpResponseParser.java:57) ~[httpclient-4.5.2.jar:4.5.2]
	at org.apache.http.impl.io.AbstractMessageParser.parse(AbstractMessageParser.java:259) ~[httpcore-4.4.6.jar:4.4.6]
	at org.apache.http.impl.AbstractHttpClientConnection.receiveResponseHeader(AbstractHttpClientConnection.java:281) ~[httpcore-4.4.6.jar:4.4.6]
	at org.apache.http.impl.conn.DefaultClientConnection.receiveResponseHeader(DefaultClientConnection.java:259) ~[httpclient-4.5.2.jar:4.5.2]
	at org.apache.http.impl.conn.AbstractClientConnAdapter.receiveResponseHeader(AbstractClientConnAdapter.java:232) ~[httpclient-4.5.2.jar:4.5.2]
	at org.apache.http.protocol.HttpRequestExecutor.doReceiveResponse(HttpRequestExecutor.java:273) ~[httpcore-4.4.6.jar:4.4.6]
	at org.apache.http.protocol.HttpRequestExecutor.execute(HttpRequestExecutor.java:125) ~[httpcore-4.4.6.jar:4.4.6]
	at org.apache.http.impl.client.DefaultRequestDirector.tryExecute(DefaultRequestDirector.java:686) ~[httpclient-4.5.2.jar:4.5.2]
	at org.apache.http.impl.client.DefaultRequestDirector.execute(DefaultRequestDirector.java:488) ~[httpclient-4.5.2.jar:4.5.2]
	at org.apache.http.impl.client.AbstractHttpClient.doExecute(AbstractHttpClient.java:884) ~[httpclient-4.5.2.jar:4.5.2]
	at org.apache.http.impl.client.CloseableHttpClient.execute(CloseableHttpClient.java:117) ~[httpclient-4.5.2.jar:4.5.2]
	at org.apache.http.impl.client.CloseableHttpClient.execute(CloseableHttpClient.java:55) ~[httpclient-4.5.2.jar:4.5.2]
	at com.sun.jersey.client.apache4.ApacheHttpClient4Handler.handle(ApacheHttpClient4Handler.java:173) ~[jersey-apache-client4-1.19.1.jar:1.19.1]
	... 29 more
2017-09-29 15:32:20.089 [DiscoveryClient-InstanceInfoReplicator-0] ERROR [com.netflix.discovery.shared.transport.decorator.RedirectingEurekaHttpClient.execute] - Request execution error
com.sun.jersey.api.client.ClientHandlerException: org.apache.http.client.ClientProtocolException
	at com.sun.jersey.client.apache4.ApacheHttpClient4Handler.handle(ApacheHttpClient4Handler.java:187) ~[jersey-apache-client4-1.19.1.jar:1.19.1]
	at com.sun.jersey.api.client.filter.GZIPContentEncodingFilter.handle(GZIPContentEncodingFilter.java:123) ~[jersey-client-1.19.1.jar:1.19.1]
	at com.netflix.discovery.EurekaIdentityHeaderFilter.handle(EurekaIdentityHeaderFilter.java:27) ~[eureka-client-1.4.12.jar:1.4.12]
	at com.sun.jersey.api.client.Client.handle(Client.java:652) ~[jersey-client-1.19.1.jar:1.19.1]
	at com.sun.jersey.api.client.WebResource.handle(WebResource.java:682) ~[jersey-client-1.19.1.jar:1.19.1]
	at com.sun.jersey.api.client.WebResource.access$200(WebResource.java:74) ~[jersey-client-1.19.1.jar:1.19.1]
	at com.sun.jersey.api.client.WebResource$Builder.post(WebResource.java:570) ~[jersey-client-1.19.1.jar:1.19.1]
	at com.netflix.discovery.shared.transport.jersey.AbstractJerseyEurekaHttpClient.register(AbstractJerseyEurekaHttpClient.java:56) ~[eureka-client-1.4.12.jar:1.4.12]
	at com.netflix.discovery.shared.transport.decorator.EurekaHttpClientDecorator$1.execute(EurekaHttpClientDecorator.java:59) ~[eureka-client-1.4.12.jar:1.4.12]
	at com.netflix.discovery.shared.transport.decorator.MetricsCollectingEurekaHttpClient.execute(MetricsCollectingEurekaHttpClient.java:73) ~[eureka-client-1.4.12.jar:1.4.12]
	at com.netflix.discovery.shared.transport.decorator.EurekaHttpClientDecorator.register(EurekaHttpClientDecorator.java:56) ~[eureka-client-1.4.12.jar:1.4.12]
	at com.netflix.discovery.shared.transport.decorator.EurekaHttpClientDecorator$1.execute(EurekaHttpClientDecorator.java:59) ~[eureka-client-1.4.12.jar:1.4.12]
	at com.netflix.discovery.shared.transport.decorator.RedirectingEurekaHttpClient.executeOnNewServer(RedirectingEurekaHttpClient.java:118) ~[eureka-client-1.4.12.jar:1.4.12]
	at com.netflix.discovery.shared.transport.decorator.RedirectingEurekaHttpClient.execute(RedirectingEurekaHttpClient.java:79) [eureka-client-1.4.12.jar:1.4.12]
	at com.netflix.discovery.shared.transport.decorator.EurekaHttpClientDecorator.register(EurekaHttpClientDecorator.java:56) [eureka-client-1.4.12.jar:1.4.12]
	at com.netflix.discovery.shared.transport.decorator.EurekaHttpClientDecorator$1.execute(EurekaHttpClientDecorator.java:59) [eureka-client-1.4.12.jar:1.4.12]
	at com.netflix.discovery.shared.transport.decorator.RetryableEurekaHttpClient.execute(RetryableEurekaHttpClient.java:119) [eureka-client-1.4.12.jar:1.4.12]
	at com.netflix.discovery.shared.transport.decorator.EurekaHttpClientDecorator.register(EurekaHttpClientDecorator.java:56) [eureka-client-1.4.12.jar:1.4.12]
	at com.netflix.discovery.shared.transport.decorator.EurekaHttpClientDecorator$1.execute(EurekaHttpClientDecorator.java:59) [eureka-client-1.4.12.jar:1.4.12]
	at com.netflix.discovery.shared.transport.decorator.SessionedEurekaHttpClient.execute(SessionedEurekaHttpClient.java:77) [eureka-client-1.4.12.jar:1.4.12]
	at com.netflix.discovery.shared.transport.decorator.EurekaHttpClientDecorator.register(EurekaHttpClientDecorator.java:56) [eureka-client-1.4.12.jar:1.4.12]
	at com.netflix.discovery.DiscoveryClient.register(DiscoveryClient.java:815) [eureka-client-1.4.12.jar:1.4.12]
	at com.netflix.discovery.InstanceInfoReplicator.run(InstanceInfoReplicator.java:104) [eureka-client-1.4.12.jar:1.4.12]
	at com.netflix.discovery.InstanceInfoReplicator$1.run(InstanceInfoReplicator.java:88) [eureka-client-1.4.12.jar:1.4.12]
	at java.util.concurrent.Executors$RunnableAdapter.call(Executors.java:511) [?:1.8.0_111]
	at java.util.concurrent.FutureTask.run(FutureTask.java:266) [?:1.8.0_111]
	at java.util.concurrent.ScheduledThreadPoolExecutor$ScheduledFutureTask.access$201(ScheduledThreadPoolExecutor.java:180) [?:1.8.0_111]
	at java.util.concurrent.ScheduledThreadPoolExecutor$ScheduledFutureTask.run(ScheduledThreadPoolExecutor.java:293) [?:1.8.0_111]
	at java.util.concurrent.ThreadPoolExecutor.runWorker(ThreadPoolExecutor.java:1142) [?:1.8.0_111]
	at java.util.concurrent.ThreadPoolExecutor$Worker.run(ThreadPoolExecutor.java:617) [?:1.8.0_111]
	at java.lang.Thread.run(Thread.java:745) [?:1.8.0_111]
Caused by: org.apache.http.client.ClientProtocolException
	at org.apache.http.impl.client.AbstractHttpClient.doExecute(AbstractHttpClient.java:888) ~[httpclient-4.5.2.jar:4.5.2]
	at org.apache.http.impl.client.CloseableHttpClient.execute(CloseableHttpClient.java:117) ~[httpclient-4.5.2.jar:4.5.2]
	at org.apache.http.impl.client.CloseableHttpClient.execute(CloseableHttpClient.java:55) ~[httpclient-4.5.2.jar:4.5.2]
	at com.sun.jersey.client.apache4.ApacheHttpClient4Handler.handle(ApacheHttpClient4Handler.java:173) ~[jersey-apache-client4-1.19.1.jar:1.19.1]
	... 30 more
Caused by: org.apache.http.client.NonRepeatableRequestException: Cannot retry request with a non-repeatable request entity.  The cause lists the reason the original request failed.
	at org.apache.http.impl.client.DefaultRequestDirector.tryExecute(DefaultRequestDirector.java:660) ~[httpclient-4.5.2.jar:4.5.2]
	at org.apache.http.impl.client.DefaultRequestDirector.execute(DefaultRequestDirector.java:488) ~[httpclient-4.5.2.jar:4.5.2]
	at org.apache.http.impl.client.AbstractHttpClient.doExecute(AbstractHttpClient.java:884) ~[httpclient-4.5.2.jar:4.5.2]
	at org.apache.http.impl.client.CloseableHttpClient.execute(CloseableHttpClient.java:117) ~[httpclient-4.5.2.jar:4.5.2]
	at org.apache.http.impl.client.CloseableHttpClient.execute(CloseableHttpClient.java:55) ~[httpclient-4.5.2.jar:4.5.2]
	at com.sun.jersey.client.apache4.ApacheHttpClient4Handler.handle(ApacheHttpClient4Handler.java:173) ~[jersey-apache-client4-1.19.1.jar:1.19.1]
	... 30 more
Caused by: java.net.SocketException: Software caused connection abort: socket write error
	at java.net.SocketOutputStream.socketWrite0(Native Method) ~[?:1.8.0_111]
	at java.net.SocketOutputStream.socketWrite(SocketOutputStream.java:109) ~[?:1.8.0_111]
	at java.net.SocketOutputStream.write(SocketOutputStream.java:153) ~[?:1.8.0_111]
	at org.apache.http.impl.io.AbstractSessionOutputBuffer.flushBuffer(AbstractSessionOutputBuffer.java:157) ~[httpcore-4.4.6.jar:4.4.6]
	at org.apache.http.impl.io.AbstractSessionOutputBuffer.flush(AbstractSessionOutputBuffer.java:164) ~[httpcore-4.4.6.jar:4.4.6]
	at org.apache.http.impl.io.ChunkedOutputStream.flush(ChunkedOutputStream.java:192) ~[httpcore-4.4.6.jar:4.4.6]
	at com.fasterxml.jackson.core.json.UTF8JsonGenerator.flush(UTF8JsonGenerator.java:1048) ~[jackson-core-2.8.6.jar:2.8.6]
	at com.fasterxml.jackson.databind.ObjectMapper.writeValue(ObjectMapper.java:2495) ~[jackson-databind-2.8.6.jar:2.8.6]
	at com.fasterxml.jackson.core.base.GeneratorBase.writeObject(GeneratorBase.java:378) ~[jackson-core-2.8.6.jar:2.8.6]
	at com.fasterxml.jackson.core.JsonGenerator.writeObjectField(JsonGenerator.java:1662) ~[jackson-core-2.8.6.jar:2.8.6]
	at com.netflix.discovery.converters.EurekaJacksonCodec$InstanceInfoSerializer.serialize(EurekaJacksonCodec.java:358) ~[eureka-client-1.4.12.jar:1.4.12]
	at com.netflix.discovery.converters.EurekaJacksonCodec$InstanceInfoSerializer.serialize(EurekaJacksonCodec.java:316) ~[eureka-client-1.4.12.jar:1.4.12]
	at com.fasterxml.jackson.databind.ser.DefaultSerializerProvider.serializeValue(DefaultSerializerProvider.java:416) ~[jackson-databind-2.8.6.jar:2.8.6]
	at com.fasterxml.jackson.databind.ObjectWriter$Prefetch.serialize(ObjectWriter.java:1425) ~[jackson-databind-2.8.6.jar:2.8.6]
	at com.fasterxml.jackson.databind.ObjectWriter._configAndWriteValue(ObjectWriter.java:1158) ~[jackson-databind-2.8.6.jar:2.8.6]
	at com.fasterxml.jackson.databind.ObjectWriter.writeValue(ObjectWriter.java:988) ~[jackson-databind-2.8.6.jar:2.8.6]
	at com.netflix.discovery.converters.EurekaJacksonCodec.writeTo(EurekaJacksonCodec.java:194) ~[eureka-client-1.4.12.jar:1.4.12]
	at com.netflix.discovery.converters.wrappers.CodecWrappers$LegacyJacksonJson.encode(CodecWrappers.java:304) ~[eureka-client-1.4.12.jar:1.4.12]
	at com.netflix.discovery.provider.DiscoveryJerseyProvider.writeTo(DiscoveryJerseyProvider.java:135) ~[eureka-client-1.4.12.jar:1.4.12]
	at com.sun.jersey.api.client.RequestWriter$RequestEntityWriterImpl.writeRequestEntity(RequestWriter.java:231) ~[jersey-client-1.19.1.jar:1.19.1]
	at com.sun.jersey.client.apache4.ApacheHttpClient4Handler$2.writeTo(ApacheHttpClient4Handler.java:289) ~[jersey-apache-client4-1.19.1.jar:1.19.1]
	at org.apache.http.entity.HttpEntityWrapper.writeTo(HttpEntityWrapper.java:94) ~[httpcore-4.4.6.jar:4.4.6]
	at org.apache.http.impl.client.EntityEnclosingRequestWrapper$EntityWrapper.writeTo(EntityEnclosingRequestWrapper.java:112) ~[httpclient-4.5.2.jar:4.5.2]
	at org.apache.http.impl.entity.EntitySerializer.serialize(EntitySerializer.java:118) ~[httpcore-4.4.6.jar:4.4.6]
	at org.apache.http.impl.AbstractHttpClientConnection.sendRequestEntity(AbstractHttpClientConnection.java:263) ~[httpcore-4.4.6.jar:4.4.6]
	at org.apache.http.impl.conn.AbstractClientConnAdapter.sendRequestEntity(AbstractClientConnAdapter.java:241) ~[httpclient-4.5.2.jar:4.5.2]
	at org.apache.http.protocol.HttpRequestExecutor.doSendRequest(HttpRequestExecutor.java:238) ~[httpcore-4.4.6.jar:4.4.6]
	at org.apache.http.protocol.HttpRequestExecutor.execute(HttpRequestExecutor.java:123) ~[httpcore-4.4.6.jar:4.4.6]
	at org.apache.http.impl.client.DefaultRequestDirector.tryExecute(DefaultRequestDirector.java:686) ~[httpclient-4.5.2.jar:4.5.2]
	at org.apache.http.impl.client.DefaultRequestDirector.execute(DefaultRequestDirector.java:488) ~[httpclient-4.5.2.jar:4.5.2]
	at org.apache.http.impl.client.AbstractHttpClient.doExecute(AbstractHttpClient.java:884) ~[httpclient-4.5.2.jar:4.5.2]
	at org.apache.http.impl.client.CloseableHttpClient.execute(CloseableHttpClient.java:117) ~[httpclient-4.5.2.jar:4.5.2]
	at org.apache.http.impl.client.CloseableHttpClient.execute(CloseableHttpClient.java:55) ~[httpclient-4.5.2.jar:4.5.2]
	at com.sun.jersey.client.apache4.ApacheHttpClient4Handler.handle(ApacheHttpClient4Handler.java:173) ~[jersey-apache-client4-1.19.1.jar:1.19.1]
	... 30 more
	Suppressed: java.net.SocketException: Software caused connection abort: socket write error
		at java.net.SocketOutputStream.socketWrite0(Native Method) ~[?:1.8.0_111]
		at java.net.SocketOutputStream.socketWrite(SocketOutputStream.java:109) ~[?:1.8.0_111]
		at java.net.SocketOutputStream.write(SocketOutputStream.java:153) ~[?:1.8.0_111]
		at org.apache.http.impl.io.AbstractSessionOutputBuffer.flushBuffer(AbstractSessionOutputBuffer.java:157) ~[httpcore-4.4.6.jar:4.4.6]
		at org.apache.http.impl.io.AbstractSessionOutputBuffer.flush(AbstractSessionOutputBuffer.java:164) ~[httpcore-4.4.6.jar:4.4.6]
		at org.apache.http.impl.io.ChunkedOutputStream.close(ChunkedOutputStream.java:203) ~[httpcore-4.4.6.jar:4.4.6]
		at com.fasterxml.jackson.core.json.UTF8JsonGenerator.close(UTF8JsonGenerator.java:1086) ~[jackson-core-2.8.6.jar:2.8.6]
		at com.fasterxml.jackson.databind.util.ClassUtil.closeOnFailAndThrowAsIAE(ClassUtil.java:499) ~[jackson-databind-2.8.6.jar:2.8.6]
		at com.fasterxml.jackson.databind.ObjectWriter._configAndWriteValue(ObjectWriter.java:1160) ~[jackson-databind-2.8.6.jar:2.8.6]
		at com.fasterxml.jackson.databind.ObjectWriter.writeValue(ObjectWriter.java:988) ~[jackson-databind-2.8.6.jar:2.8.6]
		at com.netflix.discovery.converters.EurekaJacksonCodec.writeTo(EurekaJacksonCodec.java:194) ~[eureka-client-1.4.12.jar:1.4.12]
		at com.netflix.discovery.converters.wrappers.CodecWrappers$LegacyJacksonJson.encode(CodecWrappers.java:304) ~[eureka-client-1.4.12.jar:1.4.12]
		at com.netflix.discovery.provider.DiscoveryJerseyProvider.writeTo(DiscoveryJerseyProvider.java:135) ~[eureka-client-1.4.12.jar:1.4.12]
		at com.sun.jersey.api.client.RequestWriter$RequestEntityWriterImpl.writeRequestEntity(RequestWriter.java:231) ~[jersey-client-1.19.1.jar:1.19.1]
		at com.sun.jersey.client.apache4.ApacheHttpClient4Handler$2.writeTo(ApacheHttpClient4Handler.java:289) ~[jersey-apache-client4-1.19.1.jar:1.19.1]
		at org.apache.http.entity.HttpEntityWrapper.writeTo(HttpEntityWrapper.java:94) ~[httpcore-4.4.6.jar:4.4.6]
		at org.apache.http.impl.client.EntityEnclosingRequestWrapper$EntityWrapper.writeTo(EntityEnclosingRequestWrapper.java:112) ~[httpclient-4.5.2.jar:4.5.2]
		at org.apache.http.impl.entity.EntitySerializer.serialize(EntitySerializer.java:118) ~[httpcore-4.4.6.jar:4.4.6]
		at org.apache.http.impl.AbstractHttpClientConnection.sendRequestEntity(AbstractHttpClientConnection.java:263) ~[httpcore-4.4.6.jar:4.4.6]
		at org.apache.http.impl.conn.AbstractClientConnAdapter.sendRequestEntity(AbstractClientConnAdapter.java:241) ~[httpclient-4.5.2.jar:4.5.2]
		at org.apache.http.protocol.HttpRequestExecutor.doSendRequest(HttpRequestExecutor.java:238) ~[httpcore-4.4.6.jar:4.4.6]
		at org.apache.http.protocol.HttpRequestExecutor.execute(HttpRequestExecutor.java:123) ~[httpcore-4.4.6.jar:4.4.6]
		at org.apache.http.impl.client.DefaultRequestDirector.tryExecute(DefaultRequestDirector.java:686) ~[httpclient-4.5.2.jar:4.5.2]
		at org.apache.http.impl.client.DefaultRequestDirector.execute(DefaultRequestDirector.java:488) ~[httpclient-4.5.2.jar:4.5.2]
		at org.apache.http.impl.client.AbstractHttpClient.doExecute(AbstractHttpClient.java:884) ~[httpclient-4.5.2.jar:4.5.2]
		at org.apache.http.impl.client.CloseableHttpClient.execute(CloseableHttpClient.java:117) ~[httpclient-4.5.2.jar:4.5.2]
		at org.apache.http.impl.client.CloseableHttpClient.execute(CloseableHttpClient.java:55) ~[httpclient-4.5.2.jar:4.5.2]
		at com.sun.jersey.client.apache4.ApacheHttpClient4Handler.handle(ApacheHttpClient4Handler.java:173) ~[jersey-apache-client4-1.19.1.jar:1.19.1]
		at com.sun.jersey.api.client.filter.GZIPContentEncodingFilter.handle(GZIPContentEncodingFilter.java:123) ~[jersey-client-1.19.1.jar:1.19.1]
		at com.netflix.discovery.EurekaIdentityHeaderFilter.handle(EurekaIdentityHeaderFilter.java:27) ~[eureka-client-1.4.12.jar:1.4.12]
		at com.sun.jersey.api.client.Client.handle(Client.java:652) ~[jersey-client-1.19.1.jar:1.19.1]
		at com.sun.jersey.api.client.WebResource.handle(WebResource.java:682) ~[jersey-client-1.19.1.jar:1.19.1]
		at com.sun.jersey.api.client.WebResource.access$200(WebResource.java:74) ~[jersey-client-1.19.1.jar:1.19.1]
		at com.sun.jersey.api.client.WebResource$Builder.post(WebResource.java:570) ~[jersey-client-1.19.1.jar:1.19.1]
		at com.netflix.discovery.shared.transport.jersey.AbstractJerseyEurekaHttpClient.register(AbstractJerseyEurekaHttpClient.java:56) ~[eureka-client-1.4.12.jar:1.4.12]
		at com.netflix.discovery.shared.transport.decorator.EurekaHttpClientDecorator$1.execute(EurekaHttpClientDecorator.java:59) ~[eureka-client-1.4.12.jar:1.4.12]
		at com.netflix.discovery.shared.transport.decorator.MetricsCollectingEurekaHttpClient.execute(MetricsCollectingEurekaHttpClient.java:73) ~[eureka-client-1.4.12.jar:1.4.12]
		at com.netflix.discovery.shared.transport.decorator.EurekaHttpClientDecorator.register(EurekaHttpClientDecorator.java:56) ~[eureka-client-1.4.12.jar:1.4.12]
		at com.netflix.discovery.shared.transport.decorator.EurekaHttpClientDecorator$1.execute(EurekaHttpClientDecorator.java:59) ~[eureka-client-1.4.12.jar:1.4.12]
		at com.netflix.discovery.shared.transport.decorator.RedirectingEurekaHttpClient.executeOnNewServer(RedirectingEurekaHttpClient.java:118) ~[eureka-client-1.4.12.jar:1.4.12]
		at com.netflix.discovery.shared.transport.decorator.RedirectingEurekaHttpClient.execute(RedirectingEurekaHttpClient.java:79) [eureka-client-1.4.12.jar:1.4.12]
		at com.netflix.discovery.shared.transport.decorator.EurekaHttpClientDecorator.register(EurekaHttpClientDecorator.java:56) [eureka-client-1.4.12.jar:1.4.12]
		at com.netflix.discovery.shared.transport.decorator.EurekaHttpClientDecorator$1.execute(EurekaHttpClientDecorator.java:59) [eureka-client-1.4.12.jar:1.4.12]
		at com.netflix.discovery.shared.transport.decorator.RetryableEurekaHttpClient.execute(RetryableEurekaHttpClient.java:119) [eureka-client-1.4.12.jar:1.4.12]
		at com.netflix.discovery.shared.transport.decorator.EurekaHttpClientDecorator.register(EurekaHttpClientDecorator.java:56) [eureka-client-1.4.12.jar:1.4.12]
		at com.netflix.discovery.shared.transport.decorator.EurekaHttpClientDecorator$1.execute(EurekaHttpClientDecorator.java:59) [eureka-client-1.4.12.jar:1.4.12]
		at com.netflix.discovery.shared.transport.decorator.SessionedEurekaHttpClient.execute(SessionedEurekaHttpClient.java:77) [eureka-client-1.4.12.jar:1.4.12]
		at com.netflix.discovery.shared.transport.decorator.EurekaHttpClientDecorator.register(EurekaHttpClientDecorator.java:56) [eureka-client-1.4.12.jar:1.4.12]
		at com.netflix.discovery.DiscoveryClient.register(DiscoveryClient.java:815) [eureka-client-1.4.12.jar:1.4.12]
		at com.netflix.discovery.InstanceInfoReplicator.run(InstanceInfoReplicator.java:104) [eureka-client-1.4.12.jar:1.4.12]
		at com.netflix.discovery.InstanceInfoReplicator$1.run(InstanceInfoReplicator.java:88) [eureka-client-1.4.12.jar:1.4.12]
		at java.util.concurrent.Executors$RunnableAdapter.call(Executors.java:511) [?:1.8.0_111]
		at java.util.concurrent.FutureTask.run(FutureTask.java:266) [?:1.8.0_111]
		at java.util.concurrent.ScheduledThreadPoolExecutor$ScheduledFutureTask.access$201(ScheduledThreadPoolExecutor.java:180) [?:1.8.0_111]
		at java.util.concurrent.ScheduledThreadPoolExecutor$ScheduledFutureTask.run(ScheduledThreadPoolExecutor.java:293) [?:1.8.0_111]
		at java.util.concurrent.ThreadPoolExecutor.runWorker(ThreadPoolExecutor.java:1142) [?:1.8.0_111]
		at java.util.concurrent.ThreadPoolExecutor$Worker.run(ThreadPoolExecutor.java:617) [?:1.8.0_111]
		at java.lang.Thread.run(Thread.java:745) [?:1.8.0_111]
2017-09-29 15:32:22.375 [Thread-2] ERROR [com.netflix.discovery.shared.transport.decorator.RedirectingEurekaHttpClient.execute] - Request execution error
com.sun.jersey.api.client.ClientHandlerException: java.net.ConnectException: Connection refused: connect
	at com.sun.jersey.client.apache4.ApacheHttpClient4Handler.handle(ApacheHttpClient4Handler.java:187) ~[jersey-apache-client4-1.19.1.jar:1.19.1]
	at com.sun.jersey.api.client.filter.GZIPContentEncodingFilter.handle(GZIPContentEncodingFilter.java:123) ~[jersey-client-1.19.1.jar:1.19.1]
	at com.netflix.discovery.EurekaIdentityHeaderFilter.handle(EurekaIdentityHeaderFilter.java:27) ~[eureka-client-1.4.12.jar:1.4.12]
	at com.sun.jersey.api.client.Client.handle(Client.java:652) ~[jersey-client-1.19.1.jar:1.19.1]
	at com.sun.jersey.api.client.WebResource.handle(WebResource.java:682) ~[jersey-client-1.19.1.jar:1.19.1]
	at com.sun.jersey.api.client.WebResource.access$200(WebResource.java:74) ~[jersey-client-1.19.1.jar:1.19.1]
	at com.sun.jersey.api.client.WebResource$Builder.delete(WebResource.java:591) ~[jersey-client-1.19.1.jar:1.19.1]
	at com.netflix.discovery.shared.transport.jersey.AbstractJerseyEurekaHttpClient.cancel(AbstractJerseyEurekaHttpClient.java:76) ~[eureka-client-1.4.12.jar:1.4.12]
	at com.netflix.discovery.shared.transport.decorator.EurekaHttpClientDecorator$2.execute(EurekaHttpClientDecorator.java:74) ~[eureka-client-1.4.12.jar:1.4.12]
	at com.netflix.discovery.shared.transport.decorator.MetricsCollectingEurekaHttpClient.execute(MetricsCollectingEurekaHttpClient.java:73) ~[eureka-client-1.4.12.jar:1.4.12]
	at com.netflix.discovery.shared.transport.decorator.EurekaHttpClientDecorator.cancel(EurekaHttpClientDecorator.java:71) ~[eureka-client-1.4.12.jar:1.4.12]
	at com.netflix.discovery.shared.transport.decorator.EurekaHttpClientDecorator$2.execute(EurekaHttpClientDecorator.java:74) ~[eureka-client-1.4.12.jar:1.4.12]
	at com.netflix.discovery.shared.transport.decorator.RedirectingEurekaHttpClient.executeOnNewServer(RedirectingEurekaHttpClient.java:118) ~[eureka-client-1.4.12.jar:1.4.12]
	at com.netflix.discovery.shared.transport.decorator.RedirectingEurekaHttpClient.execute(RedirectingEurekaHttpClient.java:79) [eureka-client-1.4.12.jar:1.4.12]
	at com.netflix.discovery.shared.transport.decorator.EurekaHttpClientDecorator.cancel(EurekaHttpClientDecorator.java:71) [eureka-client-1.4.12.jar:1.4.12]
	at com.netflix.discovery.shared.transport.decorator.EurekaHttpClientDecorator$2.execute(EurekaHttpClientDecorator.java:74) [eureka-client-1.4.12.jar:1.4.12]
	at com.netflix.discovery.shared.transport.decorator.RetryableEurekaHttpClient.execute(RetryableEurekaHttpClient.java:119) [eureka-client-1.4.12.jar:1.4.12]
	at com.netflix.discovery.shared.transport.decorator.EurekaHttpClientDecorator.cancel(EurekaHttpClientDecorator.java:71) [eureka-client-1.4.12.jar:1.4.12]
	at com.netflix.discovery.shared.transport.decorator.EurekaHttpClientDecorator$2.execute(EurekaHttpClientDecorator.java:74) [eureka-client-1.4.12.jar:1.4.12]
	at com.netflix.discovery.shared.transport.decorator.SessionedEurekaHttpClient.execute(SessionedEurekaHttpClient.java:77) [eureka-client-1.4.12.jar:1.4.12]
	at com.netflix.discovery.shared.transport.decorator.EurekaHttpClientDecorator.cancel(EurekaHttpClientDecorator.java:71) [eureka-client-1.4.12.jar:1.4.12]
	at com.netflix.discovery.DiscoveryClient.unregister(DiscoveryClient.java:902) [eureka-client-1.4.12.jar:1.4.12]
	at com.netflix.discovery.DiscoveryClient.shutdown(DiscoveryClient.java:880) [eureka-client-1.4.12.jar:1.4.12]
	at com.netflix.discovery.DiscoveryClient$$FastClassBySpringCGLIB$$a84c8cb4.invoke(<generated>) [eureka-client-1.4.12.jar:1.4.12]
	at org.springframework.cglib.proxy.MethodProxy.invoke(MethodProxy.java:204) [spring-core-4.3.6.RELEASE.jar:4.3.6.RELEASE]
	at org.springframework.aop.framework.CglibAopProxy$CglibMethodInvocation.invokeJoinpoint(CglibAopProxy.java:721) [spring-aop-4.3.6.RELEASE.jar:4.3.6.RELEASE]
	at org.springframework.aop.framework.ReflectiveMethodInvocation.proceed(ReflectiveMethodInvocation.java:157) [spring-aop-4.3.6.RELEASE.jar:4.3.6.RELEASE]
	at org.springframework.cloud.context.config.StandardBeanLifecycleDecorator$2.invoke(StandardBeanLifecycleDecorator.java:85) [spring-cloud-context-1.1.7.RELEASE.jar:1.1.7.RELEASE]
	at org.springframework.aop.framework.ReflectiveMethodInvocation.proceed(ReflectiveMethodInvocation.java:179) [spring-aop-4.3.6.RELEASE.jar:4.3.6.RELEASE]
	at org.springframework.aop.framework.CglibAopProxy$DynamicAdvisedInterceptor.intercept(CglibAopProxy.java:656) [spring-aop-4.3.6.RELEASE.jar:4.3.6.RELEASE]
	at org.springframework.cloud.netflix.eureka.CloudEurekaClient$$EnhancerBySpringCGLIB$$685f5fe6.shutdown(<generated>) [spring-cloud-netflix-eureka-client-1.2.5.RELEASE.jar:1.2.5.RELEASE]
	at sun.reflect.NativeMethodAccessorImpl.invoke0(Native Method) ~[?:1.8.0_111]
	at sun.reflect.NativeMethodAccessorImpl.invoke(NativeMethodAccessorImpl.java:62) ~[?:1.8.0_111]
	at sun.reflect.DelegatingMethodAccessorImpl.invoke(DelegatingMethodAccessorImpl.java:43) ~[?:1.8.0_111]
	at java.lang.reflect.Method.invoke(Method.java:498) ~[?:1.8.0_111]
	at org.springframework.aop.support.AopUtils.invokeJoinpointUsingReflection(AopUtils.java:333) [spring-aop-4.3.6.RELEASE.jar:4.3.6.RELEASE]
	at org.springframework.aop.framework.ReflectiveMethodInvocation.invokeJoinpoint(ReflectiveMethodInvocation.java:190) [spring-aop-4.3.6.RELEASE.jar:4.3.6.RELEASE]
	at org.springframework.aop.framework.ReflectiveMethodInvocation.proceed(ReflectiveMethodInvocation.java:157) [spring-aop-4.3.6.RELEASE.jar:4.3.6.RELEASE]
	at org.springframework.aop.support.DelegatingIntroductionInterceptor.doProceed(DelegatingIntroductionInterceptor.java:133) [spring-aop-4.3.6.RELEASE.jar:4.3.6.RELEASE]
	at org.springframework.aop.support.DelegatingIntroductionInterceptor.invoke(DelegatingIntroductionInterceptor.java:121) [spring-aop-4.3.6.RELEASE.jar:4.3.6.RELEASE]
	at org.springframework.aop.framework.ReflectiveMethodInvocation.proceed(ReflectiveMethodInvocation.java:179) [spring-aop-4.3.6.RELEASE.jar:4.3.6.RELEASE]
	at org.springframework.aop.framework.JdkDynamicAopProxy.invoke(JdkDynamicAopProxy.java:213) [spring-aop-4.3.6.RELEASE.jar:4.3.6.RELEASE]
	at com.sun.proxy.$Proxy110.shutdown(Unknown Source) [?:?]
	at org.springframework.cloud.netflix.eureka.EurekaDiscoveryClientConfiguration.onApplicationEvent(EurekaDiscoveryClientConfiguration.java:192) [spring-cloud-netflix-eureka-client-1.2.5.RELEASE.jar:1.2.5.RELEASE]
	at sun.reflect.NativeMethodAccessorImpl.invoke0(Native Method) ~[?:1.8.0_111]
	at sun.reflect.NativeMethodAccessorImpl.invoke(NativeMethodAccessorImpl.java:62) ~[?:1.8.0_111]
	at sun.reflect.DelegatingMethodAccessorImpl.invoke(DelegatingMethodAccessorImpl.java:43) ~[?:1.8.0_111]
	at java.lang.reflect.Method.invoke(Method.java:498) ~[?:1.8.0_111]
	at org.springframework.context.event.ApplicationListenerMethodAdapter.doInvoke(ApplicationListenerMethodAdapter.java:253) [spring-context-4.3.6.RELEASE.jar:4.3.6.RELEASE]
	at org.springframework.context.event.ApplicationListenerMethodAdapter.processEvent(ApplicationListenerMethodAdapter.java:174) [spring-context-4.3.6.RELEASE.jar:4.3.6.RELEASE]
	at org.springframework.context.event.ApplicationListenerMethodAdapter.onApplicationEvent(ApplicationListenerMethodAdapter.java:137) [spring-context-4.3.6.RELEASE.jar:4.3.6.RELEASE]
	at org.springframework.context.event.SimpleApplicationEventMulticaster.invokeListener(SimpleApplicationEventMulticaster.java:167) [spring-context-4.3.6.RELEASE.jar:4.3.6.RELEASE]
	at org.springframework.context.event.SimpleApplicationEventMulticaster.multicastEvent(SimpleApplicationEventMulticaster.java:139) [spring-context-4.3.6.RELEASE.jar:4.3.6.RELEASE]
	at org.springframework.context.support.AbstractApplicationContext.publishEvent(AbstractApplicationContext.java:383) [spring-context-4.3.6.RELEASE.jar:4.3.6.RELEASE]
	at org.springframework.context.support.AbstractApplicationContext.publishEvent(AbstractApplicationContext.java:337) [spring-context-4.3.6.RELEASE.jar:4.3.6.RELEASE]
	at org.springframework.context.support.AbstractApplicationContext.doClose(AbstractApplicationContext.java:994) [spring-context-4.3.6.RELEASE.jar:4.3.6.RELEASE]
	at org.springframework.context.support.AbstractApplicationContext.close(AbstractApplicationContext.java:961) [spring-context-4.3.6.RELEASE.jar:4.3.6.RELEASE]
	at org.springframework.boot.builder.ParentContextCloserApplicationListener$ContextCloserListener.onApplicationEvent(ParentContextCloserApplicationListener.java:102) [spring-boot-1.5.1.RELEASE.jar:1.5.1.RELEASE]
	at org.springframework.boot.builder.ParentContextCloserApplicationListener$ContextCloserListener.onApplicationEvent(ParentContextCloserApplicationListener.java:86) [spring-boot-1.5.1.RELEASE.jar:1.5.1.RELEASE]
	at org.springframework.context.event.SimpleApplicationEventMulticaster.invokeListener(SimpleApplicationEventMulticaster.java:167) [spring-context-4.3.6.RELEASE.jar:4.3.6.RELEASE]
	at org.springframework.context.event.SimpleApplicationEventMulticaster.multicastEvent(SimpleApplicationEventMulticaster.java:139) [spring-context-4.3.6.RELEASE.jar:4.3.6.RELEASE]
	at org.springframework.context.support.AbstractApplicationContext.publishEvent(AbstractApplicationContext.java:383) [spring-context-4.3.6.RELEASE.jar:4.3.6.RELEASE]
	at org.springframework.context.support.AbstractApplicationContext.publishEvent(AbstractApplicationContext.java:337) [spring-context-4.3.6.RELEASE.jar:4.3.6.RELEASE]
	at org.springframework.context.support.AbstractApplicationContext.doClose(AbstractApplicationContext.java:994) [spring-context-4.3.6.RELEASE.jar:4.3.6.RELEASE]
	at org.springframework.context.support.AbstractApplicationContext.close(AbstractApplicationContext.java:961) [spring-context-4.3.6.RELEASE.jar:4.3.6.RELEASE]
	at org.springframework.boot.devtools.restart.Restarter.stop(Restarter.java:321) [spring-boot-devtools-1.5.1.RELEASE.jar:1.5.1.RELEASE]
	at org.springframework.boot.devtools.restart.Restarter$2.call(Restarter.java:258) [spring-boot-devtools-1.5.1.RELEASE.jar:1.5.1.RELEASE]
	at org.springframework.boot.devtools.restart.Restarter$2.call(Restarter.java:254) [spring-boot-devtools-1.5.1.RELEASE.jar:1.5.1.RELEASE]
	at org.springframework.boot.devtools.restart.Restarter$LeakSafeThread.run(Restarter.java:627) [spring-boot-devtools-1.5.1.RELEASE.jar:1.5.1.RELEASE]
Caused by: java.net.ConnectException: Connection refused: connect
	at java.net.DualStackPlainSocketImpl.waitForConnect(Native Method) ~[?:1.8.0_111]
	at java.net.DualStackPlainSocketImpl.socketConnect(DualStackPlainSocketImpl.java:85) ~[?:1.8.0_111]
	at java.net.AbstractPlainSocketImpl.doConnect(AbstractPlainSocketImpl.java:350) ~[?:1.8.0_111]
	at java.net.AbstractPlainSocketImpl.connectToAddress(AbstractPlainSocketImpl.java:206) ~[?:1.8.0_111]
	at java.net.AbstractPlainSocketImpl.connect(AbstractPlainSocketImpl.java:188) ~[?:1.8.0_111]
	at java.net.PlainSocketImpl.connect(PlainSocketImpl.java:172) ~[?:1.8.0_111]
	at java.net.SocksSocketImpl.connect(SocksSocketImpl.java:392) ~[?:1.8.0_111]
	at java.net.Socket.connect(Socket.java:589) ~[?:1.8.0_111]
	at org.apache.http.conn.scheme.PlainSocketFactory.connectSocket(PlainSocketFactory.java:120) ~[httpclient-4.5.2.jar:4.5.2]
	at org.apache.http.impl.conn.DefaultClientConnectionOperator.openConnection(DefaultClientConnectionOperator.java:179) ~[httpclient-4.5.2.jar:4.5.2]
	at org.apache.http.impl.conn.AbstractPoolEntry.open(AbstractPoolEntry.java:144) ~[httpclient-4.5.2.jar:4.5.2]
	at org.apache.http.impl.conn.AbstractPooledConnAdapter.open(AbstractPooledConnAdapter.java:134) ~[httpclient-4.5.2.jar:4.5.2]
	at org.apache.http.impl.client.DefaultRequestDirector.tryExecute(DefaultRequestDirector.java:675) ~[httpclient-4.5.2.jar:4.5.2]
	at org.apache.http.impl.client.DefaultRequestDirector.execute(DefaultRequestDirector.java:488) ~[httpclient-4.5.2.jar:4.5.2]
	at org.apache.http.impl.client.AbstractHttpClient.doExecute(AbstractHttpClient.java:884) ~[httpclient-4.5.2.jar:4.5.2]
	at org.apache.http.impl.client.CloseableHttpClient.execute(CloseableHttpClient.java:117) ~[httpclient-4.5.2.jar:4.5.2]
	at org.apache.http.impl.client.CloseableHttpClient.execute(CloseableHttpClient.java:55) ~[httpclient-4.5.2.jar:4.5.2]
	at com.sun.jersey.client.apache4.ApacheHttpClient4Handler.handle(ApacheHttpClient4Handler.java:173) ~[jersey-apache-client4-1.19.1.jar:1.19.1]
	... 68 more
2017-09-29 15:32:22.391 [Thread-2] ERROR [com.netflix.discovery.DiscoveryClient.unregister] - DiscoveryClient_GATEWAY/DESKTOP-1ALDEQF:gateway:8080 - de-registration failedCannot execute request on any known server
com.netflix.discovery.shared.transport.TransportException: Cannot execute request on any known server
	at com.netflix.discovery.shared.transport.decorator.RetryableEurekaHttpClient.execute(RetryableEurekaHttpClient.java:111) ~[eureka-client-1.4.12.jar:1.4.12]
	at com.netflix.discovery.shared.transport.decorator.EurekaHttpClientDecorator.cancel(EurekaHttpClientDecorator.java:71) ~[eureka-client-1.4.12.jar:1.4.12]
	at com.netflix.discovery.shared.transport.decorator.EurekaHttpClientDecorator$2.execute(EurekaHttpClientDecorator.java:74) ~[eureka-client-1.4.12.jar:1.4.12]
	at com.netflix.discovery.shared.transport.decorator.SessionedEurekaHttpClient.execute(SessionedEurekaHttpClient.java:77) ~[eureka-client-1.4.12.jar:1.4.12]
	at com.netflix.discovery.shared.transport.decorator.EurekaHttpClientDecorator.cancel(EurekaHttpClientDecorator.java:71) ~[eureka-client-1.4.12.jar:1.4.12]
	at com.netflix.discovery.DiscoveryClient.unregister(DiscoveryClient.java:902) [eureka-client-1.4.12.jar:1.4.12]
	at com.netflix.discovery.DiscoveryClient.shutdown(DiscoveryClient.java:880) [eureka-client-1.4.12.jar:1.4.12]
	at com.netflix.discovery.DiscoveryClient$$FastClassBySpringCGLIB$$a84c8cb4.invoke(<generated>) [eureka-client-1.4.12.jar:1.4.12]
	at org.springframework.cglib.proxy.MethodProxy.invoke(MethodProxy.java:204) [spring-core-4.3.6.RELEASE.jar:4.3.6.RELEASE]
	at org.springframework.aop.framework.CglibAopProxy$CglibMethodInvocation.invokeJoinpoint(CglibAopProxy.java:721) [spring-aop-4.3.6.RELEASE.jar:4.3.6.RELEASE]
	at org.springframework.aop.framework.ReflectiveMethodInvocation.proceed(ReflectiveMethodInvocation.java:157) [spring-aop-4.3.6.RELEASE.jar:4.3.6.RELEASE]
	at org.springframework.cloud.context.config.StandardBeanLifecycleDecorator$2.invoke(StandardBeanLifecycleDecorator.java:85) [spring-cloud-context-1.1.7.RELEASE.jar:1.1.7.RELEASE]
	at org.springframework.aop.framework.ReflectiveMethodInvocation.proceed(ReflectiveMethodInvocation.java:179) [spring-aop-4.3.6.RELEASE.jar:4.3.6.RELEASE]
	at org.springframework.aop.framework.CglibAopProxy$DynamicAdvisedInterceptor.intercept(CglibAopProxy.java:656) [spring-aop-4.3.6.RELEASE.jar:4.3.6.RELEASE]
	at org.springframework.cloud.netflix.eureka.CloudEurekaClient$$EnhancerBySpringCGLIB$$685f5fe6.shutdown(<generated>) [spring-cloud-netflix-eureka-client-1.2.5.RELEASE.jar:1.2.5.RELEASE]
	at sun.reflect.NativeMethodAccessorImpl.invoke0(Native Method) ~[?:1.8.0_111]
	at sun.reflect.NativeMethodAccessorImpl.invoke(NativeMethodAccessorImpl.java:62) ~[?:1.8.0_111]
	at sun.reflect.DelegatingMethodAccessorImpl.invoke(DelegatingMethodAccessorImpl.java:43) ~[?:1.8.0_111]
	at java.lang.reflect.Method.invoke(Method.java:498) ~[?:1.8.0_111]
	at org.springframework.aop.support.AopUtils.invokeJoinpointUsingReflection(AopUtils.java:333) [spring-aop-4.3.6.RELEASE.jar:4.3.6.RELEASE]
	at org.springframework.aop.framework.ReflectiveMethodInvocation.invokeJoinpoint(ReflectiveMethodInvocation.java:190) [spring-aop-4.3.6.RELEASE.jar:4.3.6.RELEASE]
	at org.springframework.aop.framework.ReflectiveMethodInvocation.proceed(ReflectiveMethodInvocation.java:157) [spring-aop-4.3.6.RELEASE.jar:4.3.6.RELEASE]
	at org.springframework.aop.support.DelegatingIntroductionInterceptor.doProceed(DelegatingIntroductionInterceptor.java:133) [spring-aop-4.3.6.RELEASE.jar:4.3.6.RELEASE]
	at org.springframework.aop.support.DelegatingIntroductionInterceptor.invoke(DelegatingIntroductionInterceptor.java:121) [spring-aop-4.3.6.RELEASE.jar:4.3.6.RELEASE]
	at org.springframework.aop.framework.ReflectiveMethodInvocation.proceed(ReflectiveMethodInvocation.java:179) [spring-aop-4.3.6.RELEASE.jar:4.3.6.RELEASE]
	at org.springframework.aop.framework.JdkDynamicAopProxy.invoke(JdkDynamicAopProxy.java:213) [spring-aop-4.3.6.RELEASE.jar:4.3.6.RELEASE]
	at com.sun.proxy.$Proxy110.shutdown(Unknown Source) [?:?]
	at org.springframework.cloud.netflix.eureka.EurekaDiscoveryClientConfiguration.onApplicationEvent(EurekaDiscoveryClientConfiguration.java:192) [spring-cloud-netflix-eureka-client-1.2.5.RELEASE.jar:1.2.5.RELEASE]
	at sun.reflect.NativeMethodAccessorImpl.invoke0(Native Method) ~[?:1.8.0_111]
	at sun.reflect.NativeMethodAccessorImpl.invoke(NativeMethodAccessorImpl.java:62) ~[?:1.8.0_111]
	at sun.reflect.DelegatingMethodAccessorImpl.invoke(DelegatingMethodAccessorImpl.java:43) ~[?:1.8.0_111]
	at java.lang.reflect.Method.invoke(Method.java:498) ~[?:1.8.0_111]
	at org.springframework.context.event.ApplicationListenerMethodAdapter.doInvoke(ApplicationListenerMethodAdapter.java:253) [spring-context-4.3.6.RELEASE.jar:4.3.6.RELEASE]
	at org.springframework.context.event.ApplicationListenerMethodAdapter.processEvent(ApplicationListenerMethodAdapter.java:174) [spring-context-4.3.6.RELEASE.jar:4.3.6.RELEASE]
	at org.springframework.context.event.ApplicationListenerMethodAdapter.onApplicationEvent(ApplicationListenerMethodAdapter.java:137) [spring-context-4.3.6.RELEASE.jar:4.3.6.RELEASE]
	at org.springframework.context.event.SimpleApplicationEventMulticaster.invokeListener(SimpleApplicationEventMulticaster.java:167) [spring-context-4.3.6.RELEASE.jar:4.3.6.RELEASE]
	at org.springframework.context.event.SimpleApplicationEventMulticaster.multicastEvent(SimpleApplicationEventMulticaster.java:139) [spring-context-4.3.6.RELEASE.jar:4.3.6.RELEASE]
	at org.springframework.context.support.AbstractApplicationContext.publishEvent(AbstractApplicationContext.java:383) [spring-context-4.3.6.RELEASE.jar:4.3.6.RELEASE]
	at org.springframework.context.support.AbstractApplicationContext.publishEvent(AbstractApplicationContext.java:337) [spring-context-4.3.6.RELEASE.jar:4.3.6.RELEASE]
	at org.springframework.context.support.AbstractApplicationContext.doClose(AbstractApplicationContext.java:994) [spring-context-4.3.6.RELEASE.jar:4.3.6.RELEASE]
	at org.springframework.context.support.AbstractApplicationContext.close(AbstractApplicationContext.java:961) [spring-context-4.3.6.RELEASE.jar:4.3.6.RELEASE]
	at org.springframework.boot.builder.ParentContextCloserApplicationListener$ContextCloserListener.onApplicationEvent(ParentContextCloserApplicationListener.java:102) [spring-boot-1.5.1.RELEASE.jar:1.5.1.RELEASE]
	at org.springframework.boot.builder.ParentContextCloserApplicationListener$ContextCloserListener.onApplicationEvent(ParentContextCloserApplicationListener.java:86) [spring-boot-1.5.1.RELEASE.jar:1.5.1.RELEASE]
	at org.springframework.context.event.SimpleApplicationEventMulticaster.invokeListener(SimpleApplicationEventMulticaster.java:167) [spring-context-4.3.6.RELEASE.jar:4.3.6.RELEASE]
	at org.springframework.context.event.SimpleApplicationEventMulticaster.multicastEvent(SimpleApplicationEventMulticaster.java:139) [spring-context-4.3.6.RELEASE.jar:4.3.6.RELEASE]
	at org.springframework.context.support.AbstractApplicationContext.publishEvent(AbstractApplicationContext.java:383) [spring-context-4.3.6.RELEASE.jar:4.3.6.RELEASE]
	at org.springframework.context.support.AbstractApplicationContext.publishEvent(AbstractApplicationContext.java:337) [spring-context-4.3.6.RELEASE.jar:4.3.6.RELEASE]
	at org.springframework.context.support.AbstractApplicationContext.doClose(AbstractApplicationContext.java:994) [spring-context-4.3.6.RELEASE.jar:4.3.6.RELEASE]
	at org.springframework.context.support.AbstractApplicationContext.close(AbstractApplicationContext.java:961) [spring-context-4.3.6.RELEASE.jar:4.3.6.RELEASE]
	at org.springframework.boot.devtools.restart.Restarter.stop(Restarter.java:321) [spring-boot-devtools-1.5.1.RELEASE.jar:1.5.1.RELEASE]
	at org.springframework.boot.devtools.restart.Restarter$2.call(Restarter.java:258) [spring-boot-devtools-1.5.1.RELEASE.jar:1.5.1.RELEASE]
	at org.springframework.boot.devtools.restart.Restarter$2.call(Restarter.java:254) [spring-boot-devtools-1.5.1.RELEASE.jar:1.5.1.RELEASE]
	at org.springframework.boot.devtools.restart.Restarter$LeakSafeThread.run(Restarter.java:627) [spring-boot-devtools-1.5.1.RELEASE.jar:1.5.1.RELEASE]
2017-09-29 15:32:22.564 [Thread-2] INFO [org.springframework.context.support.DefaultLifecycleProcessor$LifecycleGroup.stop] - Stopping beans in phase 2147483647
2017-09-29 15:32:22.754 [Thread-2] INFO [org.springframework.context.support.DefaultLifecycleProcessor$LifecycleGroup.stop] - Stopping beans in phase 0
2017-09-29 15:32:22.949 [Thread-2] INFO [org.springframework.jmx.export.MBeanExporter.destroy] - Unregistering JMX-exposed beans on shutdown
2017-09-29 15:32:23.035 [Thread-2] INFO [org.springframework.jmx.support.MBeanRegistrationSupport.unregisterBeans] - Unregistering JMX-exposed beans
2017-09-29 15:32:23.048 [Thread-2] INFO [org.springframework.jmx.export.MBeanExporter.destroy] - Unregistering JMX-exposed beans on shutdown
2017-09-29 15:32:23.087 [Thread-2] INFO [org.springframework.jmx.support.MBeanRegistrationSupport.unregisterBeans] - Unregistering JMX-exposed beans
2017-09-29 15:32:56.891 [restartedMain] INFO [org.springframework.context.support.AbstractApplicationContext.prepareRefresh] - Refreshing org.springframework.context.annotation.AnnotationConfigApplicationContext@1463f6dc: startup date [Fri Sep 29 15:32:56 CST 2017]; root of context hierarchy
2017-09-29 15:32:57.739 [restartedMain] INFO [org.springframework.beans.factory.annotation.AutowiredAnnotationBeanPostProcessor.<init>] - JSR-330 'javax.inject.Inject' annotation found and supported for autowiring
2017-09-29 15:32:57.868 [restartedMain] INFO [org.springframework.context.support.PostProcessorRegistrationDelegate$BeanPostProcessorChecker.postProcessAfterInitialization] - Bean 'configurationPropertiesRebinderAutoConfiguration' of type [class org.springframework.cloud.autoconfigure.ConfigurationPropertiesRebinderAutoConfiguration$$EnhancerBySpringCGLIB$$dcf51eb3] is not eligible for getting processed by all BeanPostProcessors (for example: not eligible for auto-proxying)
2017-09-29 15:32:59.977 [restartedMain] INFO [org.springframework.context.support.AbstractApplicationContext.prepareRefresh] - Refreshing org.springframework.boot.context.embedded.AnnotationConfigEmbeddedWebApplicationContext@64f8d8cb: startup date [Fri Sep 29 15:32:59 CST 2017]; parent: org.springframework.context.annotation.AnnotationConfigApplicationContext@1463f6dc
2017-09-29 15:33:02.450 [restartedMain] INFO [org.springframework.beans.factory.xml.XmlBeanDefinitionReader.loadBeanDefinitions] - Loading XML bean definitions from class path resource [config/default-conf.xml]
2017-09-29 15:33:02.782 [restartedMain] INFO [org.springframework.beans.factory.xml.XmlBeanDefinitionReader.loadBeanDefinitions] - Loading XML bean definitions from class path resource [config/db_transaction.xml]
2017-09-29 15:33:03.030 [restartedMain] INFO [org.springframework.beans.factory.support.DefaultListableBeanFactory.registerBeanDefinition] - Overriding bean definition for bean 'hystrixFeature' with a different definition: replacing [Root bean: class [null]; scope=; abstract=false; lazyInit=false; autowireMode=3; dependencyCheck=0; autowireCandidate=true; primary=false; factoryBeanName=org.springframework.cloud.netflix.hystrix.HystrixCircuitBreakerConfiguration$HystrixWebConfiguration; factoryMethodName=hystrixFeature; initMethodName=null; destroyMethodName=(inferred); defined in class path resource [org/springframework/cloud/netflix/hystrix/HystrixCircuitBreakerConfiguration$HystrixWebConfiguration.class]] with [Root bean: class [null]; scope=; abstract=false; lazyInit=false; autowireMode=3; dependencyCheck=0; autowireCandidate=true; primary=false; factoryBeanName=org.springframework.cloud.netflix.hystrix.HystrixCircuitBreakerConfiguration; factoryMethodName=hystrixFeature; initMethodName=null; destroyMethodName=(inferred); defined in class path resource [org/springframework/cloud/netflix/hystrix/HystrixCircuitBreakerConfiguration.class]]
2017-09-29 15:33:04.012 [restartedMain] INFO [org.springframework.beans.factory.support.DefaultListableBeanFactory.registerBeanDefinition] - Overriding bean definition for bean 'retryTemplate' with a different definition: replacing [Root bean: class [null]; scope=; abstract=false; lazyInit=false; autowireMode=3; dependencyCheck=0; autowireCandidate=true; primary=false; factoryBeanName=org.springframework.cloud.client.loadbalancer.LoadBalancerAutoConfiguration$RetryAutoConfiguration; factoryMethodName=retryTemplate; initMethodName=null; destroyMethodName=(inferred); defined in class path resource [org/springframework/cloud/client/loadbalancer/LoadBalancerAutoConfiguration$RetryAutoConfiguration.class]] with [Root bean: class [null]; scope=; abstract=false; lazyInit=false; autowireMode=3; dependencyCheck=0; autowireCandidate=true; primary=false; factoryBeanName=org.springframework.cloud.netflix.feign.ribbon.FeignRibbonClientAutoConfiguration; factoryMethodName=retryTemplate; initMethodName=null; destroyMethodName=(inferred); defined in class path resource [org/springframework/cloud/netflix/feign/ribbon/FeignRibbonClientAutoConfiguration.class]]
2017-09-29 15:33:04.157 [restartedMain] WARN [org.springframework.context.annotation.ConfigurationClassPostProcessor.enhanceConfigurationClasses] - Cannot enhance @Configuration bean definition 'refreshScope' since its singleton instance has been created too early. The typical cause is a non-static @Bean method with a BeanDefinitionRegistryPostProcessor return type: Consider declaring such methods as 'static'.
2017-09-29 15:33:05.754 [restartedMain] INFO [org.springframework.cloud.context.scope.GenericScope.setSerializationId] - BeanFactory id=6a285c1c-02fe-384d-8e23-54029967c14f
2017-09-29 15:33:05.868 [restartedMain] INFO [org.springframework.beans.factory.annotation.AutowiredAnnotationBeanPostProcessor.<init>] - JSR-330 'javax.inject.Inject' annotation found and supported for autowiring
2017-09-29 15:33:05.892 [restartedMain] INFO [org.springframework.context.support.PostProcessorRegistrationDelegate$BeanPostProcessorChecker.postProcessAfterInitialization] - Bean 'org.springframework.boot.autoconfigure.validation.ValidationAutoConfiguration' of type [class org.springframework.boot.autoconfigure.validation.ValidationAutoConfiguration] is not eligible for getting processed by all BeanPostProcessors (for example: not eligible for auto-proxying)
2017-09-29 15:33:05.928 [restartedMain] INFO [org.springframework.context.support.PostProcessorRegistrationDelegate$BeanPostProcessorChecker.postProcessAfterInitialization] - Bean 'validator' of type [class org.springframework.validation.beanvalidation.LocalValidatorFactoryBean] is not eligible for getting processed by all BeanPostProcessors (for example: not eligible for auto-proxying)
2017-09-29 15:33:06.518 [restartedMain] INFO [org.springframework.context.support.PostProcessorRegistrationDelegate$BeanPostProcessorChecker.postProcessAfterInitialization] - Bean 'org.springframework.transaction.annotation.ProxyTransactionManagementConfiguration' of type [class org.springframework.transaction.annotation.ProxyTransactionManagementConfiguration$$EnhancerBySpringCGLIB$$c0db1bb6] is not eligible for getting processed by all BeanPostProcessors (for example: not eligible for auto-proxying)
2017-09-29 15:33:07.021 [restartedMain] INFO [org.springframework.context.support.PostProcessorRegistrationDelegate$BeanPostProcessorChecker.postProcessAfterInitialization] - Bean 'org.springframework.cloud.autoconfigure.ConfigurationPropertiesRebinderAutoConfiguration' of type [class org.springframework.cloud.autoconfigure.ConfigurationPropertiesRebinderAutoConfiguration$$EnhancerBySpringCGLIB$$dcf51eb3] is not eligible for getting processed by all BeanPostProcessors (for example: not eligible for auto-proxying)
2017-09-29 15:33:12.410 [restartedMain] INFO [org.springframework.boot.context.embedded.tomcat.TomcatEmbeddedServletContainer.initialize] - Tomcat initialized with port(s): 8080 (http)
2017-09-29 15:33:12.677 [localhost-startStop-1] INFO [org.springframework.boot.context.embedded.EmbeddedWebApplicationContext.prepareEmbeddedWebApplicationContext] - Root WebApplicationContext: initialization completed in 12700 ms
2017-09-29 15:33:17.802 [localhost-startStop-1] INFO [org.springframework.boot.web.servlet.ServletRegistrationBean.onStartup] - Mapping servlet: 'zuulServlet' to [/zuul/*]
2017-09-29 15:33:17.806 [localhost-startStop-1] INFO [org.springframework.boot.web.servlet.ServletRegistrationBean.onStartup] - Mapping servlet: 'dispatcherServlet' to [/]
2017-09-29 15:33:17.811 [localhost-startStop-1] INFO [org.springframework.boot.web.servlet.AbstractFilterRegistrationBean.configure] - Mapping filter: 'metricsFilter' to: [/*]
2017-09-29 15:33:17.812 [localhost-startStop-1] INFO [org.springframework.boot.web.servlet.AbstractFilterRegistrationBean.configure] - Mapping filter: 'characterEncodingFilter' to: [/*]
2017-09-29 15:33:17.812 [localhost-startStop-1] INFO [org.springframework.boot.web.servlet.AbstractFilterRegistrationBean.configure] - Mapping filter: 'hiddenHttpMethodFilter' to: [/*]
2017-09-29 15:33:17.812 [localhost-startStop-1] INFO [org.springframework.boot.web.servlet.AbstractFilterRegistrationBean.configure] - Mapping filter: 'httpPutFormContentFilter' to: [/*]
2017-09-29 15:33:17.813 [localhost-startStop-1] INFO [org.springframework.boot.web.servlet.AbstractFilterRegistrationBean.configure] - Mapping filter: 'requestContextFilter' to: [/*]
2017-09-29 15:33:17.813 [localhost-startStop-1] INFO [org.springframework.boot.web.servlet.AbstractFilterRegistrationBean.configure] - Mapping filter: 'webRequestLoggingFilter' to: [/*]
2017-09-29 15:33:17.813 [localhost-startStop-1] INFO [org.springframework.boot.web.servlet.AbstractFilterRegistrationBean.configure] - Mapping filter: 'corsFilter' to: [/*]
2017-09-29 15:33:17.813 [localhost-startStop-1] INFO [org.springframework.boot.web.servlet.AbstractFilterRegistrationBean.configure] - Mapping filter: 'applicationContextIdFilter' to: [/*]
2017-09-29 15:33:17.840 [localhost-startStop-1] INFO [org.springframework.cloud.netflix.zuul.ZuulFilterInitializer.contextInitialized] - Starting filter initializer context listener
2017-09-29 15:33:24.144 [restartedMain] INFO [org.springframework.web.servlet.mvc.method.annotation.RequestMappingHandlerAdapter.initControllerAdviceCache] - Looking for @ControllerAdvice: org.springframework.boot.context.embedded.AnnotationConfigEmbeddedWebApplicationContext@64f8d8cb: startup date [Fri Sep 29 15:32:59 CST 2017]; parent: org.springframework.context.annotation.AnnotationConfigApplicationContext@1463f6dc
2017-09-29 15:33:24.548 [restartedMain] INFO [org.springframework.web.servlet.handler.AbstractHandlerMethodMapping$MappingRegistry.register] - Mapped "{[/error]}" onto public java.lang.Object com.module.gateway.GlobalErrorController.error(javax.servlet.http.HttpServletRequest)
2017-09-29 15:33:24.935 [restartedMain] INFO [org.springframework.web.servlet.handler.AbstractUrlHandlerMapping.registerHandler] - Mapped URL path [/webjars/**] onto handler of type [class org.springframework.web.servlet.resource.ResourceHttpRequestHandler]
2017-09-29 15:33:24.936 [restartedMain] INFO [org.springframework.web.servlet.handler.AbstractUrlHandlerMapping.registerHandler] - Mapped URL path [/**] onto handler of type [class org.springframework.web.servlet.resource.ResourceHttpRequestHandler]
2017-09-29 15:33:25.154 [restartedMain] INFO [org.springframework.web.servlet.handler.AbstractUrlHandlerMapping.registerHandler] - Mapped URL path [/**/favicon.ico] onto handler of type [class org.springframework.web.servlet.resource.ResourceHttpRequestHandler]
2017-09-29 15:33:27.890 [restartedMain] INFO [org.springframework.web.servlet.handler.AbstractHandlerMethodMapping$MappingRegistry.register] - Mapped "{[/info || /info.json],methods=[GET],produces=[application/vnd.spring-boot.actuator.v1+json || application/json]}" onto public java.lang.Object org.springframework.boot.actuate.endpoint.mvc.EndpointMvcAdapter.invoke()
2017-09-29 15:33:27.892 [restartedMain] INFO [org.springframework.web.servlet.handler.AbstractHandlerMethodMapping$MappingRegistry.register] - Mapped "{[/env/{name:.*}],methods=[GET],produces=[application/vnd.spring-boot.actuator.v1+json || application/json]}" onto public java.lang.Object org.springframework.boot.actuate.endpoint.mvc.EnvironmentMvcEndpoint.value(java.lang.String)
2017-09-29 15:33:27.892 [restartedMain] INFO [org.springframework.web.servlet.handler.AbstractHandlerMethodMapping$MappingRegistry.register] - Mapped "{[/env || /env.json],methods=[GET],produces=[application/vnd.spring-boot.actuator.v1+json || application/json]}" onto public java.lang.Object org.springframework.boot.actuate.endpoint.mvc.EndpointMvcAdapter.invoke()
2017-09-29 15:33:27.893 [restartedMain] INFO [org.springframework.web.servlet.handler.AbstractHandlerMethodMapping$MappingRegistry.register] - Mapped "{[/heapdump || /heapdump.json],methods=[GET],produces=[application/octet-stream]}" onto public void org.springframework.boot.actuate.endpoint.mvc.HeapdumpMvcEndpoint.invoke(boolean,javax.servlet.http.HttpServletRequest,javax.servlet.http.HttpServletResponse) throws java.io.IOException,javax.servlet.ServletException
2017-09-29 15:33:27.894 [restartedMain] INFO [org.springframework.web.servlet.handler.AbstractHandlerMethodMapping$MappingRegistry.register] - Mapped "{[/pause || /pause.json],methods=[POST]}" onto public java.lang.Object org.springframework.cloud.endpoint.GenericPostableMvcEndpoint.invoke()
2017-09-29 15:33:27.895 [restartedMain] INFO [org.springframework.web.servlet.handler.AbstractHandlerMethodMapping$MappingRegistry.register] - Mapped "{[/env],methods=[POST]}" onto public java.lang.Object org.springframework.cloud.context.environment.EnvironmentManagerMvcEndpoint.value(java.util.Map<java.lang.String, java.lang.String>)
2017-09-29 15:33:27.895 [restartedMain] INFO [org.springframework.web.servlet.handler.AbstractHandlerMethodMapping$MappingRegistry.register] - Mapped "{[/env/reset],methods=[POST]}" onto public java.util.Map<java.lang.String, java.lang.Object> org.springframework.cloud.context.environment.EnvironmentManagerMvcEndpoint.reset()
2017-09-29 15:33:27.896 [restartedMain] INFO [org.springframework.web.servlet.handler.AbstractHandlerMethodMapping$MappingRegistry.register] - Mapped "{[/archaius || /archaius.json],methods=[GET],produces=[application/vnd.spring-boot.actuator.v1+json || application/json]}" onto public java.lang.Object org.springframework.boot.actuate.endpoint.mvc.EndpointMvcAdapter.invoke()
2017-09-29 15:33:27.897 [restartedMain] INFO [org.springframework.web.servlet.handler.AbstractHandlerMethodMapping$MappingRegistry.register] - Mapped "{[/hystrix.stream/**]}" onto public org.springframework.web.servlet.ModelAndView org.springframework.cloud.netflix.endpoint.ServletWrappingEndpoint.handle(javax.servlet.http.HttpServletRequest,javax.servlet.http.HttpServletResponse) throws java.lang.Exception
2017-09-29 15:33:27.900 [restartedMain] INFO [org.springframework.web.servlet.handler.AbstractHandlerMethodMapping$MappingRegistry.register] - Mapped "{[/loggers/{name:.*}],methods=[GET],produces=[application/vnd.spring-boot.actuator.v1+json || application/json]}" onto public java.lang.Object org.springframework.boot.actuate.endpoint.mvc.LoggersMvcEndpoint.get(java.lang.String)
2017-09-29 15:33:27.901 [restartedMain] INFO [org.springframework.web.servlet.handler.AbstractHandlerMethodMapping$MappingRegistry.register] - Mapped "{[/loggers/{name:.*}],methods=[POST],consumes=[application/vnd.spring-boot.actuator.v1+json || application/json],produces=[application/vnd.spring-boot.actuator.v1+json || application/json]}" onto public java.lang.Object org.springframework.boot.actuate.endpoint.mvc.LoggersMvcEndpoint.set(java.lang.String,java.util.Map<java.lang.String, java.lang.String>)
2017-09-29 15:33:29.517 [restartedMain] INFO [org.springframework.web.servlet.handler.AbstractHandlerMethodMapping$MappingRegistry.register] - Mapped "{[/loggers || /loggers.json],methods=[GET],produces=[application/vnd.spring-boot.actuator.v1+json || application/json]}" onto public java.lang.Object org.springframework.boot.actuate.endpoint.mvc.EndpointMvcAdapter.invoke()
2017-09-29 15:33:29.518 [restartedMain] INFO [org.springframework.web.servlet.handler.AbstractHandlerMethodMapping$MappingRegistry.register] - Mapped "{[/restart || /restart.json],methods=[POST]}" onto public java.lang.Object org.springframework.cloud.context.restart.RestartMvcEndpoint.invoke()
2017-09-29 15:33:29.519 [restartedMain] INFO [org.springframework.web.servlet.handler.AbstractHandlerMethodMapping$MappingRegistry.register] - Mapped "{[/beans || /beans.json],methods=[GET],produces=[application/vnd.spring-boot.actuator.v1+json || application/json]}" onto public java.lang.Object org.springframework.boot.actuate.endpoint.mvc.EndpointMvcAdapter.invoke()
2017-09-29 15:33:29.522 [restartedMain] INFO [org.springframework.web.servlet.handler.AbstractHandlerMethodMapping$MappingRegistry.register] - Mapped "{[/autoconfig || /autoconfig.json],methods=[GET],produces=[application/vnd.spring-boot.actuator.v1+json || application/json]}" onto public java.lang.Object org.springframework.boot.actuate.endpoint.mvc.EndpointMvcAdapter.invoke()
2017-09-29 15:33:29.524 [restartedMain] INFO [org.springframework.web.servlet.handler.AbstractHandlerMethodMapping$MappingRegistry.register] - Mapped "{[/configprops || /configprops.json],methods=[GET],produces=[application/vnd.spring-boot.actuator.v1+json || application/json]}" onto public java.lang.Object org.springframework.boot.actuate.endpoint.mvc.EndpointMvcAdapter.invoke()
2017-09-29 15:33:29.525 [restartedMain] INFO [org.springframework.web.servlet.handler.AbstractHandlerMethodMapping$MappingRegistry.register] - Mapped "{[/resume || /resume.json],methods=[POST]}" onto public java.lang.Object org.springframework.cloud.endpoint.GenericPostableMvcEndpoint.invoke()
2017-09-29 15:33:29.530 [restartedMain] INFO [org.springframework.web.servlet.handler.AbstractHandlerMethodMapping$MappingRegistry.register] - Mapped "{[/refresh || /refresh.json],methods=[POST]}" onto public java.lang.Object org.springframework.cloud.endpoint.GenericPostableMvcEndpoint.invoke()
2017-09-29 15:33:29.530 [restartedMain] INFO [org.springframework.web.servlet.handler.AbstractHandlerMethodMapping$MappingRegistry.register] - Mapped "{[/trace || /trace.json],methods=[GET],produces=[application/vnd.spring-boot.actuator.v1+json || application/json]}" onto public java.lang.Object org.springframework.boot.actuate.endpoint.mvc.EndpointMvcAdapter.invoke()
2017-09-29 15:33:29.532 [restartedMain] INFO [org.springframework.web.servlet.handler.AbstractHandlerMethodMapping$MappingRegistry.register] - Mapped "{[/health || /health.json],methods=[GET],produces=[application/vnd.spring-boot.actuator.v1+json || application/json]}" onto public java.lang.Object org.springframework.boot.actuate.endpoint.mvc.HealthMvcEndpoint.invoke(javax.servlet.http.HttpServletRequest)
2017-09-29 15:33:29.535 [restartedMain] INFO [org.springframework.web.servlet.handler.AbstractHandlerMethodMapping$MappingRegistry.register] - Mapped "{[/mappings || /mappings.json],methods=[GET],produces=[application/vnd.spring-boot.actuator.v1+json || application/json]}" onto public java.lang.Object org.springframework.boot.actuate.endpoint.mvc.EndpointMvcAdapter.invoke()
2017-09-29 15:33:29.536 [restartedMain] INFO [org.springframework.web.servlet.handler.AbstractHandlerMethodMapping$MappingRegistry.register] - Mapped "{[/features || /features.json],methods=[GET],produces=[application/vnd.spring-boot.actuator.v1+json || application/json]}" onto public java.lang.Object org.springframework.boot.actuate.endpoint.mvc.EndpointMvcAdapter.invoke()
2017-09-29 15:33:29.537 [restartedMain] INFO [org.springframework.web.servlet.handler.AbstractHandlerMethodMapping$MappingRegistry.register] - Mapped "{[/routes || /routes.json],methods=[POST]}" onto public java.util.Map<java.lang.String, java.lang.String> org.springframework.cloud.netflix.zuul.RoutesEndpoint.reset()
2017-09-29 15:33:29.537 [restartedMain] INFO [org.springframework.web.servlet.handler.AbstractHandlerMethodMapping$MappingRegistry.register] - Mapped "{[/routes || /routes.json],methods=[GET]}" onto public java.util.Map<java.lang.String, java.lang.String> org.springframework.cloud.netflix.zuul.RoutesEndpoint.getRoutes()
2017-09-29 15:33:29.538 [restartedMain] INFO [org.springframework.web.servlet.handler.AbstractHandlerMethodMapping$MappingRegistry.register] - Mapped "{[/auditevents || /auditevents.json],methods=[GET],produces=[application/vnd.spring-boot.actuator.v1+json || application/json]}" onto public org.springframework.http.ResponseEntity<?> org.springframework.boot.actuate.endpoint.mvc.AuditEventsMvcEndpoint.findByPrincipalAndAfterAndType(java.lang.String,java.util.Date,java.lang.String)
2017-09-29 15:33:29.637 [restartedMain] INFO [org.springframework.web.servlet.handler.AbstractHandlerMethodMapping$MappingRegistry.register] - Mapped "{[/metrics/{name:.*}],methods=[GET],produces=[application/vnd.spring-boot.actuator.v1+json || application/json]}" onto public java.lang.Object org.springframework.boot.actuate.endpoint.mvc.MetricsMvcEndpoint.value(java.lang.String)
2017-09-29 15:33:29.638 [restartedMain] INFO [org.springframework.web.servlet.handler.AbstractHandlerMethodMapping$MappingRegistry.register] - Mapped "{[/metrics || /metrics.json],methods=[GET],produces=[application/vnd.spring-boot.actuator.v1+json || application/json]}" onto public java.lang.Object org.springframework.boot.actuate.endpoint.mvc.EndpointMvcAdapter.invoke()
2017-09-29 15:33:29.638 [restartedMain] INFO [org.springframework.web.servlet.handler.AbstractHandlerMethodMapping$MappingRegistry.register] - Mapped "{[/dump || /dump.json],methods=[GET],produces=[application/vnd.spring-boot.actuator.v1+json || application/json]}" onto public java.lang.Object org.springframework.boot.actuate.endpoint.mvc.EndpointMvcAdapter.invoke()
2017-09-29 15:33:30.133 [restartedMain] INFO [org.springframework.ui.freemarker.SpringTemplateLoader.<init>] - SpringTemplateLoader for FreeMarker: using resource loader [org.springframework.boot.context.embedded.AnnotationConfigEmbeddedWebApplicationContext@64f8d8cb: startup date [Fri Sep 29 15:32:59 CST 2017]; parent: org.springframework.context.annotation.AnnotationConfigApplicationContext@1463f6dc] and template loader path [classpath:/templates/]
2017-09-29 15:33:30.136 [restartedMain] INFO [org.springframework.web.servlet.view.freemarker.FreeMarkerConfigurer.postProcessTemplateLoaders] - ClassTemplateLoader for Spring macros added to FreeMarker configuration
2017-09-29 15:33:33.237 [restartedMain] WARN [org.springframework.boot.devtools.autoconfigure.OptionalLiveReloadServer.startServer] - Unable to start LiveReload server
2017-09-29 15:33:35.826 [restartedMain] INFO [org.springframework.jmx.export.MBeanExporter.afterSingletonsInstantiated] - Registering beans for JMX exposure on startup
2017-09-29 15:33:35.830 [restartedMain] INFO [org.springframework.jmx.export.MBeanExporter.autodetect] - Bean with name 'dataSource' has been autodetected for JMX exposure
2017-09-29 15:33:35.848 [restartedMain] INFO [org.springframework.jmx.export.MBeanExporter.autodetect] - Bean with name 'zuulEndpoint' has been autodetected for JMX exposure
2017-09-29 15:33:35.850 [restartedMain] INFO [org.springframework.jmx.export.MBeanExporter.autodetect] - Bean with name 'refreshScope' has been autodetected for JMX exposure
2017-09-29 15:33:35.856 [restartedMain] INFO [org.springframework.jmx.export.MBeanExporter.autodetect] - Bean with name 'environmentManager' has been autodetected for JMX exposure
2017-09-29 15:33:35.861 [restartedMain] INFO [org.springframework.jmx.export.MBeanExporter.autodetect] - Bean with name 'configurationPropertiesRebinder' has been autodetected for JMX exposure
2017-09-29 15:33:35.862 [restartedMain] INFO [org.springframework.jmx.export.MBeanExporter.autodetect] - Bean with name 'refreshEndpoint' has been autodetected for JMX exposure
2017-09-29 15:33:35.864 [restartedMain] INFO [org.springframework.jmx.export.MBeanExporter.autodetect] - Bean with name 'restartEndpoint' has been autodetected for JMX exposure
2017-09-29 15:33:35.868 [restartedMain] INFO [org.springframework.jmx.export.MBeanExporter.registerBeanInstance] - Located managed bean 'environmentManager': registering with JMX server as MBean [org.springframework.cloud.context.environment:name=environmentManager,type=EnvironmentManager]
2017-09-29 15:33:35.900 [restartedMain] INFO [org.springframework.jmx.export.MBeanExporter.registerBeanInstance] - Located managed bean 'restartEndpoint': registering with JMX server as MBean [org.springframework.cloud.context.restart:name=restartEndpoint,type=RestartEndpoint]
2017-09-29 15:33:35.935 [restartedMain] INFO [org.springframework.jmx.export.MBeanExporter.registerBeanInstance] - Located managed bean 'refreshScope': registering with JMX server as MBean [org.springframework.cloud.context.scope.refresh:name=refreshScope,type=RefreshScope]
2017-09-29 15:33:35.961 [restartedMain] INFO [org.springframework.jmx.export.MBeanExporter.registerBeanInstance] - Located managed bean 'zuulEndpoint': registering with JMX server as MBean [org.springframework.cloud.netflix.zuul:name=zuulEndpoint,type=RoutesEndpoint]
2017-09-29 15:33:35.972 [restartedMain] INFO [org.springframework.jmx.export.MBeanExporter.registerBeanInstance] - Located managed bean 'configurationPropertiesRebinder': registering with JMX server as MBean [org.springframework.cloud.context.properties:name=configurationPropertiesRebinder,context=64f8d8cb,type=ConfigurationPropertiesRebinder]
2017-09-29 15:33:35.984 [restartedMain] INFO [org.springframework.jmx.export.MBeanExporter.registerBeanInstance] - Located MBean 'dataSource': registering with JMX server as MBean [com.alibaba.druid.pool:name=dataSource,type=DruidDataSource]
2017-09-29 15:33:36.937 [restartedMain] INFO [org.springframework.jmx.export.MBeanExporter.registerBeanInstance] - Located managed bean 'refreshEndpoint': registering with JMX server as MBean [org.springframework.cloud.endpoint:name=refreshEndpoint,type=RefreshEndpoint]
2017-09-29 15:33:36.943 [restartedMain] INFO [org.springframework.jmx.export.MBeanExporter.afterSingletonsInstantiated] - Registering beans for JMX exposure on startup
2017-09-29 15:33:37.928 [restartedMain] INFO [org.springframework.context.support.DefaultLifecycleProcessor$LifecycleGroup.start] - Starting beans in phase 0
2017-09-29 15:33:37.942 [restartedMain] INFO [org.springframework.cloud.netflix.eureka.InstanceInfoFactory.create] - Setting initial instance status as: STARTING
2017-09-29 15:33:42.990 [restartedMain] INFO [org.springframework.cloud.netflix.eureka.EurekaDiscoveryClientConfiguration.start] - Registering application gateway with eureka with status UP
2017-09-29 15:33:43.041 [restartedMain] INFO [org.springframework.jmx.export.MBeanExporter.registerBeanInstance] - Located managed bean 'auditEventsEndpoint': registering with JMX server as MBean [org.springframework.boot:type=Endpoint,name=auditEventsEndpoint]
2017-09-29 15:33:43.053 [restartedMain] INFO [org.springframework.jmx.export.MBeanExporter.registerBeanInstance] - Located managed bean 'featuresEndpoint': registering with JMX server as MBean [org.springframework.boot:type=Endpoint,name=featuresEndpoint]
2017-09-29 15:33:43.063 [restartedMain] INFO [org.springframework.jmx.export.MBeanExporter.registerBeanInstance] - Located managed bean 'requestMappingEndpoint': registering with JMX server as MBean [org.springframework.boot:type=Endpoint,name=requestMappingEndpoint]
2017-09-29 15:33:43.069 [restartedMain] INFO [org.springframework.jmx.export.MBeanExporter.registerBeanInstance] - Located managed bean 'environmentEndpoint': registering with JMX server as MBean [org.springframework.boot:type=Endpoint,name=environmentEndpoint]
2017-09-29 15:33:43.089 [restartedMain] INFO [org.springframework.jmx.export.MBeanExporter.registerBeanInstance] - Located managed bean 'healthEndpoint': registering with JMX server as MBean [org.springframework.boot:type=Endpoint,name=healthEndpoint]
2017-09-29 15:33:43.127 [restartedMain] INFO [org.springframework.jmx.export.MBeanExporter.registerBeanInstance] - Located managed bean 'beansEndpoint': registering with JMX server as MBean [org.springframework.boot:type=Endpoint,name=beansEndpoint]
2017-09-29 15:33:43.134 [restartedMain] INFO [org.springframework.jmx.export.MBeanExporter.registerBeanInstance] - Located managed bean 'infoEndpoint': registering with JMX server as MBean [org.springframework.boot:type=Endpoint,name=infoEndpoint]
2017-09-29 15:33:43.153 [restartedMain] INFO [org.springframework.jmx.export.MBeanExporter.registerBeanInstance] - Located managed bean 'loggersEndpoint': registering with JMX server as MBean [org.springframework.boot:type=Endpoint,name=loggersEndpoint]
2017-09-29 15:33:43.174 [restartedMain] INFO [org.springframework.jmx.export.MBeanExporter.registerBeanInstance] - Located managed bean 'metricsEndpoint': registering with JMX server as MBean [org.springframework.boot:type=Endpoint,name=metricsEndpoint]
2017-09-29 15:33:43.183 [restartedMain] INFO [org.springframework.jmx.export.MBeanExporter.registerBeanInstance] - Located managed bean 'traceEndpoint': registering with JMX server as MBean [org.springframework.boot:type=Endpoint,name=traceEndpoint]
2017-09-29 15:33:43.189 [restartedMain] INFO [org.springframework.jmx.export.MBeanExporter.registerBeanInstance] - Located managed bean 'dumpEndpoint': registering with JMX server as MBean [org.springframework.boot:type=Endpoint,name=dumpEndpoint]
2017-09-29 15:33:43.197 [restartedMain] INFO [org.springframework.jmx.export.MBeanExporter.registerBeanInstance] - Located managed bean 'autoConfigurationReportEndpoint': registering with JMX server as MBean [org.springframework.boot:type=Endpoint,name=autoConfigurationReportEndpoint]
2017-09-29 15:33:43.339 [restartedMain] INFO [org.springframework.jmx.export.MBeanExporter.registerBeanInstance] - Located managed bean 'configurationPropertiesReportEndpoint': registering with JMX server as MBean [org.springframework.boot:type=Endpoint,name=configurationPropertiesReportEndpoint]
2017-09-29 15:33:43.367 [restartedMain] INFO [org.springframework.jmx.export.MBeanExporter.registerBeanInstance] - Located managed bean 'archaiusEndpoint': registering with JMX server as MBean [org.springframework.boot:type=Endpoint,name=archaiusEndpoint]
2017-09-29 15:33:43.368 [restartedMain] INFO [org.springframework.context.support.DefaultLifecycleProcessor$LifecycleGroup.start] - Starting beans in phase 2147483647
2017-09-29 15:33:43.378 [restartedMain] INFO [org.springframework.cloud.netflix.hystrix.HystrixCircuitBreakerConfiguration$HystrixMetricsPollerConfiguration.start] - Starting poller
2017-09-29 15:33:43.920 [restartedMain] INFO [org.springframework.boot.context.embedded.tomcat.TomcatEmbeddedServletContainer.start] - Tomcat started on port(s): 8080 (http)
2017-09-29 15:33:43.947 [restartedMain] INFO [org.springframework.cloud.netflix.eureka.EurekaDiscoveryClientConfiguration.onApplicationEvent] - Updating port to 8080
2017-09-29 15:33:51.154 [http-nio-8080-exec-1] INFO [org.springframework.web.servlet.FrameworkServlet.initServletBean] - FrameworkServlet 'dispatcherServlet': initialization started
2017-09-29 15:33:52.674 [http-nio-8080-exec-1] INFO [org.springframework.web.servlet.FrameworkServlet.initServletBean] - FrameworkServlet 'dispatcherServlet': initialization completed in 1520 ms
2017-09-29 15:33:52.766 [http-nio-8080-exec-1] INFO [org.springframework.web.servlet.handler.AbstractUrlHandlerMapping.registerHandler] - Mapped URL path [/orderMgr/**] onto handler of type [class org.springframework.cloud.netflix.zuul.web.ZuulController]
2017-09-29 15:33:52.766 [http-nio-8080-exec-1] INFO [org.springframework.web.servlet.handler.AbstractUrlHandlerMapping.registerHandler] - Mapped URL path [/userMgr/**] onto handler of type [class org.springframework.cloud.netflix.zuul.web.ZuulController]
2017-09-29 15:33:52.766 [http-nio-8080-exec-1] INFO [org.springframework.web.servlet.handler.AbstractUrlHandlerMapping.registerHandler] - Mapped URL path [/registry/**] onto handler of type [class org.springframework.cloud.netflix.zuul.web.ZuulController]
2017-09-29 15:33:55.283 [http-nio-8080-exec-1] WARN [org.springframework.cloud.netflix.zuul.filters.post.SendErrorFilter.run] - Error during filtering
org.apache.http.conn.HttpHostConnectException: Connect to localhost:8081 [localhost/127.0.0.1, localhost/0:0:0:0:0:0:0:1] failed: Connection refused: connect
	at org.apache.http.impl.conn.DefaultHttpClientConnectionOperator.connect(DefaultHttpClientConnectionOperator.java:158) ~[httpclient-4.5.2.jar:4.5.2]
	at org.apache.http.impl.conn.PoolingHttpClientConnectionManager.connect(PoolingHttpClientConnectionManager.java:353) ~[httpclient-4.5.2.jar:4.5.2]
	at org.apache.http.impl.execchain.MainClientExec.establishRoute(MainClientExec.java:380) ~[httpclient-4.5.2.jar:4.5.2]
	at org.apache.http.impl.execchain.MainClientExec.execute(MainClientExec.java:236) ~[httpclient-4.5.2.jar:4.5.2]
	at org.apache.http.impl.execchain.ProtocolExec.execute(ProtocolExec.java:184) ~[httpclient-4.5.2.jar:4.5.2]
	at org.apache.http.impl.execchain.RetryExec.execute(RetryExec.java:88) ~[httpclient-4.5.2.jar:4.5.2]
	at org.apache.http.impl.execchain.RedirectExec.execute(RedirectExec.java:110) ~[httpclient-4.5.2.jar:4.5.2]
	at org.apache.http.impl.client.InternalHttpClient.doExecute(InternalHttpClient.java:184) ~[httpclient-4.5.2.jar:4.5.2]
	at org.apache.http.impl.client.CloseableHttpClient.execute(CloseableHttpClient.java:117) ~[httpclient-4.5.2.jar:4.5.2]
	at org.apache.http.impl.client.CloseableHttpClient.execute(CloseableHttpClient.java:55) ~[httpclient-4.5.2.jar:4.5.2]
	at org.springframework.cloud.netflix.zuul.filters.route.SimpleHostRoutingFilter.forwardRequest(SimpleHostRoutingFilter.java:371) ~[spring-cloud-netflix-core-1.2.5.RELEASE.jar:1.2.5.RELEASE]
	at org.springframework.cloud.netflix.zuul.filters.route.SimpleHostRoutingFilter.forward(SimpleHostRoutingFilter.java:297) ~[spring-cloud-netflix-core-1.2.5.RELEASE.jar:1.2.5.RELEASE]
	at org.springframework.cloud.netflix.zuul.filters.route.SimpleHostRoutingFilter.run(SimpleHostRoutingFilter.java:181) ~[spring-cloud-netflix-core-1.2.5.RELEASE.jar:1.2.5.RELEASE]
	at com.netflix.zuul.ZuulFilter.runFilter(ZuulFilter.java:112) [zuul-core-1.3.0.jar:1.3.0]
	at com.netflix.zuul.FilterProcessor.processZuulFilter(FilterProcessor.java:193) [zuul-core-1.3.0.jar:1.3.0]
	at com.netflix.zuul.FilterProcessor.runFilters(FilterProcessor.java:157) [zuul-core-1.3.0.jar:1.3.0]
	at com.netflix.zuul.FilterProcessor.route(FilterProcessor.java:118) [zuul-core-1.3.0.jar:1.3.0]
	at com.netflix.zuul.ZuulRunner.route(ZuulRunner.java:96) [zuul-core-1.3.0.jar:1.3.0]
	at com.netflix.zuul.http.ZuulServlet.route(ZuulServlet.java:116) [zuul-core-1.3.0.jar:1.3.0]
	at com.netflix.zuul.http.ZuulServlet.service(ZuulServlet.java:81) [zuul-core-1.3.0.jar:1.3.0]
	at org.springframework.web.servlet.mvc.ServletWrappingController.handleRequestInternal(ServletWrappingController.java:157) [spring-webmvc-4.3.6.RELEASE.jar:4.3.6.RELEASE]
	at org.springframework.cloud.netflix.zuul.web.ZuulController.handleRequest(ZuulController.java:44) [spring-cloud-netflix-core-1.2.5.RELEASE.jar:1.2.5.RELEASE]
	at org.springframework.web.servlet.mvc.SimpleControllerHandlerAdapter.handle(SimpleControllerHandlerAdapter.java:50) [spring-webmvc-4.3.6.RELEASE.jar:4.3.6.RELEASE]
	at org.springframework.web.servlet.DispatcherServlet.doDispatch(DispatcherServlet.java:963) [spring-webmvc-4.3.6.RELEASE.jar:4.3.6.RELEASE]
	at org.springframework.web.servlet.DispatcherServlet.doService(DispatcherServlet.java:897) [spring-webmvc-4.3.6.RELEASE.jar:4.3.6.RELEASE]
	at org.springframework.web.servlet.FrameworkServlet.processRequest(FrameworkServlet.java:970) [spring-webmvc-4.3.6.RELEASE.jar:4.3.6.RELEASE]
	at org.springframework.web.servlet.FrameworkServlet.doPost(FrameworkServlet.java:872) [spring-webmvc-4.3.6.RELEASE.jar:4.3.6.RELEASE]
	at javax.servlet.http.HttpServlet.service(HttpServlet.java:648) [tomcat-embed-core-8.5.11.jar:8.5.11]
	at org.springframework.web.servlet.FrameworkServlet.service(FrameworkServlet.java:846) [spring-webmvc-4.3.6.RELEASE.jar:4.3.6.RELEASE]
	at javax.servlet.http.HttpServlet.service(HttpServlet.java:729) [tomcat-embed-core-8.5.11.jar:8.5.11]
	at org.apache.catalina.core.ApplicationFilterChain.internalDoFilter(ApplicationFilterChain.java:230) [tomcat-embed-core-8.5.11.jar:8.5.11]
	at org.apache.catalina.core.ApplicationFilterChain.doFilter(ApplicationFilterChain.java:165) [tomcat-embed-core-8.5.11.jar:8.5.11]
	at org.apache.tomcat.websocket.server.WsFilter.doFilter(WsFilter.java:52) [tomcat-embed-websocket-8.5.11.jar:8.5.11]
	at org.apache.catalina.core.ApplicationFilterChain.internalDoFilter(ApplicationFilterChain.java:192) [tomcat-embed-core-8.5.11.jar:8.5.11]
	at org.apache.catalina.core.ApplicationFilterChain.doFilter(ApplicationFilterChain.java:165) [tomcat-embed-core-8.5.11.jar:8.5.11]
	at org.springframework.boot.web.filter.ApplicationContextHeaderFilter.doFilterInternal(ApplicationContextHeaderFilter.java:55) [spring-boot-1.5.1.RELEASE.jar:1.5.1.RELEASE]
	at org.springframework.web.filter.OncePerRequestFilter.doFilter(OncePerRequestFilter.java:107) [spring-web-4.3.6.RELEASE.jar:4.3.6.RELEASE]
	at org.apache.catalina.core.ApplicationFilterChain.internalDoFilter(ApplicationFilterChain.java:192) [tomcat-embed-core-8.5.11.jar:8.5.11]
	at org.apache.catalina.core.ApplicationFilterChain.doFilter(ApplicationFilterChain.java:165) [tomcat-embed-core-8.5.11.jar:8.5.11]
	at org.springframework.web.filter.CorsFilter.doFilterInternal(CorsFilter.java:96) [spring-web-4.3.6.RELEASE.jar:4.3.6.RELEASE]
	at org.springframework.web.filter.OncePerRequestFilter.doFilter(OncePerRequestFilter.java:107) [spring-web-4.3.6.RELEASE.jar:4.3.6.RELEASE]
	at org.apache.catalina.core.ApplicationFilterChain.internalDoFilter(ApplicationFilterChain.java:192) [tomcat-embed-core-8.5.11.jar:8.5.11]
	at org.apache.catalina.core.ApplicationFilterChain.doFilter(ApplicationFilterChain.java:165) [tomcat-embed-core-8.5.11.jar:8.5.11]
	at org.springframework.boot.actuate.trace.WebRequestTraceFilter.doFilterInternal(WebRequestTraceFilter.java:108) [spring-boot-actuator-1.5.1.RELEASE.jar:1.5.1.RELEASE]
	at org.springframework.web.filter.OncePerRequestFilter.doFilter(OncePerRequestFilter.java:107) [spring-web-4.3.6.RELEASE.jar:4.3.6.RELEASE]
	at org.apache.catalina.core.ApplicationFilterChain.internalDoFilter(ApplicationFilterChain.java:192) [tomcat-embed-core-8.5.11.jar:8.5.11]
	at org.apache.catalina.core.ApplicationFilterChain.doFilter(ApplicationFilterChain.java:165) [tomcat-embed-core-8.5.11.jar:8.5.11]
	at org.springframework.web.filter.RequestContextFilter.doFilterInternal(RequestContextFilter.java:99) [spring-web-4.3.6.RELEASE.jar:4.3.6.RELEASE]
	at org.springframework.web.filter.OncePerRequestFilter.doFilter(OncePerRequestFilter.java:107) [spring-web-4.3.6.RELEASE.jar:4.3.6.RELEASE]
	at org.apache.catalina.core.ApplicationFilterChain.internalDoFilter(ApplicationFilterChain.java:192) [tomcat-embed-core-8.5.11.jar:8.5.11]
	at org.apache.catalina.core.ApplicationFilterChain.doFilter(ApplicationFilterChain.java:165) [tomcat-embed-core-8.5.11.jar:8.5.11]
	at org.springframework.web.filter.HttpPutFormContentFilter.doFilterInternal(HttpPutFormContentFilter.java:105) [spring-web-4.3.6.RELEASE.jar:4.3.6.RELEASE]
	at org.springframework.web.filter.OncePerRequestFilter.doFilter(OncePerRequestFilter.java:107) [spring-web-4.3.6.RELEASE.jar:4.3.6.RELEASE]
	at org.apache.catalina.core.ApplicationFilterChain.internalDoFilter(ApplicationFilterChain.java:192) [tomcat-embed-core-8.5.11.jar:8.5.11]
	at org.apache.catalina.core.ApplicationFilterChain.doFilter(ApplicationFilterChain.java:165) [tomcat-embed-core-8.5.11.jar:8.5.11]
	at org.springframework.web.filter.HiddenHttpMethodFilter.doFilterInternal(HiddenHttpMethodFilter.java:81) [spring-web-4.3.6.RELEASE.jar:4.3.6.RELEASE]
	at org.springframework.web.filter.OncePerRequestFilter.doFilter(OncePerRequestFilter.java:107) [spring-web-4.3.6.RELEASE.jar:4.3.6.RELEASE]
	at org.apache.catalina.core.ApplicationFilterChain.internalDoFilter(ApplicationFilterChain.java:192) [tomcat-embed-core-8.5.11.jar:8.5.11]
	at org.apache.catalina.core.ApplicationFilterChain.doFilter(ApplicationFilterChain.java:165) [tomcat-embed-core-8.5.11.jar:8.5.11]
	at org.springframework.web.filter.CharacterEncodingFilter.doFilterInternal(CharacterEncodingFilter.java:197) [spring-web-4.3.6.RELEASE.jar:4.3.6.RELEASE]
	at org.springframework.web.filter.OncePerRequestFilter.doFilter(OncePerRequestFilter.java:107) [spring-web-4.3.6.RELEASE.jar:4.3.6.RELEASE]
	at org.apache.catalina.core.ApplicationFilterChain.internalDoFilter(ApplicationFilterChain.java:192) [tomcat-embed-core-8.5.11.jar:8.5.11]
	at org.apache.catalina.core.ApplicationFilterChain.doFilter(ApplicationFilterChain.java:165) [tomcat-embed-core-8.5.11.jar:8.5.11]
	at org.springframework.boot.actuate.autoconfigure.MetricsFilter.doFilterInternal(MetricsFilter.java:106) [spring-boot-actuator-1.5.1.RELEASE.jar:1.5.1.RELEASE]
	at org.springframework.web.filter.OncePerRequestFilter.doFilter(OncePerRequestFilter.java:107) [spring-web-4.3.6.RELEASE.jar:4.3.6.RELEASE]
	at org.apache.catalina.core.ApplicationFilterChain.internalDoFilter(ApplicationFilterChain.java:192) [tomcat-embed-core-8.5.11.jar:8.5.11]
	at org.apache.catalina.core.ApplicationFilterChain.doFilter(ApplicationFilterChain.java:165) [tomcat-embed-core-8.5.11.jar:8.5.11]
	at org.apache.catalina.core.StandardWrapperValve.invoke(StandardWrapperValve.java:198) [tomcat-embed-core-8.5.11.jar:8.5.11]
	at org.apache.catalina.core.StandardContextValve.invoke(StandardContextValve.java:96) [tomcat-embed-core-8.5.11.jar:8.5.11]
	at org.apache.catalina.authenticator.AuthenticatorBase.invoke(AuthenticatorBase.java:474) [tomcat-embed-core-8.5.11.jar:8.5.11]
	at org.apache.catalina.core.StandardHostValve.invoke(StandardHostValve.java:140) [tomcat-embed-core-8.5.11.jar:8.5.11]
	at org.apache.catalina.valves.ErrorReportValve.invoke(ErrorReportValve.java:79) [tomcat-embed-core-8.5.11.jar:8.5.11]
	at org.apache.catalina.core.StandardEngineValve.invoke(StandardEngineValve.java:87) [tomcat-embed-core-8.5.11.jar:8.5.11]
	at org.apache.catalina.connector.CoyoteAdapter.service(CoyoteAdapter.java:349) [tomcat-embed-core-8.5.11.jar:8.5.11]
	at org.apache.coyote.http11.Http11Processor.service(Http11Processor.java:783) [tomcat-embed-core-8.5.11.jar:8.5.11]
	at org.apache.coyote.AbstractProcessorLight.process(AbstractProcessorLight.java:66) [tomcat-embed-core-8.5.11.jar:8.5.11]
	at org.apache.coyote.AbstractProtocol$ConnectionHandler.process(AbstractProtocol.java:798) [tomcat-embed-core-8.5.11.jar:8.5.11]
	at org.apache.tomcat.util.net.NioEndpoint$SocketProcessor.doRun(NioEndpoint.java:1434) [tomcat-embed-core-8.5.11.jar:8.5.11]
	at org.apache.tomcat.util.net.SocketProcessorBase.run(SocketProcessorBase.java:49) [tomcat-embed-core-8.5.11.jar:8.5.11]
	at java.util.concurrent.ThreadPoolExecutor.runWorker(ThreadPoolExecutor.java:1142) [?:1.8.0_111]
	at java.util.concurrent.ThreadPoolExecutor$Worker.run(ThreadPoolExecutor.java:617) [?:1.8.0_111]
	at org.apache.tomcat.util.threads.TaskThread$WrappingRunnable.run(TaskThread.java:61) [tomcat-embed-core-8.5.11.jar:8.5.11]
	at java.lang.Thread.run(Thread.java:745) [?:1.8.0_111]
Caused by: java.net.ConnectException: Connection refused: connect
	at java.net.DualStackPlainSocketImpl.waitForConnect(Native Method) ~[?:1.8.0_111]
	at java.net.DualStackPlainSocketImpl.socketConnect(DualStackPlainSocketImpl.java:85) ~[?:1.8.0_111]
	at java.net.AbstractPlainSocketImpl.doConnect(AbstractPlainSocketImpl.java:350) ~[?:1.8.0_111]
	at java.net.AbstractPlainSocketImpl.connectToAddress(AbstractPlainSocketImpl.java:206) ~[?:1.8.0_111]
	at java.net.AbstractPlainSocketImpl.connect(AbstractPlainSocketImpl.java:188) ~[?:1.8.0_111]
	at java.net.PlainSocketImpl.connect(PlainSocketImpl.java:172) ~[?:1.8.0_111]
	at java.net.SocksSocketImpl.connect(SocksSocketImpl.java:392) ~[?:1.8.0_111]
	at java.net.Socket.connect(Socket.java:589) ~[?:1.8.0_111]
	at org.apache.http.conn.socket.PlainConnectionSocketFactory.connectSocket(PlainConnectionSocketFactory.java:74) ~[httpclient-4.5.2.jar:4.5.2]
	at org.apache.http.impl.conn.DefaultHttpClientConnectionOperator.connect(DefaultHttpClientConnectionOperator.java:141) ~[httpclient-4.5.2.jar:4.5.2]
	... 82 more
2017-09-29 15:35:30.849 [http-nio-8080-exec-5] INFO [org.springframework.web.servlet.handler.AbstractUrlHandlerMapping.registerHandler] - Mapped URL path [/order/**] onto handler of type [class org.springframework.cloud.netflix.zuul.web.ZuulController]
2017-09-29 15:35:30.850 [http-nio-8080-exec-5] INFO [org.springframework.web.servlet.handler.AbstractUrlHandlerMapping.registerHandler] - Mapped URL path [/user/**] onto handler of type [class org.springframework.cloud.netflix.zuul.web.ZuulController]
